CRITICAL - 2025-02-18 18:36:50 --> ErrorException: Undefined array key "payment_amount"
[Method: GET, Route: my_lots_and_estates]
in APPPATH\Controllers\MyLotsAndEstatesController.php on line 26.
 1 APPPATH\Controllers\MyLotsAndEstatesController.php(26): CodeIgniter\Debug\Exceptions->errorHandler(2, 'Undefined array key "payment_amount"', 'C:\\xampp\\htdocs\\ghmp-customer\\app\\Controllers\\MyLotsAndEstatesController.php', 26)
 2 SYSTEMPATH\CodeIgniter.php(933): App\Controllers\MyLotsAndEstatesController->index()
 3 SYSTEMPATH\CodeIgniter.php(507): CodeIgniter\CodeIgniter->runController(Object(App\Controllers\MyLotsAndEstatesController))
 4 SYSTEMPATH\CodeIgniter.php(354): CodeIgniter\CodeIgniter->handleRequest(null, Object(Config\Cache), false)
 5 SYSTEMPATH\Boot.php(334): CodeIgniter\CodeIgniter->run()
 6 SYSTEMPATH\Boot.php(67): CodeIgniter\Boot::runCodeIgniter(Object(CodeIgniter\CodeIgniter))
 7 FCPATH\index.php(59): CodeIgniter\Boot::bootWeb(Object(Config\Paths))
ERROR - 2025-02-18 18:42:43 --> mysqli_sql_exception: Unknown column 'cash_sales.asset_id' in 'on clause' in C:\xampp\htdocs\ghmp-customer\system\Database\MySQLi\Connection.php:327
Stack trace:
#0 C:\xampp\htdocs\ghmp-customer\system\Database\MySQLi\Connection.php(327): mysqli->query('SELECT `lot_res...', 0)
#1 C:\xampp\htdocs\ghmp-customer\system\Database\BaseConnection.php(738): CodeIgniter\Database\MySQLi\Connection->execute('SELECT `lot_res...')
#2 C:\xampp\htdocs\ghmp-customer\system\Database\BaseConnection.php(652): CodeIgniter\Database\BaseConnection->simpleQuery('SELECT `lot_res...')
#3 C:\xampp\htdocs\ghmp-customer\app\Models\AssetModel.php(32): CodeIgniter\Database\BaseConnection->query('SELECT `lot_res...')
#4 C:\xampp\htdocs\ghmp-customer\app\Controllers\MyLotsAndEstatesController.php(21): App\Models\AssetModel->getAssetsById('1')
#5 C:\xampp\htdocs\ghmp-customer\system\CodeIgniter.php(933): App\Controllers\MyLotsAndEstatesController->index()
#6 C:\xampp\htdocs\ghmp-customer\system\CodeIgniter.php(507): CodeIgniter\CodeIgniter->runController(Object(App\Controllers\MyLotsAndEstatesController))
#7 C:\xampp\htdocs\ghmp-customer\system\CodeIgniter.php(354): CodeIgniter\CodeIgniter->handleRequest(NULL, Object(Config\Cache), false)
#8 C:\xampp\htdocs\ghmp-customer\system\Boot.php(334): CodeIgniter\CodeIgniter->run()
#9 C:\xampp\htdocs\ghmp-customer\system\Boot.php(67): CodeIgniter\Boot::runCodeIgniter(Object(CodeIgniter\CodeIgniter))
#10 C:\xampp\htdocs\ghmp-customer\public\index.php(59): CodeIgniter\Boot::bootWeb(Object(Config\Paths))
#11 {main}
CRITICAL - 2025-02-18 18:42:43 --> CodeIgniter\Database\Exceptions\DatabaseException: Unknown column 'cash_sales.asset_id' in 'on clause'
[Method: GET, Route: my_lots_and_estates]
in SYSTEMPATH\Database\BaseConnection.php on line 692.
 1 APPPATH\Models\AssetModel.php(32): CodeIgniter\Database\BaseConnection->query('SELECT `lot_reservations`.`lot_id` AS `asset_id`, `lot_reservations`.`reservee_id`, `lot_reservations`.`lot_type` AS `asset_type`, `lot_reservations`.`payment_option`, `lot_reservations`.`reservation_status`, \'lot\' AS asset, COALESCE(cash_sales.payment_amount, 0) AS cash_paid
FROM `lot_reservations`
LEFT JOIN `cash_sales` ON `cash_sales`.`asset_id` = `lot_reservations`.`lot_id` AND `cash_sales`.`asset_type` = \'lot\'
WHERE `lot_reservations`.`reservee_id` = \'1\' UNION SELECT `estate_reservations`.`estate_id` AS `asset_id`, `estate_reservations`.`reservee_id`, `estate_reservations`.`estate_type` AS `asset_type`, `estate_reservations`.`payment_option`, `estate_reservations`.`reservation_status`, \'estate\' AS asset, COALESCE(estate_cash_sales.payment_amount, 0) AS cash_paid
FROM `estate_reservations`
LEFT JOIN `estate_cash_sales` ON `estate_cash_sales`.`asset_id` = `estate_reservations`.`estate_id` AND `estate_cash_sales`.`asset_type` = \'estate\'
WHERE `estate_reservations`.`reservee_id` = \'1\'')
 2 APPPATH\Controllers\MyLotsAndEstatesController.php(21): App\Models\AssetModel->getAssetsById('1')
 3 SYSTEMPATH\CodeIgniter.php(933): App\Controllers\MyLotsAndEstatesController->index()
 4 SYSTEMPATH\CodeIgniter.php(507): CodeIgniter\CodeIgniter->runController(Object(App\Controllers\MyLotsAndEstatesController))
 5 SYSTEMPATH\CodeIgniter.php(354): CodeIgniter\CodeIgniter->handleRequest(null, Object(Config\Cache), false)
 6 SYSTEMPATH\Boot.php(334): CodeIgniter\CodeIgniter->run()
 7 SYSTEMPATH\Boot.php(67): CodeIgniter\Boot::runCodeIgniter(Object(CodeIgniter\CodeIgniter))
 8 FCPATH\index.php(59): CodeIgniter\Boot::bootWeb(Object(Config\Paths))
CRITICAL - 2025-02-18 18:42:43 --> [Caused by] CodeIgniter\Database\Exceptions\DatabaseException: Unknown column 'cash_sales.asset_id' in 'on clause'
in SYSTEMPATH\Database\MySQLi\Connection.php on line 332.
 1 SYSTEMPATH\Database\BaseConnection.php(738): CodeIgniter\Database\MySQLi\Connection->execute('SELECT `lot_reservations`.`lot_id` AS `asset_id`, `lot_reservations`.`reservee_id`, `lot_reservations`.`lot_type` AS `asset_type`, `lot_reservations`.`payment_option`, `lot_reservations`.`reservation_status`, \'lot\' AS asset, COALESCE(cash_sales.payment_amount, 0) AS cash_paid
FROM `lot_reservations`
LEFT JOIN `cash_sales` ON `cash_sales`.`asset_id` = `lot_reservations`.`lot_id` AND `cash_sales`.`asset_type` = \'lot\'
WHERE `lot_reservations`.`reservee_id` = \'1\' UNION SELECT `estate_reservations`.`estate_id` AS `asset_id`, `estate_reservations`.`reservee_id`, `estate_reservations`.`estate_type` AS `asset_type`, `estate_reservations`.`payment_option`, `estate_reservations`.`reservation_status`, \'estate\' AS asset, COALESCE(estate_cash_sales.payment_amount, 0) AS cash_paid
FROM `estate_reservations`
LEFT JOIN `estate_cash_sales` ON `estate_cash_sales`.`asset_id` = `estate_reservations`.`estate_id` AND `estate_cash_sales`.`asset_type` = \'estate\'
WHERE `estate_reservations`.`reservee_id` = \'1\'')
 2 SYSTEMPATH\Database\BaseConnection.php(652): CodeIgniter\Database\BaseConnection->simpleQuery('SELECT `lot_reservations`.`lot_id` AS `asset_id`, `lot_reservations`.`reservee_id`, `lot_reservations`.`lot_type` AS `asset_type`, `lot_reservations`.`payment_option`, `lot_reservations`.`reservation_status`, \'lot\' AS asset, COALESCE(cash_sales.payment_amount, 0) AS cash_paid
FROM `lot_reservations`
LEFT JOIN `cash_sales` ON `cash_sales`.`asset_id` = `lot_reservations`.`lot_id` AND `cash_sales`.`asset_type` = \'lot\'
WHERE `lot_reservations`.`reservee_id` = \'1\' UNION SELECT `estate_reservations`.`estate_id` AS `asset_id`, `estate_reservations`.`reservee_id`, `estate_reservations`.`estate_type` AS `asset_type`, `estate_reservations`.`payment_option`, `estate_reservations`.`reservation_status`, \'estate\' AS asset, COALESCE(estate_cash_sales.payment_amount, 0) AS cash_paid
FROM `estate_reservations`
LEFT JOIN `estate_cash_sales` ON `estate_cash_sales`.`asset_id` = `estate_reservations`.`estate_id` AND `estate_cash_sales`.`asset_type` = \'estate\'
WHERE `estate_reservations`.`reservee_id` = \'1\'')
 3 APPPATH\Models\AssetModel.php(32): CodeIgniter\Database\BaseConnection->query('SELECT `lot_reservations`.`lot_id` AS `asset_id`, `lot_reservations`.`reservee_id`, `lot_reservations`.`lot_type` AS `asset_type`, `lot_reservations`.`payment_option`, `lot_reservations`.`reservation_status`, \'lot\' AS asset, COALESCE(cash_sales.payment_amount, 0) AS cash_paid
FROM `lot_reservations`
LEFT JOIN `cash_sales` ON `cash_sales`.`asset_id` = `lot_reservations`.`lot_id` AND `cash_sales`.`asset_type` = \'lot\'
WHERE `lot_reservations`.`reservee_id` = \'1\' UNION SELECT `estate_reservations`.`estate_id` AS `asset_id`, `estate_reservations`.`reservee_id`, `estate_reservations`.`estate_type` AS `asset_type`, `estate_reservations`.`payment_option`, `estate_reservations`.`reservation_status`, \'estate\' AS asset, COALESCE(estate_cash_sales.payment_amount, 0) AS cash_paid
FROM `estate_reservations`
LEFT JOIN `estate_cash_sales` ON `estate_cash_sales`.`asset_id` = `estate_reservations`.`estate_id` AND `estate_cash_sales`.`asset_type` = \'estate\'
WHERE `estate_reservations`.`reservee_id` = \'1\'')
 4 APPPATH\Controllers\MyLotsAndEstatesController.php(21): App\Models\AssetModel->getAssetsById('1')
 5 SYSTEMPATH\CodeIgniter.php(933): App\Controllers\MyLotsAndEstatesController->index()
 6 SYSTEMPATH\CodeIgniter.php(507): CodeIgniter\CodeIgniter->runController(Object(App\Controllers\MyLotsAndEstatesController))
 7 SYSTEMPATH\CodeIgniter.php(354): CodeIgniter\CodeIgniter->handleRequest(null, Object(Config\Cache), false)
 8 SYSTEMPATH\Boot.php(334): CodeIgniter\CodeIgniter->run()
 9 SYSTEMPATH\Boot.php(67): CodeIgniter\Boot::runCodeIgniter(Object(CodeIgniter\CodeIgniter))
10 FCPATH\index.php(59): CodeIgniter\Boot::bootWeb(Object(Config\Paths))
CRITICAL - 2025-02-18 18:42:43 --> [Caused by] mysqli_sql_exception: Unknown column 'cash_sales.asset_id' in 'on clause'
in SYSTEMPATH\Database\MySQLi\Connection.php on line 327.
 1 SYSTEMPATH\Database\MySQLi\Connection.php(327): mysqli->query('SELECT `lot_reservations`.`lot_id` AS `asset_id`, `lot_reservations`.`reservee_id`, `lot_reservations`.`lot_type` AS `asset_type`, `lot_reservations`.`payment_option`, `lot_reservations`.`reservation_status`, \'lot\' AS asset, COALESCE(cash_sales.payment_amount, 0) AS cash_paid
FROM `lot_reservations`
LEFT JOIN `cash_sales` ON `cash_sales`.`asset_id` = `lot_reservations`.`lot_id` AND `cash_sales`.`asset_type` = \'lot\'
WHERE `lot_reservations`.`reservee_id` = \'1\' UNION SELECT `estate_reservations`.`estate_id` AS `asset_id`, `estate_reservations`.`reservee_id`, `estate_reservations`.`estate_type` AS `asset_type`, `estate_reservations`.`payment_option`, `estate_reservations`.`reservation_status`, \'estate\' AS asset, COALESCE(estate_cash_sales.payment_amount, 0) AS cash_paid
FROM `estate_reservations`
LEFT JOIN `estate_cash_sales` ON `estate_cash_sales`.`asset_id` = `estate_reservations`.`estate_id` AND `estate_cash_sales`.`asset_type` = \'estate\'
WHERE `estate_reservations`.`reservee_id` = \'1\'', 0)
 2 SYSTEMPATH\Database\BaseConnection.php(738): CodeIgniter\Database\MySQLi\Connection->execute('SELECT `lot_reservations`.`lot_id` AS `asset_id`, `lot_reservations`.`reservee_id`, `lot_reservations`.`lot_type` AS `asset_type`, `lot_reservations`.`payment_option`, `lot_reservations`.`reservation_status`, \'lot\' AS asset, COALESCE(cash_sales.payment_amount, 0) AS cash_paid
FROM `lot_reservations`
LEFT JOIN `cash_sales` ON `cash_sales`.`asset_id` = `lot_reservations`.`lot_id` AND `cash_sales`.`asset_type` = \'lot\'
WHERE `lot_reservations`.`reservee_id` = \'1\' UNION SELECT `estate_reservations`.`estate_id` AS `asset_id`, `estate_reservations`.`reservee_id`, `estate_reservations`.`estate_type` AS `asset_type`, `estate_reservations`.`payment_option`, `estate_reservations`.`reservation_status`, \'estate\' AS asset, COALESCE(estate_cash_sales.payment_amount, 0) AS cash_paid
FROM `estate_reservations`
LEFT JOIN `estate_cash_sales` ON `estate_cash_sales`.`asset_id` = `estate_reservations`.`estate_id` AND `estate_cash_sales`.`asset_type` = \'estate\'
WHERE `estate_reservations`.`reservee_id` = \'1\'')
 3 SYSTEMPATH\Database\BaseConnection.php(652): CodeIgniter\Database\BaseConnection->simpleQuery('SELECT `lot_reservations`.`lot_id` AS `asset_id`, `lot_reservations`.`reservee_id`, `lot_reservations`.`lot_type` AS `asset_type`, `lot_reservations`.`payment_option`, `lot_reservations`.`reservation_status`, \'lot\' AS asset, COALESCE(cash_sales.payment_amount, 0) AS cash_paid
FROM `lot_reservations`
LEFT JOIN `cash_sales` ON `cash_sales`.`asset_id` = `lot_reservations`.`lot_id` AND `cash_sales`.`asset_type` = \'lot\'
WHERE `lot_reservations`.`reservee_id` = \'1\' UNION SELECT `estate_reservations`.`estate_id` AS `asset_id`, `estate_reservations`.`reservee_id`, `estate_reservations`.`estate_type` AS `asset_type`, `estate_reservations`.`payment_option`, `estate_reservations`.`reservation_status`, \'estate\' AS asset, COALESCE(estate_cash_sales.payment_amount, 0) AS cash_paid
FROM `estate_reservations`
LEFT JOIN `estate_cash_sales` ON `estate_cash_sales`.`asset_id` = `estate_reservations`.`estate_id` AND `estate_cash_sales`.`asset_type` = \'estate\'
WHERE `estate_reservations`.`reservee_id` = \'1\'')
 4 APPPATH\Models\AssetModel.php(32): CodeIgniter\Database\BaseConnection->query('SELECT `lot_reservations`.`lot_id` AS `asset_id`, `lot_reservations`.`reservee_id`, `lot_reservations`.`lot_type` AS `asset_type`, `lot_reservations`.`payment_option`, `lot_reservations`.`reservation_status`, \'lot\' AS asset, COALESCE(cash_sales.payment_amount, 0) AS cash_paid
FROM `lot_reservations`
LEFT JOIN `cash_sales` ON `cash_sales`.`asset_id` = `lot_reservations`.`lot_id` AND `cash_sales`.`asset_type` = \'lot\'
WHERE `lot_reservations`.`reservee_id` = \'1\' UNION SELECT `estate_reservations`.`estate_id` AS `asset_id`, `estate_reservations`.`reservee_id`, `estate_reservations`.`estate_type` AS `asset_type`, `estate_reservations`.`payment_option`, `estate_reservations`.`reservation_status`, \'estate\' AS asset, COALESCE(estate_cash_sales.payment_amount, 0) AS cash_paid
FROM `estate_reservations`
LEFT JOIN `estate_cash_sales` ON `estate_cash_sales`.`asset_id` = `estate_reservations`.`estate_id` AND `estate_cash_sales`.`asset_type` = \'estate\'
WHERE `estate_reservations`.`reservee_id` = \'1\'')
 5 APPPATH\Controllers\MyLotsAndEstatesController.php(21): App\Models\AssetModel->getAssetsById('1')
 6 SYSTEMPATH\CodeIgniter.php(933): App\Controllers\MyLotsAndEstatesController->index()
 7 SYSTEMPATH\CodeIgniter.php(507): CodeIgniter\CodeIgniter->runController(Object(App\Controllers\MyLotsAndEstatesController))
 8 SYSTEMPATH\CodeIgniter.php(354): CodeIgniter\CodeIgniter->handleRequest(null, Object(Config\Cache), false)
 9 SYSTEMPATH\Boot.php(334): CodeIgniter\CodeIgniter->run()
10 SYSTEMPATH\Boot.php(67): CodeIgniter\Boot::runCodeIgniter(Object(CodeIgniter\CodeIgniter))
11 FCPATH\index.php(59): CodeIgniter\Boot::bootWeb(Object(Config\Paths))
CRITICAL - 2025-02-18 18:45:44 --> ErrorException: Undefined array key "payment_amount"
[Method: GET, Route: my_lots_and_estates]
in APPPATH\Controllers\MyLotsAndEstatesController.php on line 26.
 1 APPPATH\Controllers\MyLotsAndEstatesController.php(26): CodeIgniter\Debug\Exceptions->errorHandler(2, 'Undefined array key "payment_amount"', 'C:\\xampp\\htdocs\\ghmp-customer\\app\\Controllers\\MyLotsAndEstatesController.php', 26)
 2 SYSTEMPATH\CodeIgniter.php(933): App\Controllers\MyLotsAndEstatesController->index()
 3 SYSTEMPATH\CodeIgniter.php(507): CodeIgniter\CodeIgniter->runController(Object(App\Controllers\MyLotsAndEstatesController))
 4 SYSTEMPATH\CodeIgniter.php(354): CodeIgniter\CodeIgniter->handleRequest(null, Object(Config\Cache), false)
 5 SYSTEMPATH\Boot.php(334): CodeIgniter\CodeIgniter->run()
 6 SYSTEMPATH\Boot.php(67): CodeIgniter\Boot::runCodeIgniter(Object(CodeIgniter\CodeIgniter))
 7 FCPATH\index.php(59): CodeIgniter\Boot::bootWeb(Object(Config\Paths))
CRITICAL - 2025-02-18 18:45:45 --> ErrorException: Undefined array key "payment_amount"
[Method: GET, Route: my_lots_and_estates]
in APPPATH\Controllers\MyLotsAndEstatesController.php on line 26.
 1 APPPATH\Controllers\MyLotsAndEstatesController.php(26): CodeIgniter\Debug\Exceptions->errorHandler(2, 'Undefined array key "payment_amount"', 'C:\\xampp\\htdocs\\ghmp-customer\\app\\Controllers\\MyLotsAndEstatesController.php', 26)
 2 SYSTEMPATH\CodeIgniter.php(933): App\Controllers\MyLotsAndEstatesController->index()
 3 SYSTEMPATH\CodeIgniter.php(507): CodeIgniter\CodeIgniter->runController(Object(App\Controllers\MyLotsAndEstatesController))
 4 SYSTEMPATH\CodeIgniter.php(354): CodeIgniter\CodeIgniter->handleRequest(null, Object(Config\Cache), false)
 5 SYSTEMPATH\Boot.php(334): CodeIgniter\CodeIgniter->run()
 6 SYSTEMPATH\Boot.php(67): CodeIgniter\Boot::runCodeIgniter(Object(CodeIgniter\CodeIgniter))
 7 FCPATH\index.php(59): CodeIgniter\Boot::bootWeb(Object(Config\Paths))
