CRITICAL - 2025-02-25 20:09:39 --> ParseError: syntax error, unexpected variable "$routes"
[Method: GET, Route: schedule_memorial_service]
in APPPATH\Config\Routes.php on line 29.
 1 SYSTEMPATH\CodeIgniter.php(821): CodeIgniter\Router\RouteCollection->loadRoutes()
 2 SYSTEMPATH\CodeIgniter.php(455): CodeIgniter\CodeIgniter->tryToRouteIt(null)
 3 SYSTEMPATH\CodeIgniter.php(354): CodeIgniter\CodeIgniter->handleRequest(null, Object(Config\Cache), false)
 4 SYSTEMPATH\Boot.php(334): CodeIgniter\CodeIgniter->run()
 5 SYSTEMPATH\Boot.php(67): CodeIgniter\Boot::runCodeIgniter(Object(CodeIgniter\CodeIgniter))
 6 FCPATH\index.php(59): CodeIgniter\Boot::bootWeb(Object(Config\Paths))
CRITICAL - 2025-02-25 22:42:20 --> ErrorException: Undefined array key "date_of_birth"
[Method: POST, Route: reserve/submitMemorialService]
in APPPATH\Controllers\ScheduleMemorialServiceController.php on line 56.
 1 APPPATH\Controllers\ScheduleMemorialServiceController.php(56): CodeIgniter\Debug\Exceptions->errorHandler(2, 'Undefined array key "date_of_birth"', 'C:\\xampp\\htdocs\\ghmp-customer\\app\\Controllers\\ScheduleMemorialServiceController.php', 56)
 2 SYSTEMPATH\CodeIgniter.php(933): App\Controllers\ScheduleMemorialServiceController->submitMemorialService()
 3 SYSTEMPATH\CodeIgniter.php(507): CodeIgniter\CodeIgniter->runController(Object(App\Controllers\ScheduleMemorialServiceController))
 4 SYSTEMPATH\CodeIgniter.php(354): CodeIgniter\CodeIgniter->handleRequest(null, Object(Config\Cache), false)
 5 SYSTEMPATH\Boot.php(334): CodeIgniter\CodeIgniter->run()
 6 SYSTEMPATH\Boot.php(67): CodeIgniter\Boot::runCodeIgniter(Object(CodeIgniter\CodeIgniter))
 7 FCPATH\index.php(59): CodeIgniter\Boot::bootWeb(Object(Config\Paths))
CRITICAL - 2025-02-25 22:42:32 --> ErrorException: Undefined array key "date_of_birth"
[Method: POST, Route: reserve/submitMemorialService]
in APPPATH\Controllers\ScheduleMemorialServiceController.php on line 56.
 1 APPPATH\Controllers\ScheduleMemorialServiceController.php(56): CodeIgniter\Debug\Exceptions->errorHandler(2, 'Undefined array key "date_of_birth"', 'C:\\xampp\\htdocs\\ghmp-customer\\app\\Controllers\\ScheduleMemorialServiceController.php', 56)
 2 SYSTEMPATH\CodeIgniter.php(933): App\Controllers\ScheduleMemorialServiceController->submitMemorialService()
 3 SYSTEMPATH\CodeIgniter.php(507): CodeIgniter\CodeIgniter->runController(Object(App\Controllers\ScheduleMemorialServiceController))
 4 SYSTEMPATH\CodeIgniter.php(354): CodeIgniter\CodeIgniter->handleRequest(null, Object(Config\Cache), false)
 5 SYSTEMPATH\Boot.php(334): CodeIgniter\CodeIgniter->run()
 6 SYSTEMPATH\Boot.php(67): CodeIgniter\Boot::runCodeIgniter(Object(CodeIgniter\CodeIgniter))
 7 FCPATH\index.php(59): CodeIgniter\Boot::bootWeb(Object(Config\Paths))
CRITICAL - 2025-02-25 22:45:53 --> ErrorException: Undefined array key "date_of_birth"
[Method: POST, Route: reserve/submitMemorialService]
in APPPATH\Controllers\ScheduleMemorialServiceController.php on line 56.
 1 APPPATH\Controllers\ScheduleMemorialServiceController.php(56): CodeIgniter\Debug\Exceptions->errorHandler(2, 'Undefined array key "date_of_birth"', 'C:\\xampp\\htdocs\\ghmp-customer\\app\\Controllers\\ScheduleMemorialServiceController.php', 56)
 2 SYSTEMPATH\CodeIgniter.php(933): App\Controllers\ScheduleMemorialServiceController->submitMemorialService()
 3 SYSTEMPATH\CodeIgniter.php(507): CodeIgniter\CodeIgniter->runController(Object(App\Controllers\ScheduleMemorialServiceController))
 4 SYSTEMPATH\CodeIgniter.php(354): CodeIgniter\CodeIgniter->handleRequest(null, Object(Config\Cache), false)
 5 SYSTEMPATH\Boot.php(334): CodeIgniter\CodeIgniter->run()
 6 SYSTEMPATH\Boot.php(67): CodeIgniter\Boot::runCodeIgniter(Object(CodeIgniter\CodeIgniter))
 7 FCPATH\index.php(59): CodeIgniter\Boot::bootWeb(Object(Config\Paths))
CRITICAL - 2025-02-25 22:46:00 --> ErrorException: Undefined array key "date_of_birth"
[Method: POST, Route: reserve/submitMemorialService]
in APPPATH\Controllers\ScheduleMemorialServiceController.php on line 56.
 1 APPPATH\Controllers\ScheduleMemorialServiceController.php(56): CodeIgniter\Debug\Exceptions->errorHandler(2, 'Undefined array key "date_of_birth"', 'C:\\xampp\\htdocs\\ghmp-customer\\app\\Controllers\\ScheduleMemorialServiceController.php', 56)
 2 SYSTEMPATH\CodeIgniter.php(933): App\Controllers\ScheduleMemorialServiceController->submitMemorialService()
 3 SYSTEMPATH\CodeIgniter.php(507): CodeIgniter\CodeIgniter->runController(Object(App\Controllers\ScheduleMemorialServiceController))
 4 SYSTEMPATH\CodeIgniter.php(354): CodeIgniter\CodeIgniter->handleRequest(null, Object(Config\Cache), false)
 5 SYSTEMPATH\Boot.php(334): CodeIgniter\CodeIgniter->run()
 6 SYSTEMPATH\Boot.php(67): CodeIgniter\Boot::runCodeIgniter(Object(CodeIgniter\CodeIgniter))
 7 FCPATH\index.php(59): CodeIgniter\Boot::bootWeb(Object(Config\Paths))
