CRITICAL - 2025-02-08 13:19:40 --> ErrorException: Trying to access array offset on value of type null
[Method: GET, Route: api/available_estates]
in APPPATH\Controllers\ReserveEstateController.php on line 23.
 1 APPPATH\Controllers\ReserveEstateController.php(23): CodeIgniter\Debug\Exceptions->errorHandler(2, 'Trying to access array offset on value of type null', 'C:\\xampp\\htdocs\\ghmp-customer\\app\\Controllers\\ReserveEstateController.php', 23)
 2 SYSTEMPATH\CodeIgniter.php(933): App\Controllers\ReserveEstateController->getAvailableEstates()
 3 SYSTEMPATH\CodeIgniter.php(507): CodeIgniter\CodeIgniter->runController(Object(App\Controllers\ReserveEstateController))
 4 SYSTEMPATH\CodeIgniter.php(354): CodeIgniter\CodeIgniter->handleRequest(null, Object(Config\Cache), false)
 5 SYSTEMPATH\Boot.php(334): CodeIgniter\CodeIgniter->run()
 6 SYSTEMPATH\Boot.php(67): CodeIgniter\Boot::runCodeIgniter(Object(CodeIgniter\CodeIgniter))
 7 FCPATH\index.php(58): CodeIgniter\Boot::bootWeb(Object(Config\Paths))
CRITICAL - 2025-02-08 13:20:32 --> ErrorException: Trying to access array offset on value of type null
[Method: GET, Route: api/available_estates]
in APPPATH\Controllers\ReserveEstateController.php on line 23.
 1 APPPATH\Controllers\ReserveEstateController.php(23): CodeIgniter\Debug\Exceptions->errorHandler(2, 'Trying to access array offset on value of type null', 'C:\\xampp\\htdocs\\ghmp-customer\\app\\Controllers\\ReserveEstateController.php', 23)
 2 SYSTEMPATH\CodeIgniter.php(933): App\Controllers\ReserveEstateController->getAvailableEstates()
 3 SYSTEMPATH\CodeIgniter.php(507): CodeIgniter\CodeIgniter->runController(Object(App\Controllers\ReserveEstateController))
 4 SYSTEMPATH\CodeIgniter.php(354): CodeIgniter\CodeIgniter->handleRequest(null, Object(Config\Cache), false)
 5 SYSTEMPATH\Boot.php(334): CodeIgniter\CodeIgniter->run()
 6 SYSTEMPATH\Boot.php(67): CodeIgniter\Boot::runCodeIgniter(Object(CodeIgniter\CodeIgniter))
 7 FCPATH\index.php(58): CodeIgniter\Boot::bootWeb(Object(Config\Paths))
CRITICAL - 2025-02-08 13:21:19 --> ErrorException: Trying to access array offset on value of type null
[Method: GET, Route: api/available_estates]
in APPPATH\Controllers\ReserveEstateController.php on line 23.
 1 APPPATH\Controllers\ReserveEstateController.php(23): CodeIgniter\Debug\Exceptions->errorHandler(2, 'Trying to access array offset on value of type null', 'C:\\xampp\\htdocs\\ghmp-customer\\app\\Controllers\\ReserveEstateController.php', 23)
 2 SYSTEMPATH\CodeIgniter.php(933): App\Controllers\ReserveEstateController->getAvailableEstates()
 3 SYSTEMPATH\CodeIgniter.php(507): CodeIgniter\CodeIgniter->runController(Object(App\Controllers\ReserveEstateController))
 4 SYSTEMPATH\CodeIgniter.php(354): CodeIgniter\CodeIgniter->handleRequest(null, Object(Config\Cache), false)
 5 SYSTEMPATH\Boot.php(334): CodeIgniter\CodeIgniter->run()
 6 SYSTEMPATH\Boot.php(67): CodeIgniter\Boot::runCodeIgniter(Object(CodeIgniter\CodeIgniter))
 7 FCPATH\index.php(58): CodeIgniter\Boot::bootWeb(Object(Config\Paths))
CRITICAL - 2025-02-08 13:21:25 --> ErrorException: Trying to access array offset on value of type null
[Method: GET, Route: api/available_estates]
in APPPATH\Controllers\ReserveEstateController.php on line 23.
 1 APPPATH\Controllers\ReserveEstateController.php(23): CodeIgniter\Debug\Exceptions->errorHandler(2, 'Trying to access array offset on value of type null', 'C:\\xampp\\htdocs\\ghmp-customer\\app\\Controllers\\ReserveEstateController.php', 23)
 2 SYSTEMPATH\CodeIgniter.php(933): App\Controllers\ReserveEstateController->getAvailableEstates()
 3 SYSTEMPATH\CodeIgniter.php(507): CodeIgniter\CodeIgniter->runController(Object(App\Controllers\ReserveEstateController))
 4 SYSTEMPATH\CodeIgniter.php(354): CodeIgniter\CodeIgniter->handleRequest(null, Object(Config\Cache), false)
 5 SYSTEMPATH\Boot.php(334): CodeIgniter\CodeIgniter->run()
 6 SYSTEMPATH\Boot.php(67): CodeIgniter\Boot::runCodeIgniter(Object(CodeIgniter\CodeIgniter))
 7 FCPATH\index.php(58): CodeIgniter\Boot::bootWeb(Object(Config\Paths))
CRITICAL - 2025-02-08 13:26:34 --> ErrorException: Trying to access array offset on value of type null
[Method: GET, Route: api/available_estates]
in APPPATH\Controllers\ReserveEstateController.php on line 23.
 1 APPPATH\Controllers\ReserveEstateController.php(23): CodeIgniter\Debug\Exceptions->errorHandler(2, 'Trying to access array offset on value of type null', 'C:\\xampp\\htdocs\\ghmp-customer\\app\\Controllers\\ReserveEstateController.php', 23)
 2 SYSTEMPATH\CodeIgniter.php(933): App\Controllers\ReserveEstateController->getAvailableEstates()
 3 SYSTEMPATH\CodeIgniter.php(507): CodeIgniter\CodeIgniter->runController(Object(App\Controllers\ReserveEstateController))
 4 SYSTEMPATH\CodeIgniter.php(354): CodeIgniter\CodeIgniter->handleRequest(null, Object(Config\Cache), false)
 5 SYSTEMPATH\Boot.php(334): CodeIgniter\CodeIgniter->run()
 6 SYSTEMPATH\Boot.php(67): CodeIgniter\Boot::runCodeIgniter(Object(CodeIgniter\CodeIgniter))
 7 FCPATH\index.php(58): CodeIgniter\Boot::bootWeb(Object(Config\Paths))
CRITICAL - 2025-02-08 13:29:12 --> ErrorException: Trying to access array offset on value of type null
[Method: GET, Route: api/available_estates]
in APPPATH\Controllers\ReserveEstateController.php on line 22.
 1 APPPATH\Controllers\ReserveEstateController.php(22): CodeIgniter\Debug\Exceptions->errorHandler(2, 'Trying to access array offset on value of type null', 'C:\\xampp\\htdocs\\ghmp-customer\\app\\Controllers\\ReserveEstateController.php', 22)
 2 SYSTEMPATH\CodeIgniter.php(933): App\Controllers\ReserveEstateController->getAvailableEstates()
 3 SYSTEMPATH\CodeIgniter.php(507): CodeIgniter\CodeIgniter->runController(Object(App\Controllers\ReserveEstateController))
 4 SYSTEMPATH\CodeIgniter.php(354): CodeIgniter\CodeIgniter->handleRequest(null, Object(Config\Cache), false)
 5 SYSTEMPATH\Boot.php(334): CodeIgniter\CodeIgniter->run()
 6 SYSTEMPATH\Boot.php(67): CodeIgniter\Boot::runCodeIgniter(Object(CodeIgniter\CodeIgniter))
 7 FCPATH\index.php(58): CodeIgniter\Boot::bootWeb(Object(Config\Paths))
CRITICAL - 2025-02-08 13:30:31 --> TypeError: Cannot access offset of type string on string
[Method: GET, Route: api/available_estates]
in APPPATH\Controllers\ReserveEstateController.php on line 23.
 1 SYSTEMPATH\CodeIgniter.php(933): App\Controllers\ReserveEstateController->getAvailableEstates()
 2 SYSTEMPATH\CodeIgniter.php(507): CodeIgniter\CodeIgniter->runController(Object(App\Controllers\ReserveEstateController))
 3 SYSTEMPATH\CodeIgniter.php(354): CodeIgniter\CodeIgniter->handleRequest(null, Object(Config\Cache), false)
 4 SYSTEMPATH\Boot.php(334): CodeIgniter\CodeIgniter->run()
 5 SYSTEMPATH\Boot.php(67): CodeIgniter\Boot::runCodeIgniter(Object(CodeIgniter\CodeIgniter))
 6 FCPATH\index.php(58): CodeIgniter\Boot::bootWeb(Object(Config\Paths))
CRITICAL - 2025-02-08 13:31:01 --> ErrorException: Trying to access array offset on value of type null
[Method: GET, Route: api/available_estates]
in APPPATH\Controllers\ReserveEstateController.php on line 23.
 1 APPPATH\Controllers\ReserveEstateController.php(23): CodeIgniter\Debug\Exceptions->errorHandler(2, 'Trying to access array offset on value of type null', 'C:\\xampp\\htdocs\\ghmp-customer\\app\\Controllers\\ReserveEstateController.php', 23)
 2 SYSTEMPATH\CodeIgniter.php(933): App\Controllers\ReserveEstateController->getAvailableEstates()
 3 SYSTEMPATH\CodeIgniter.php(507): CodeIgniter\CodeIgniter->runController(Object(App\Controllers\ReserveEstateController))
 4 SYSTEMPATH\CodeIgniter.php(354): CodeIgniter\CodeIgniter->handleRequest(null, Object(Config\Cache), false)
 5 SYSTEMPATH\Boot.php(334): CodeIgniter\CodeIgniter->run()
 6 SYSTEMPATH\Boot.php(67): CodeIgniter\Boot::runCodeIgniter(Object(CodeIgniter\CodeIgniter))
 7 FCPATH\index.php(58): CodeIgniter\Boot::bootWeb(Object(Config\Paths))
CRITICAL - 2025-02-08 13:33:21 --> ErrorException: Trying to access array offset on value of type null
[Method: GET, Route: api/available_estates]
in APPPATH\Controllers\ReserveEstateController.php on line 23.
 1 APPPATH\Controllers\ReserveEstateController.php(23): CodeIgniter\Debug\Exceptions->errorHandler(2, 'Trying to access array offset on value of type null', 'C:\\xampp\\htdocs\\ghmp-customer\\app\\Controllers\\ReserveEstateController.php', 23)
 2 SYSTEMPATH\CodeIgniter.php(933): App\Controllers\ReserveEstateController->getAvailableEstates()
 3 SYSTEMPATH\CodeIgniter.php(507): CodeIgniter\CodeIgniter->runController(Object(App\Controllers\ReserveEstateController))
 4 SYSTEMPATH\CodeIgniter.php(354): CodeIgniter\CodeIgniter->handleRequest(null, Object(Config\Cache), false)
 5 SYSTEMPATH\Boot.php(334): CodeIgniter\CodeIgniter->run()
 6 SYSTEMPATH\Boot.php(67): CodeIgniter\Boot::runCodeIgniter(Object(CodeIgniter\CodeIgniter))
 7 FCPATH\index.php(58): CodeIgniter\Boot::bootWeb(Object(Config\Paths))
CRITICAL - 2025-02-08 13:33:22 --> ErrorException: Trying to access array offset on value of type null
[Method: GET, Route: api/available_estates]
in APPPATH\Controllers\ReserveEstateController.php on line 23.
 1 APPPATH\Controllers\ReserveEstateController.php(23): CodeIgniter\Debug\Exceptions->errorHandler(2, 'Trying to access array offset on value of type null', 'C:\\xampp\\htdocs\\ghmp-customer\\app\\Controllers\\ReserveEstateController.php', 23)
 2 SYSTEMPATH\CodeIgniter.php(933): App\Controllers\ReserveEstateController->getAvailableEstates()
 3 SYSTEMPATH\CodeIgniter.php(507): CodeIgniter\CodeIgniter->runController(Object(App\Controllers\ReserveEstateController))
 4 SYSTEMPATH\CodeIgniter.php(354): CodeIgniter\CodeIgniter->handleRequest(null, Object(Config\Cache), false)
 5 SYSTEMPATH\Boot.php(334): CodeIgniter\CodeIgniter->run()
 6 SYSTEMPATH\Boot.php(67): CodeIgniter\Boot::runCodeIgniter(Object(CodeIgniter\CodeIgniter))
 7 FCPATH\index.php(58): CodeIgniter\Boot::bootWeb(Object(Config\Paths))
CRITICAL - 2025-02-08 13:33:22 --> ErrorException: Trying to access array offset on value of type null
[Method: GET, Route: api/available_estates]
in APPPATH\Controllers\ReserveEstateController.php on line 23.
 1 APPPATH\Controllers\ReserveEstateController.php(23): CodeIgniter\Debug\Exceptions->errorHandler(2, 'Trying to access array offset on value of type null', 'C:\\xampp\\htdocs\\ghmp-customer\\app\\Controllers\\ReserveEstateController.php', 23)
 2 SYSTEMPATH\CodeIgniter.php(933): App\Controllers\ReserveEstateController->getAvailableEstates()
 3 SYSTEMPATH\CodeIgniter.php(507): CodeIgniter\CodeIgniter->runController(Object(App\Controllers\ReserveEstateController))
 4 SYSTEMPATH\CodeIgniter.php(354): CodeIgniter\CodeIgniter->handleRequest(null, Object(Config\Cache), false)
 5 SYSTEMPATH\Boot.php(334): CodeIgniter\CodeIgniter->run()
 6 SYSTEMPATH\Boot.php(67): CodeIgniter\Boot::runCodeIgniter(Object(CodeIgniter\CodeIgniter))
 7 FCPATH\index.php(58): CodeIgniter\Boot::bootWeb(Object(Config\Paths))
CRITICAL - 2025-02-08 13:33:24 --> ErrorException: Trying to access array offset on value of type null
[Method: GET, Route: api/available_estates]
in APPPATH\Controllers\ReserveEstateController.php on line 23.
 1 APPPATH\Controllers\ReserveEstateController.php(23): CodeIgniter\Debug\Exceptions->errorHandler(2, 'Trying to access array offset on value of type null', 'C:\\xampp\\htdocs\\ghmp-customer\\app\\Controllers\\ReserveEstateController.php', 23)
 2 SYSTEMPATH\CodeIgniter.php(933): App\Controllers\ReserveEstateController->getAvailableEstates()
 3 SYSTEMPATH\CodeIgniter.php(507): CodeIgniter\CodeIgniter->runController(Object(App\Controllers\ReserveEstateController))
 4 SYSTEMPATH\CodeIgniter.php(354): CodeIgniter\CodeIgniter->handleRequest(null, Object(Config\Cache), false)
 5 SYSTEMPATH\Boot.php(334): CodeIgniter\CodeIgniter->run()
 6 SYSTEMPATH\Boot.php(67): CodeIgniter\Boot::runCodeIgniter(Object(CodeIgniter\CodeIgniter))
 7 FCPATH\index.php(58): CodeIgniter\Boot::bootWeb(Object(Config\Paths))
CRITICAL - 2025-02-08 13:33:24 --> ErrorException: Trying to access array offset on value of type null
[Method: GET, Route: api/available_estates]
in APPPATH\Controllers\ReserveEstateController.php on line 23.
 1 APPPATH\Controllers\ReserveEstateController.php(23): CodeIgniter\Debug\Exceptions->errorHandler(2, 'Trying to access array offset on value of type null', 'C:\\xampp\\htdocs\\ghmp-customer\\app\\Controllers\\ReserveEstateController.php', 23)
 2 SYSTEMPATH\CodeIgniter.php(933): App\Controllers\ReserveEstateController->getAvailableEstates()
 3 SYSTEMPATH\CodeIgniter.php(507): CodeIgniter\CodeIgniter->runController(Object(App\Controllers\ReserveEstateController))
 4 SYSTEMPATH\CodeIgniter.php(354): CodeIgniter\CodeIgniter->handleRequest(null, Object(Config\Cache), false)
 5 SYSTEMPATH\Boot.php(334): CodeIgniter\CodeIgniter->run()
 6 SYSTEMPATH\Boot.php(67): CodeIgniter\Boot::runCodeIgniter(Object(CodeIgniter\CodeIgniter))
 7 FCPATH\index.php(58): CodeIgniter\Boot::bootWeb(Object(Config\Paths))
CRITICAL - 2025-02-08 13:33:24 --> ErrorException: Trying to access array offset on value of type null
[Method: GET, Route: api/available_estates]
in APPPATH\Controllers\ReserveEstateController.php on line 23.
 1 APPPATH\Controllers\ReserveEstateController.php(23): CodeIgniter\Debug\Exceptions->errorHandler(2, 'Trying to access array offset on value of type null', 'C:\\xampp\\htdocs\\ghmp-customer\\app\\Controllers\\ReserveEstateController.php', 23)
 2 SYSTEMPATH\CodeIgniter.php(933): App\Controllers\ReserveEstateController->getAvailableEstates()
 3 SYSTEMPATH\CodeIgniter.php(507): CodeIgniter\CodeIgniter->runController(Object(App\Controllers\ReserveEstateController))
 4 SYSTEMPATH\CodeIgniter.php(354): CodeIgniter\CodeIgniter->handleRequest(null, Object(Config\Cache), false)
 5 SYSTEMPATH\Boot.php(334): CodeIgniter\CodeIgniter->run()
 6 SYSTEMPATH\Boot.php(67): CodeIgniter\Boot::runCodeIgniter(Object(CodeIgniter\CodeIgniter))
 7 FCPATH\index.php(58): CodeIgniter\Boot::bootWeb(Object(Config\Paths))
CRITICAL - 2025-02-08 13:33:24 --> ErrorException: Trying to access array offset on value of type null
[Method: GET, Route: api/available_estates]
in APPPATH\Controllers\ReserveEstateController.php on line 23.
 1 APPPATH\Controllers\ReserveEstateController.php(23): CodeIgniter\Debug\Exceptions->errorHandler(2, 'Trying to access array offset on value of type null', 'C:\\xampp\\htdocs\\ghmp-customer\\app\\Controllers\\ReserveEstateController.php', 23)
 2 SYSTEMPATH\CodeIgniter.php(933): App\Controllers\ReserveEstateController->getAvailableEstates()
 3 SYSTEMPATH\CodeIgniter.php(507): CodeIgniter\CodeIgniter->runController(Object(App\Controllers\ReserveEstateController))
 4 SYSTEMPATH\CodeIgniter.php(354): CodeIgniter\CodeIgniter->handleRequest(null, Object(Config\Cache), false)
 5 SYSTEMPATH\Boot.php(334): CodeIgniter\CodeIgniter->run()
 6 SYSTEMPATH\Boot.php(67): CodeIgniter\Boot::runCodeIgniter(Object(CodeIgniter\CodeIgniter))
 7 FCPATH\index.php(58): CodeIgniter\Boot::bootWeb(Object(Config\Paths))
CRITICAL - 2025-02-08 13:33:24 --> ErrorException: Trying to access array offset on value of type null
[Method: GET, Route: api/available_estates]
in APPPATH\Controllers\ReserveEstateController.php on line 23.
 1 APPPATH\Controllers\ReserveEstateController.php(23): CodeIgniter\Debug\Exceptions->errorHandler(2, 'Trying to access array offset on value of type null', 'C:\\xampp\\htdocs\\ghmp-customer\\app\\Controllers\\ReserveEstateController.php', 23)
 2 SYSTEMPATH\CodeIgniter.php(933): App\Controllers\ReserveEstateController->getAvailableEstates()
 3 SYSTEMPATH\CodeIgniter.php(507): CodeIgniter\CodeIgniter->runController(Object(App\Controllers\ReserveEstateController))
 4 SYSTEMPATH\CodeIgniter.php(354): CodeIgniter\CodeIgniter->handleRequest(null, Object(Config\Cache), false)
 5 SYSTEMPATH\Boot.php(334): CodeIgniter\CodeIgniter->run()
 6 SYSTEMPATH\Boot.php(67): CodeIgniter\Boot::runCodeIgniter(Object(CodeIgniter\CodeIgniter))
 7 FCPATH\index.php(58): CodeIgniter\Boot::bootWeb(Object(Config\Paths))
CRITICAL - 2025-02-08 13:33:25 --> ErrorException: Trying to access array offset on value of type null
[Method: GET, Route: api/available_estates]
in APPPATH\Controllers\ReserveEstateController.php on line 23.
 1 APPPATH\Controllers\ReserveEstateController.php(23): CodeIgniter\Debug\Exceptions->errorHandler(2, 'Trying to access array offset on value of type null', 'C:\\xampp\\htdocs\\ghmp-customer\\app\\Controllers\\ReserveEstateController.php', 23)
 2 SYSTEMPATH\CodeIgniter.php(933): App\Controllers\ReserveEstateController->getAvailableEstates()
 3 SYSTEMPATH\CodeIgniter.php(507): CodeIgniter\CodeIgniter->runController(Object(App\Controllers\ReserveEstateController))
 4 SYSTEMPATH\CodeIgniter.php(354): CodeIgniter\CodeIgniter->handleRequest(null, Object(Config\Cache), false)
 5 SYSTEMPATH\Boot.php(334): CodeIgniter\CodeIgniter->run()
 6 SYSTEMPATH\Boot.php(67): CodeIgniter\Boot::runCodeIgniter(Object(CodeIgniter\CodeIgniter))
 7 FCPATH\index.php(58): CodeIgniter\Boot::bootWeb(Object(Config\Paths))
CRITICAL - 2025-02-08 13:33:25 --> ErrorException: Trying to access array offset on value of type null
[Method: GET, Route: api/available_estates]
in APPPATH\Controllers\ReserveEstateController.php on line 23.
 1 APPPATH\Controllers\ReserveEstateController.php(23): CodeIgniter\Debug\Exceptions->errorHandler(2, 'Trying to access array offset on value of type null', 'C:\\xampp\\htdocs\\ghmp-customer\\app\\Controllers\\ReserveEstateController.php', 23)
 2 SYSTEMPATH\CodeIgniter.php(933): App\Controllers\ReserveEstateController->getAvailableEstates()
 3 SYSTEMPATH\CodeIgniter.php(507): CodeIgniter\CodeIgniter->runController(Object(App\Controllers\ReserveEstateController))
 4 SYSTEMPATH\CodeIgniter.php(354): CodeIgniter\CodeIgniter->handleRequest(null, Object(Config\Cache), false)
 5 SYSTEMPATH\Boot.php(334): CodeIgniter\CodeIgniter->run()
 6 SYSTEMPATH\Boot.php(67): CodeIgniter\Boot::runCodeIgniter(Object(CodeIgniter\CodeIgniter))
 7 FCPATH\index.php(58): CodeIgniter\Boot::bootWeb(Object(Config\Paths))
CRITICAL - 2025-02-08 13:33:25 --> ErrorException: Trying to access array offset on value of type null
[Method: GET, Route: api/available_estates]
in APPPATH\Controllers\ReserveEstateController.php on line 23.
 1 APPPATH\Controllers\ReserveEstateController.php(23): CodeIgniter\Debug\Exceptions->errorHandler(2, 'Trying to access array offset on value of type null', 'C:\\xampp\\htdocs\\ghmp-customer\\app\\Controllers\\ReserveEstateController.php', 23)
 2 SYSTEMPATH\CodeIgniter.php(933): App\Controllers\ReserveEstateController->getAvailableEstates()
 3 SYSTEMPATH\CodeIgniter.php(507): CodeIgniter\CodeIgniter->runController(Object(App\Controllers\ReserveEstateController))
 4 SYSTEMPATH\CodeIgniter.php(354): CodeIgniter\CodeIgniter->handleRequest(null, Object(Config\Cache), false)
 5 SYSTEMPATH\Boot.php(334): CodeIgniter\CodeIgniter->run()
 6 SYSTEMPATH\Boot.php(67): CodeIgniter\Boot::runCodeIgniter(Object(CodeIgniter\CodeIgniter))
 7 FCPATH\index.php(58): CodeIgniter\Boot::bootWeb(Object(Config\Paths))
CRITICAL - 2025-02-08 13:34:27 --> ErrorException: Trying to access array offset on value of type null
[Method: GET, Route: api/available_estates]
in APPPATH\Controllers\ReserveEstateController.php on line 23.
 1 APPPATH\Controllers\ReserveEstateController.php(23): CodeIgniter\Debug\Exceptions->errorHandler(2, 'Trying to access array offset on value of type null', 'C:\\xampp\\htdocs\\ghmp-customer\\app\\Controllers\\ReserveEstateController.php', 23)
 2 SYSTEMPATH\CodeIgniter.php(933): App\Controllers\ReserveEstateController->getAvailableEstates()
 3 SYSTEMPATH\CodeIgniter.php(507): CodeIgniter\CodeIgniter->runController(Object(App\Controllers\ReserveEstateController))
 4 SYSTEMPATH\CodeIgniter.php(354): CodeIgniter\CodeIgniter->handleRequest(null, Object(Config\Cache), false)
 5 SYSTEMPATH\Boot.php(334): CodeIgniter\CodeIgniter->run()
 6 SYSTEMPATH\Boot.php(67): CodeIgniter\Boot::runCodeIgniter(Object(CodeIgniter\CodeIgniter))
 7 FCPATH\index.php(58): CodeIgniter\Boot::bootWeb(Object(Config\Paths))
CRITICAL - 2025-02-08 13:34:42 --> ErrorException: Trying to access array offset on value of type null
[Method: GET, Route: api/available_estates]
in APPPATH\Controllers\ReserveEstateController.php on line 23.
 1 APPPATH\Controllers\ReserveEstateController.php(23): CodeIgniter\Debug\Exceptions->errorHandler(2, 'Trying to access array offset on value of type null', 'C:\\xampp\\htdocs\\ghmp-customer\\app\\Controllers\\ReserveEstateController.php', 23)
 2 SYSTEMPATH\CodeIgniter.php(933): App\Controllers\ReserveEstateController->getAvailableEstates()
 3 SYSTEMPATH\CodeIgniter.php(507): CodeIgniter\CodeIgniter->runController(Object(App\Controllers\ReserveEstateController))
 4 SYSTEMPATH\CodeIgniter.php(354): CodeIgniter\CodeIgniter->handleRequest(null, Object(Config\Cache), false)
 5 SYSTEMPATH\Boot.php(334): CodeIgniter\CodeIgniter->run()
 6 SYSTEMPATH\Boot.php(67): CodeIgniter\Boot::runCodeIgniter(Object(CodeIgniter\CodeIgniter))
 7 FCPATH\index.php(58): CodeIgniter\Boot::bootWeb(Object(Config\Paths))
CRITICAL - 2025-02-08 13:34:44 --> ErrorException: Trying to access array offset on value of type null
[Method: GET, Route: api/available_estates]
in APPPATH\Controllers\ReserveEstateController.php on line 23.
 1 APPPATH\Controllers\ReserveEstateController.php(23): CodeIgniter\Debug\Exceptions->errorHandler(2, 'Trying to access array offset on value of type null', 'C:\\xampp\\htdocs\\ghmp-customer\\app\\Controllers\\ReserveEstateController.php', 23)
 2 SYSTEMPATH\CodeIgniter.php(933): App\Controllers\ReserveEstateController->getAvailableEstates()
 3 SYSTEMPATH\CodeIgniter.php(507): CodeIgniter\CodeIgniter->runController(Object(App\Controllers\ReserveEstateController))
 4 SYSTEMPATH\CodeIgniter.php(354): CodeIgniter\CodeIgniter->handleRequest(null, Object(Config\Cache), false)
 5 SYSTEMPATH\Boot.php(334): CodeIgniter\CodeIgniter->run()
 6 SYSTEMPATH\Boot.php(67): CodeIgniter\Boot::runCodeIgniter(Object(CodeIgniter\CodeIgniter))
 7 FCPATH\index.php(58): CodeIgniter\Boot::bootWeb(Object(Config\Paths))
CRITICAL - 2025-02-08 13:34:57 --> ErrorException: Trying to access array offset on value of type null
[Method: GET, Route: api/available_estates]
in APPPATH\Controllers\ReserveEstateController.php on line 23.
 1 APPPATH\Controllers\ReserveEstateController.php(23): CodeIgniter\Debug\Exceptions->errorHandler(2, 'Trying to access array offset on value of type null', 'C:\\xampp\\htdocs\\ghmp-customer\\app\\Controllers\\ReserveEstateController.php', 23)
 2 SYSTEMPATH\CodeIgniter.php(933): App\Controllers\ReserveEstateController->getAvailableEstates()
 3 SYSTEMPATH\CodeIgniter.php(507): CodeIgniter\CodeIgniter->runController(Object(App\Controllers\ReserveEstateController))
 4 SYSTEMPATH\CodeIgniter.php(354): CodeIgniter\CodeIgniter->handleRequest(null, Object(Config\Cache), false)
 5 SYSTEMPATH\Boot.php(334): CodeIgniter\CodeIgniter->run()
 6 SYSTEMPATH\Boot.php(67): CodeIgniter\Boot::runCodeIgniter(Object(CodeIgniter\CodeIgniter))
 7 FCPATH\index.php(58): CodeIgniter\Boot::bootWeb(Object(Config\Paths))
CRITICAL - 2025-02-08 13:40:19 --> ErrorException: Trying to access array offset on value of type null
[Method: GET, Route: api/available_estates]
in APPPATH\Controllers\ReserveEstateController.php on line 23.
 1 APPPATH\Controllers\ReserveEstateController.php(23): CodeIgniter\Debug\Exceptions->errorHandler(2, 'Trying to access array offset on value of type null', 'C:\\xampp\\htdocs\\ghmp-customer\\app\\Controllers\\ReserveEstateController.php', 23)
 2 SYSTEMPATH\CodeIgniter.php(933): App\Controllers\ReserveEstateController->getAvailableEstates()
 3 SYSTEMPATH\CodeIgniter.php(507): CodeIgniter\CodeIgniter->runController(Object(App\Controllers\ReserveEstateController))
 4 SYSTEMPATH\CodeIgniter.php(354): CodeIgniter\CodeIgniter->handleRequest(null, Object(Config\Cache), false)
 5 SYSTEMPATH\Boot.php(334): CodeIgniter\CodeIgniter->run()
 6 SYSTEMPATH\Boot.php(67): CodeIgniter\Boot::runCodeIgniter(Object(CodeIgniter\CodeIgniter))
 7 FCPATH\index.php(58): CodeIgniter\Boot::bootWeb(Object(Config\Paths))
CRITICAL - 2025-02-08 13:43:12 --> ErrorException: Trying to access array offset on value of type null
[Method: GET, Route: api/available_estates]
in APPPATH\Controllers\ReserveEstateController.php on line 23.
 1 APPPATH\Controllers\ReserveEstateController.php(23): CodeIgniter\Debug\Exceptions->errorHandler(2, 'Trying to access array offset on value of type null', 'C:\\xampp\\htdocs\\ghmp-customer\\app\\Controllers\\ReserveEstateController.php', 23)
 2 SYSTEMPATH\CodeIgniter.php(933): App\Controllers\ReserveEstateController->getAvailableEstates()
 3 SYSTEMPATH\CodeIgniter.php(507): CodeIgniter\CodeIgniter->runController(Object(App\Controllers\ReserveEstateController))
 4 SYSTEMPATH\CodeIgniter.php(354): CodeIgniter\CodeIgniter->handleRequest(null, Object(Config\Cache), false)
 5 SYSTEMPATH\Boot.php(334): CodeIgniter\CodeIgniter->run()
 6 SYSTEMPATH\Boot.php(67): CodeIgniter\Boot::runCodeIgniter(Object(CodeIgniter\CodeIgniter))
 7 FCPATH\index.php(58): CodeIgniter\Boot::bootWeb(Object(Config\Paths))
CRITICAL - 2025-02-08 13:48:13 --> ErrorException: Trying to access array offset on value of type null
[Method: GET, Route: api/available_estates]
in APPPATH\Controllers\ReserveEstateController.php on line 33.
 1 APPPATH\Controllers\ReserveEstateController.php(33): CodeIgniter\Debug\Exceptions->errorHandler(2, 'Trying to access array offset on value of type null', 'C:\\xampp\\htdocs\\ghmp-customer\\app\\Controllers\\ReserveEstateController.php', 33)
 2 SYSTEMPATH\CodeIgniter.php(933): App\Controllers\ReserveEstateController->getAvailableEstates()
 3 SYSTEMPATH\CodeIgniter.php(507): CodeIgniter\CodeIgniter->runController(Object(App\Controllers\ReserveEstateController))
 4 SYSTEMPATH\CodeIgniter.php(354): CodeIgniter\CodeIgniter->handleRequest(null, Object(Config\Cache), false)
 5 SYSTEMPATH\Boot.php(334): CodeIgniter\CodeIgniter->run()
 6 SYSTEMPATH\Boot.php(67): CodeIgniter\Boot::runCodeIgniter(Object(CodeIgniter\CodeIgniter))
 7 FCPATH\index.php(58): CodeIgniter\Boot::bootWeb(Object(Config\Paths))
CRITICAL - 2025-02-08 13:50:11 --> ErrorException: Trying to access array offset on value of type null
[Method: GET, Route: api/available_estates]
in APPPATH\Controllers\ReserveEstateController.php on line 24.
 1 APPPATH\Controllers\ReserveEstateController.php(24): CodeIgniter\Debug\Exceptions->errorHandler(2, 'Trying to access array offset on value of type null', 'C:\\xampp\\htdocs\\ghmp-customer\\app\\Controllers\\ReserveEstateController.php', 24)
 2 SYSTEMPATH\CodeIgniter.php(933): App\Controllers\ReserveEstateController->getAvailableEstates()
 3 SYSTEMPATH\CodeIgniter.php(507): CodeIgniter\CodeIgniter->runController(Object(App\Controllers\ReserveEstateController))
 4 SYSTEMPATH\CodeIgniter.php(354): CodeIgniter\CodeIgniter->handleRequest(null, Object(Config\Cache), false)
 5 SYSTEMPATH\Boot.php(334): CodeIgniter\CodeIgniter->run()
 6 SYSTEMPATH\Boot.php(67): CodeIgniter\Boot::runCodeIgniter(Object(CodeIgniter\CodeIgniter))
 7 FCPATH\index.php(58): CodeIgniter\Boot::bootWeb(Object(Config\Paths))
CRITICAL - 2025-02-08 13:51:57 --> ErrorException: Trying to access array offset on value of type null
[Method: GET, Route: reserve_estate]
in APPPATH\Controllers\ReserveEstateController.php on line 20.
 1 APPPATH\Controllers\ReserveEstateController.php(20): CodeIgniter\Debug\Exceptions->errorHandler(2, 'Trying to access array offset on value of type null', 'C:\\xampp\\htdocs\\ghmp-customer\\app\\Controllers\\ReserveEstateController.php', 20)
 2 SYSTEMPATH\CodeIgniter.php(933): App\Controllers\ReserveEstateController->index()
 3 SYSTEMPATH\CodeIgniter.php(507): CodeIgniter\CodeIgniter->runController(Object(App\Controllers\ReserveEstateController))
 4 SYSTEMPATH\CodeIgniter.php(354): CodeIgniter\CodeIgniter->handleRequest(null, Object(Config\Cache), false)
 5 SYSTEMPATH\Boot.php(334): CodeIgniter\CodeIgniter->run()
 6 SYSTEMPATH\Boot.php(67): CodeIgniter\Boot::runCodeIgniter(Object(CodeIgniter\CodeIgniter))
 7 FCPATH\index.php(58): CodeIgniter\Boot::bootWeb(Object(Config\Paths))
CRITICAL - 2025-02-08 13:52:13 --> ErrorException: Trying to access array offset on value of type null
[Method: GET, Route: reserve_estate]
in APPPATH\Controllers\ReserveEstateController.php on line 20.
 1 APPPATH\Controllers\ReserveEstateController.php(20): CodeIgniter\Debug\Exceptions->errorHandler(2, 'Trying to access array offset on value of type null', 'C:\\xampp\\htdocs\\ghmp-customer\\app\\Controllers\\ReserveEstateController.php', 20)
 2 SYSTEMPATH\CodeIgniter.php(933): App\Controllers\ReserveEstateController->index()
 3 SYSTEMPATH\CodeIgniter.php(507): CodeIgniter\CodeIgniter->runController(Object(App\Controllers\ReserveEstateController))
 4 SYSTEMPATH\CodeIgniter.php(354): CodeIgniter\CodeIgniter->handleRequest(null, Object(Config\Cache), false)
 5 SYSTEMPATH\Boot.php(334): CodeIgniter\CodeIgniter->run()
 6 SYSTEMPATH\Boot.php(67): CodeIgniter\Boot::runCodeIgniter(Object(CodeIgniter\CodeIgniter))
 7 FCPATH\index.php(58): CodeIgniter\Boot::bootWeb(Object(Config\Paths))
CRITICAL - 2025-02-08 13:52:14 --> ErrorException: Trying to access array offset on value of type null
[Method: GET, Route: reserve_estate]
in APPPATH\Controllers\ReserveEstateController.php on line 20.
 1 APPPATH\Controllers\ReserveEstateController.php(20): CodeIgniter\Debug\Exceptions->errorHandler(2, 'Trying to access array offset on value of type null', 'C:\\xampp\\htdocs\\ghmp-customer\\app\\Controllers\\ReserveEstateController.php', 20)
 2 SYSTEMPATH\CodeIgniter.php(933): App\Controllers\ReserveEstateController->index()
 3 SYSTEMPATH\CodeIgniter.php(507): CodeIgniter\CodeIgniter->runController(Object(App\Controllers\ReserveEstateController))
 4 SYSTEMPATH\CodeIgniter.php(354): CodeIgniter\CodeIgniter->handleRequest(null, Object(Config\Cache), false)
 5 SYSTEMPATH\Boot.php(334): CodeIgniter\CodeIgniter->run()
 6 SYSTEMPATH\Boot.php(67): CodeIgniter\Boot::runCodeIgniter(Object(CodeIgniter\CodeIgniter))
 7 FCPATH\index.php(58): CodeIgniter\Boot::bootWeb(Object(Config\Paths))
CRITICAL - 2025-02-08 13:52:14 --> ErrorException: Trying to access array offset on value of type null
[Method: GET, Route: reserve_estate]
in APPPATH\Controllers\ReserveEstateController.php on line 20.
 1 APPPATH\Controllers\ReserveEstateController.php(20): CodeIgniter\Debug\Exceptions->errorHandler(2, 'Trying to access array offset on value of type null', 'C:\\xampp\\htdocs\\ghmp-customer\\app\\Controllers\\ReserveEstateController.php', 20)
 2 SYSTEMPATH\CodeIgniter.php(933): App\Controllers\ReserveEstateController->index()
 3 SYSTEMPATH\CodeIgniter.php(507): CodeIgniter\CodeIgniter->runController(Object(App\Controllers\ReserveEstateController))
 4 SYSTEMPATH\CodeIgniter.php(354): CodeIgniter\CodeIgniter->handleRequest(null, Object(Config\Cache), false)
 5 SYSTEMPATH\Boot.php(334): CodeIgniter\CodeIgniter->run()
 6 SYSTEMPATH\Boot.php(67): CodeIgniter\Boot::runCodeIgniter(Object(CodeIgniter\CodeIgniter))
 7 FCPATH\index.php(58): CodeIgniter\Boot::bootWeb(Object(Config\Paths))
CRITICAL - 2025-02-08 13:52:14 --> ErrorException: Trying to access array offset on value of type null
[Method: GET, Route: reserve_estate]
in APPPATH\Controllers\ReserveEstateController.php on line 20.
 1 APPPATH\Controllers\ReserveEstateController.php(20): CodeIgniter\Debug\Exceptions->errorHandler(2, 'Trying to access array offset on value of type null', 'C:\\xampp\\htdocs\\ghmp-customer\\app\\Controllers\\ReserveEstateController.php', 20)
 2 SYSTEMPATH\CodeIgniter.php(933): App\Controllers\ReserveEstateController->index()
 3 SYSTEMPATH\CodeIgniter.php(507): CodeIgniter\CodeIgniter->runController(Object(App\Controllers\ReserveEstateController))
 4 SYSTEMPATH\CodeIgniter.php(354): CodeIgniter\CodeIgniter->handleRequest(null, Object(Config\Cache), false)
 5 SYSTEMPATH\Boot.php(334): CodeIgniter\CodeIgniter->run()
 6 SYSTEMPATH\Boot.php(67): CodeIgniter\Boot::runCodeIgniter(Object(CodeIgniter\CodeIgniter))
 7 FCPATH\index.php(58): CodeIgniter\Boot::bootWeb(Object(Config\Paths))
CRITICAL - 2025-02-08 13:52:14 --> ErrorException: Trying to access array offset on value of type null
[Method: GET, Route: reserve_estate]
in APPPATH\Controllers\ReserveEstateController.php on line 20.
 1 APPPATH\Controllers\ReserveEstateController.php(20): CodeIgniter\Debug\Exceptions->errorHandler(2, 'Trying to access array offset on value of type null', 'C:\\xampp\\htdocs\\ghmp-customer\\app\\Controllers\\ReserveEstateController.php', 20)
 2 SYSTEMPATH\CodeIgniter.php(933): App\Controllers\ReserveEstateController->index()
 3 SYSTEMPATH\CodeIgniter.php(507): CodeIgniter\CodeIgniter->runController(Object(App\Controllers\ReserveEstateController))
 4 SYSTEMPATH\CodeIgniter.php(354): CodeIgniter\CodeIgniter->handleRequest(null, Object(Config\Cache), false)
 5 SYSTEMPATH\Boot.php(334): CodeIgniter\CodeIgniter->run()
 6 SYSTEMPATH\Boot.php(67): CodeIgniter\Boot::runCodeIgniter(Object(CodeIgniter\CodeIgniter))
 7 FCPATH\index.php(58): CodeIgniter\Boot::bootWeb(Object(Config\Paths))
CRITICAL - 2025-02-08 13:52:14 --> ErrorException: Trying to access array offset on value of type null
[Method: GET, Route: reserve_estate]
in APPPATH\Controllers\ReserveEstateController.php on line 20.
 1 APPPATH\Controllers\ReserveEstateController.php(20): CodeIgniter\Debug\Exceptions->errorHandler(2, 'Trying to access array offset on value of type null', 'C:\\xampp\\htdocs\\ghmp-customer\\app\\Controllers\\ReserveEstateController.php', 20)
 2 SYSTEMPATH\CodeIgniter.php(933): App\Controllers\ReserveEstateController->index()
 3 SYSTEMPATH\CodeIgniter.php(507): CodeIgniter\CodeIgniter->runController(Object(App\Controllers\ReserveEstateController))
 4 SYSTEMPATH\CodeIgniter.php(354): CodeIgniter\CodeIgniter->handleRequest(null, Object(Config\Cache), false)
 5 SYSTEMPATH\Boot.php(334): CodeIgniter\CodeIgniter->run()
 6 SYSTEMPATH\Boot.php(67): CodeIgniter\Boot::runCodeIgniter(Object(CodeIgniter\CodeIgniter))
 7 FCPATH\index.php(58): CodeIgniter\Boot::bootWeb(Object(Config\Paths))
CRITICAL - 2025-02-08 13:52:14 --> ErrorException: Trying to access array offset on value of type null
[Method: GET, Route: reserve_estate]
in APPPATH\Controllers\ReserveEstateController.php on line 20.
 1 APPPATH\Controllers\ReserveEstateController.php(20): CodeIgniter\Debug\Exceptions->errorHandler(2, 'Trying to access array offset on value of type null', 'C:\\xampp\\htdocs\\ghmp-customer\\app\\Controllers\\ReserveEstateController.php', 20)
 2 SYSTEMPATH\CodeIgniter.php(933): App\Controllers\ReserveEstateController->index()
 3 SYSTEMPATH\CodeIgniter.php(507): CodeIgniter\CodeIgniter->runController(Object(App\Controllers\ReserveEstateController))
 4 SYSTEMPATH\CodeIgniter.php(354): CodeIgniter\CodeIgniter->handleRequest(null, Object(Config\Cache), false)
 5 SYSTEMPATH\Boot.php(334): CodeIgniter\CodeIgniter->run()
 6 SYSTEMPATH\Boot.php(67): CodeIgniter\Boot::runCodeIgniter(Object(CodeIgniter\CodeIgniter))
 7 FCPATH\index.php(58): CodeIgniter\Boot::bootWeb(Object(Config\Paths))
CRITICAL - 2025-02-08 13:52:15 --> ErrorException: Trying to access array offset on value of type null
[Method: GET, Route: reserve_estate]
in APPPATH\Controllers\ReserveEstateController.php on line 20.
 1 APPPATH\Controllers\ReserveEstateController.php(20): CodeIgniter\Debug\Exceptions->errorHandler(2, 'Trying to access array offset on value of type null', 'C:\\xampp\\htdocs\\ghmp-customer\\app\\Controllers\\ReserveEstateController.php', 20)
 2 SYSTEMPATH\CodeIgniter.php(933): App\Controllers\ReserveEstateController->index()
 3 SYSTEMPATH\CodeIgniter.php(507): CodeIgniter\CodeIgniter->runController(Object(App\Controllers\ReserveEstateController))
 4 SYSTEMPATH\CodeIgniter.php(354): CodeIgniter\CodeIgniter->handleRequest(null, Object(Config\Cache), false)
 5 SYSTEMPATH\Boot.php(334): CodeIgniter\CodeIgniter->run()
 6 SYSTEMPATH\Boot.php(67): CodeIgniter\Boot::runCodeIgniter(Object(CodeIgniter\CodeIgniter))
 7 FCPATH\index.php(58): CodeIgniter\Boot::bootWeb(Object(Config\Paths))
CRITICAL - 2025-02-08 13:55:23 --> ErrorException: Trying to access array offset on value of type null
[Method: GET, Route: api/available_estates]
in APPPATH\Controllers\ReserveEstateController.php on line 29.
 1 APPPATH\Controllers\ReserveEstateController.php(29): CodeIgniter\Debug\Exceptions->errorHandler(2, 'Trying to access array offset on value of type null', 'C:\\xampp\\htdocs\\ghmp-customer\\app\\Controllers\\ReserveEstateController.php', 29)
 2 SYSTEMPATH\CodeIgniter.php(933): App\Controllers\ReserveEstateController->getAvailableEstates()
 3 SYSTEMPATH\CodeIgniter.php(507): CodeIgniter\CodeIgniter->runController(Object(App\Controllers\ReserveEstateController))
 4 SYSTEMPATH\CodeIgniter.php(354): CodeIgniter\CodeIgniter->handleRequest(null, Object(Config\Cache), false)
 5 SYSTEMPATH\Boot.php(334): CodeIgniter\CodeIgniter->run()
 6 SYSTEMPATH\Boot.php(67): CodeIgniter\Boot::runCodeIgniter(Object(CodeIgniter\CodeIgniter))
 7 FCPATH\index.php(58): CodeIgniter\Boot::bootWeb(Object(Config\Paths))
CRITICAL - 2025-02-08 13:55:40 --> ErrorException: Trying to access array offset on value of type null
[Method: GET, Route: api/available_estates]
in APPPATH\Controllers\ReserveEstateController.php on line 29.
 1 APPPATH\Controllers\ReserveEstateController.php(29): CodeIgniter\Debug\Exceptions->errorHandler(2, 'Trying to access array offset on value of type null', 'C:\\xampp\\htdocs\\ghmp-customer\\app\\Controllers\\ReserveEstateController.php', 29)
 2 SYSTEMPATH\CodeIgniter.php(933): App\Controllers\ReserveEstateController->getAvailableEstates()
 3 SYSTEMPATH\CodeIgniter.php(507): CodeIgniter\CodeIgniter->runController(Object(App\Controllers\ReserveEstateController))
 4 SYSTEMPATH\CodeIgniter.php(354): CodeIgniter\CodeIgniter->handleRequest(null, Object(Config\Cache), false)
 5 SYSTEMPATH\Boot.php(334): CodeIgniter\CodeIgniter->run()
 6 SYSTEMPATH\Boot.php(67): CodeIgniter\Boot::runCodeIgniter(Object(CodeIgniter\CodeIgniter))
 7 FCPATH\index.php(58): CodeIgniter\Boot::bootWeb(Object(Config\Paths))
CRITICAL - 2025-02-08 13:55:47 --> ErrorException: Trying to access array offset on value of type null
[Method: GET, Route: api/available_estates]
in APPPATH\Controllers\ReserveEstateController.php on line 29.
 1 APPPATH\Controllers\ReserveEstateController.php(29): CodeIgniter\Debug\Exceptions->errorHandler(2, 'Trying to access array offset on value of type null', 'C:\\xampp\\htdocs\\ghmp-customer\\app\\Controllers\\ReserveEstateController.php', 29)
 2 SYSTEMPATH\CodeIgniter.php(933): App\Controllers\ReserveEstateController->getAvailableEstates()
 3 SYSTEMPATH\CodeIgniter.php(507): CodeIgniter\CodeIgniter->runController(Object(App\Controllers\ReserveEstateController))
 4 SYSTEMPATH\CodeIgniter.php(354): CodeIgniter\CodeIgniter->handleRequest(null, Object(Config\Cache), false)
 5 SYSTEMPATH\Boot.php(334): CodeIgniter\CodeIgniter->run()
 6 SYSTEMPATH\Boot.php(67): CodeIgniter\Boot::runCodeIgniter(Object(CodeIgniter\CodeIgniter))
 7 FCPATH\index.php(58): CodeIgniter\Boot::bootWeb(Object(Config\Paths))
CRITICAL - 2025-02-08 13:58:16 --> ErrorException: Undefined array key "estate_i"
[Method: GET, Route: api/available_estates]
in APPPATH\Controllers\ReserveEstateController.php on line 28.
 1 APPPATH\Controllers\ReserveEstateController.php(28): CodeIgniter\Debug\Exceptions->errorHandler(2, 'Undefined array key "estate_i"', 'C:\\xampp\\htdocs\\ghmp-customer\\app\\Controllers\\ReserveEstateController.php', 28)
 2 SYSTEMPATH\CodeIgniter.php(933): App\Controllers\ReserveEstateController->getAvailableEstates()
 3 SYSTEMPATH\CodeIgniter.php(507): CodeIgniter\CodeIgniter->runController(Object(App\Controllers\ReserveEstateController))
 4 SYSTEMPATH\CodeIgniter.php(354): CodeIgniter\CodeIgniter->handleRequest(null, Object(Config\Cache), false)
 5 SYSTEMPATH\Boot.php(334): CodeIgniter\CodeIgniter->run()
 6 SYSTEMPATH\Boot.php(67): CodeIgniter\Boot::runCodeIgniter(Object(CodeIgniter\CodeIgniter))
 7 FCPATH\index.php(58): CodeIgniter\Boot::bootWeb(Object(Config\Paths))
CRITICAL - 2025-02-08 13:59:02 --> ErrorException: Trying to access array offset on value of type null
[Method: GET, Route: api/available_estates]
in APPPATH\Controllers\ReserveEstateController.php on line 29.
 1 APPPATH\Controllers\ReserveEstateController.php(29): CodeIgniter\Debug\Exceptions->errorHandler(2, 'Trying to access array offset on value of type null', 'C:\\xampp\\htdocs\\ghmp-customer\\app\\Controllers\\ReserveEstateController.php', 29)
 2 SYSTEMPATH\CodeIgniter.php(933): App\Controllers\ReserveEstateController->getAvailableEstates()
 3 SYSTEMPATH\CodeIgniter.php(507): CodeIgniter\CodeIgniter->runController(Object(App\Controllers\ReserveEstateController))
 4 SYSTEMPATH\CodeIgniter.php(354): CodeIgniter\CodeIgniter->handleRequest(null, Object(Config\Cache), false)
 5 SYSTEMPATH\Boot.php(334): CodeIgniter\CodeIgniter->run()
 6 SYSTEMPATH\Boot.php(67): CodeIgniter\Boot::runCodeIgniter(Object(CodeIgniter\CodeIgniter))
 7 FCPATH\index.php(58): CodeIgniter\Boot::bootWeb(Object(Config\Paths))
CRITICAL - 2025-02-08 13:59:56 --> ErrorException: Trying to access array offset on value of type null
[Method: GET, Route: api/available_estates]
in APPPATH\Controllers\ReserveEstateController.php on line 29.
 1 APPPATH\Controllers\ReserveEstateController.php(29): CodeIgniter\Debug\Exceptions->errorHandler(2, 'Trying to access array offset on value of type null', 'C:\\xampp\\htdocs\\ghmp-customer\\app\\Controllers\\ReserveEstateController.php', 29)
 2 SYSTEMPATH\CodeIgniter.php(933): App\Controllers\ReserveEstateController->getAvailableEstates()
 3 SYSTEMPATH\CodeIgniter.php(507): CodeIgniter\CodeIgniter->runController(Object(App\Controllers\ReserveEstateController))
 4 SYSTEMPATH\CodeIgniter.php(354): CodeIgniter\CodeIgniter->handleRequest(null, Object(Config\Cache), false)
 5 SYSTEMPATH\Boot.php(334): CodeIgniter\CodeIgniter->run()
 6 SYSTEMPATH\Boot.php(67): CodeIgniter\Boot::runCodeIgniter(Object(CodeIgniter\CodeIgniter))
 7 FCPATH\index.php(58): CodeIgniter\Boot::bootWeb(Object(Config\Paths))
CRITICAL - 2025-02-08 14:00:28 --> ErrorException: Trying to access array offset on value of type null
[Method: GET, Route: api/available_estates]
in APPPATH\Controllers\ReserveEstateController.php on line 29.
 1 APPPATH\Controllers\ReserveEstateController.php(29): CodeIgniter\Debug\Exceptions->errorHandler(2, 'Trying to access array offset on value of type null', 'C:\\xampp\\htdocs\\ghmp-customer\\app\\Controllers\\ReserveEstateController.php', 29)
 2 SYSTEMPATH\CodeIgniter.php(933): App\Controllers\ReserveEstateController->getAvailableEstates()
 3 SYSTEMPATH\CodeIgniter.php(507): CodeIgniter\CodeIgniter->runController(Object(App\Controllers\ReserveEstateController))
 4 SYSTEMPATH\CodeIgniter.php(354): CodeIgniter\CodeIgniter->handleRequest(null, Object(Config\Cache), false)
 5 SYSTEMPATH\Boot.php(334): CodeIgniter\CodeIgniter->run()
 6 SYSTEMPATH\Boot.php(67): CodeIgniter\Boot::runCodeIgniter(Object(CodeIgniter\CodeIgniter))
 7 FCPATH\index.php(58): CodeIgniter\Boot::bootWeb(Object(Config\Paths))
CRITICAL - 2025-02-08 14:00:34 --> ErrorException: Trying to access array offset on value of type null
[Method: GET, Route: api/available_estates]
in APPPATH\Controllers\ReserveEstateController.php on line 29.
 1 APPPATH\Controllers\ReserveEstateController.php(29): CodeIgniter\Debug\Exceptions->errorHandler(2, 'Trying to access array offset on value of type null', 'C:\\xampp\\htdocs\\ghmp-customer\\app\\Controllers\\ReserveEstateController.php', 29)
 2 SYSTEMPATH\CodeIgniter.php(933): App\Controllers\ReserveEstateController->getAvailableEstates()
 3 SYSTEMPATH\CodeIgniter.php(507): CodeIgniter\CodeIgniter->runController(Object(App\Controllers\ReserveEstateController))
 4 SYSTEMPATH\CodeIgniter.php(354): CodeIgniter\CodeIgniter->handleRequest(null, Object(Config\Cache), false)
 5 SYSTEMPATH\Boot.php(334): CodeIgniter\CodeIgniter->run()
 6 SYSTEMPATH\Boot.php(67): CodeIgniter\Boot::runCodeIgniter(Object(CodeIgniter\CodeIgniter))
 7 FCPATH\index.php(58): CodeIgniter\Boot::bootWeb(Object(Config\Paths))
CRITICAL - 2025-02-08 14:00:52 --> ErrorException: Trying to access array offset on value of type null
[Method: GET, Route: api/available_estates]
in APPPATH\Controllers\ReserveEstateController.php on line 29.
 1 APPPATH\Controllers\ReserveEstateController.php(29): CodeIgniter\Debug\Exceptions->errorHandler(2, 'Trying to access array offset on value of type null', 'C:\\xampp\\htdocs\\ghmp-customer\\app\\Controllers\\ReserveEstateController.php', 29)
 2 SYSTEMPATH\CodeIgniter.php(933): App\Controllers\ReserveEstateController->getAvailableEstates()
 3 SYSTEMPATH\CodeIgniter.php(507): CodeIgniter\CodeIgniter->runController(Object(App\Controllers\ReserveEstateController))
 4 SYSTEMPATH\CodeIgniter.php(354): CodeIgniter\CodeIgniter->handleRequest(null, Object(Config\Cache), false)
 5 SYSTEMPATH\Boot.php(334): CodeIgniter\CodeIgniter->run()
 6 SYSTEMPATH\Boot.php(67): CodeIgniter\Boot::runCodeIgniter(Object(CodeIgniter\CodeIgniter))
 7 FCPATH\index.php(58): CodeIgniter\Boot::bootWeb(Object(Config\Paths))
CRITICAL - 2025-02-08 14:20:04 --> Error: Cannot use object of type stdClass as array
[Method: GET, Route: api/available_estates]
in APPPATH\Controllers\ReserveEstateController.php on line 31.
 1 SYSTEMPATH\CodeIgniter.php(933): App\Controllers\ReserveEstateController->getAvailableEstates()
 2 SYSTEMPATH\CodeIgniter.php(507): CodeIgniter\CodeIgniter->runController(Object(App\Controllers\ReserveEstateController))
 3 SYSTEMPATH\CodeIgniter.php(354): CodeIgniter\CodeIgniter->handleRequest(null, Object(Config\Cache), false)
 4 SYSTEMPATH\Boot.php(334): CodeIgniter\CodeIgniter->run()
 5 SYSTEMPATH\Boot.php(67): CodeIgniter\Boot::runCodeIgniter(Object(CodeIgniter\CodeIgniter))
 6 FCPATH\index.php(58): CodeIgniter\Boot::bootWeb(Object(Config\Paths))
CRITICAL - 2025-02-08 14:21:19 --> Error: Cannot use object of type stdClass as array
[Method: GET, Route: api/available_estates]
in APPPATH\Controllers\ReserveEstateController.php on line 29.
 1 SYSTEMPATH\CodeIgniter.php(933): App\Controllers\ReserveEstateController->getAvailableEstates()
 2 SYSTEMPATH\CodeIgniter.php(507): CodeIgniter\CodeIgniter->runController(Object(App\Controllers\ReserveEstateController))
 3 SYSTEMPATH\CodeIgniter.php(354): CodeIgniter\CodeIgniter->handleRequest(null, Object(Config\Cache), false)
 4 SYSTEMPATH\Boot.php(334): CodeIgniter\CodeIgniter->run()
 5 SYSTEMPATH\Boot.php(67): CodeIgniter\Boot::runCodeIgniter(Object(CodeIgniter\CodeIgniter))
 6 FCPATH\index.php(58): CodeIgniter\Boot::bootWeb(Object(Config\Paths))
CRITICAL - 2025-02-08 14:33:32 --> ErrorException: Trying to access array offset on value of type null
[Method: GET, Route: api/available_estates]
in APPPATH\Controllers\ReserveEstateController.php on line 27.
 1 APPPATH\Controllers\ReserveEstateController.php(27): CodeIgniter\Debug\Exceptions->errorHandler(2, 'Trying to access array offset on value of type null', 'C:\\xampp\\htdocs\\ghmp-customer\\app\\Controllers\\ReserveEstateController.php', 27)
 2 SYSTEMPATH\CodeIgniter.php(933): App\Controllers\ReserveEstateController->getAvailableEstates()
 3 SYSTEMPATH\CodeIgniter.php(507): CodeIgniter\CodeIgniter->runController(Object(App\Controllers\ReserveEstateController))
 4 SYSTEMPATH\CodeIgniter.php(354): CodeIgniter\CodeIgniter->handleRequest(null, Object(Config\Cache), false)
 5 SYSTEMPATH\Boot.php(334): CodeIgniter\CodeIgniter->run()
 6 SYSTEMPATH\Boot.php(67): CodeIgniter\Boot::runCodeIgniter(Object(CodeIgniter\CodeIgniter))
 7 FCPATH\index.php(58): CodeIgniter\Boot::bootWeb(Object(Config\Paths))
ERROR - 2025-02-08 14:46:14 --> mysqli_sql_exception: Column 'reservee_id' cannot be null in C:\xampp\htdocs\ghmp-customer\system\Database\MySQLi\Connection.php:327
Stack trace:
#0 C:\xampp\htdocs\ghmp-customer\system\Database\MySQLi\Connection.php(327): mysqli->query('INSERT INTO `es...', 0)
#1 C:\xampp\htdocs\ghmp-customer\system\Database\BaseConnection.php(738): CodeIgniter\Database\MySQLi\Connection->execute('INSERT INTO `es...')
#2 C:\xampp\htdocs\ghmp-customer\system\Database\BaseConnection.php(652): CodeIgniter\Database\BaseConnection->simpleQuery('INSERT INTO `es...')
#3 C:\xampp\htdocs\ghmp-customer\system\Database\BaseBuilder.php(2345): CodeIgniter\Database\BaseConnection->query('INSERT INTO `es...', Array, false)
#4 C:\xampp\htdocs\ghmp-customer\system\Model.php(394): CodeIgniter\Database\BaseBuilder->insert()
#5 C:\xampp\htdocs\ghmp-customer\system\BaseModel.php(839): CodeIgniter\Model->doInsert(Array)
#6 C:\xampp\htdocs\ghmp-customer\system\Model.php(800): CodeIgniter\BaseModel->insert(Array, false)
#7 C:\xampp\htdocs\ghmp-customer\system\BaseModel.php(750): CodeIgniter\Model->insert(Array, false)
#8 C:\xampp\htdocs\ghmp-customer\app\Controllers\ReserveEstateController.php(63): CodeIgniter\BaseModel->save(Array)
#9 C:\xampp\htdocs\ghmp-customer\system\CodeIgniter.php(933): App\Controllers\ReserveEstateController->submitReservation()
#10 C:\xampp\htdocs\ghmp-customer\system\CodeIgniter.php(507): CodeIgniter\CodeIgniter->runController(Object(App\Controllers\ReserveEstateController))
#11 C:\xampp\htdocs\ghmp-customer\system\CodeIgniter.php(354): CodeIgniter\CodeIgniter->handleRequest(NULL, Object(Config\Cache), false)
#12 C:\xampp\htdocs\ghmp-customer\system\Boot.php(334): CodeIgniter\CodeIgniter->run()
#13 C:\xampp\htdocs\ghmp-customer\system\Boot.php(67): CodeIgniter\Boot::runCodeIgniter(Object(CodeIgniter\CodeIgniter))
#14 C:\xampp\htdocs\ghmp-customer\public\index.php(58): CodeIgniter\Boot::bootWeb(Object(Config\Paths))
#15 {main}
CRITICAL - 2025-02-08 14:46:14 --> CodeIgniter\Database\Exceptions\DatabaseException: Column 'reservee_id' cannot be null
[Method: POST, Route: reserve/submitReservationEstate]
in SYSTEMPATH\Database\BaseConnection.php on line 692.
 1 SYSTEMPATH\Database\BaseBuilder.php(2345): CodeIgniter\Database\BaseConnection->query('INSERT INTO `estate_reservations` (`reservee_id`, `estate_id`) VALUES (:reservee_id:, :estate_id:)', [...], false)
 2 SYSTEMPATH\Model.php(394): CodeIgniter\Database\BaseBuilder->insert()
 3 SYSTEMPATH\BaseModel.php(839): CodeIgniter\Model->doInsert([...])
 4 SYSTEMPATH\Model.php(800): CodeIgniter\BaseModel->insert([...], false)
 5 SYSTEMPATH\BaseModel.php(750): CodeIgniter\Model->insert([...], false)
 6 APPPATH\Controllers\ReserveEstateController.php(63): CodeIgniter\BaseModel->save([...])
 7 SYSTEMPATH\CodeIgniter.php(933): App\Controllers\ReserveEstateController->submitReservation()
 8 SYSTEMPATH\CodeIgniter.php(507): CodeIgniter\CodeIgniter->runController(Object(App\Controllers\ReserveEstateController))
 9 SYSTEMPATH\CodeIgniter.php(354): CodeIgniter\CodeIgniter->handleRequest(null, Object(Config\Cache), false)
10 SYSTEMPATH\Boot.php(334): CodeIgniter\CodeIgniter->run()
11 SYSTEMPATH\Boot.php(67): CodeIgniter\Boot::runCodeIgniter(Object(CodeIgniter\CodeIgniter))
12 FCPATH\index.php(58): CodeIgniter\Boot::bootWeb(Object(Config\Paths))
CRITICAL - 2025-02-08 14:46:14 --> [Caused by] CodeIgniter\Database\Exceptions\DatabaseException: Column 'reservee_id' cannot be null
in SYSTEMPATH\Database\MySQLi\Connection.php on line 332.
 1 SYSTEMPATH\Database\BaseConnection.php(738): CodeIgniter\Database\MySQLi\Connection->execute('INSERT INTO `estate_reservations` (`reservee_id`, `estate_id`) VALUES (NULL, (\'E-A1\'))')
 2 SYSTEMPATH\Database\BaseConnection.php(652): CodeIgniter\Database\BaseConnection->simpleQuery('INSERT INTO `estate_reservations` (`reservee_id`, `estate_id`) VALUES (NULL, (\'E-A1\'))')
 3 SYSTEMPATH\Database\BaseBuilder.php(2345): CodeIgniter\Database\BaseConnection->query('INSERT INTO `estate_reservations` (`reservee_id`, `estate_id`) VALUES (:reservee_id:, :estate_id:)', [...], false)
 4 SYSTEMPATH\Model.php(394): CodeIgniter\Database\BaseBuilder->insert()
 5 SYSTEMPATH\BaseModel.php(839): CodeIgniter\Model->doInsert([...])
 6 SYSTEMPATH\Model.php(800): CodeIgniter\BaseModel->insert([...], false)
 7 SYSTEMPATH\BaseModel.php(750): CodeIgniter\Model->insert([...], false)
 8 APPPATH\Controllers\ReserveEstateController.php(63): CodeIgniter\BaseModel->save([...])
 9 SYSTEMPATH\CodeIgniter.php(933): App\Controllers\ReserveEstateController->submitReservation()
10 SYSTEMPATH\CodeIgniter.php(507): CodeIgniter\CodeIgniter->runController(Object(App\Controllers\ReserveEstateController))
11 SYSTEMPATH\CodeIgniter.php(354): CodeIgniter\CodeIgniter->handleRequest(null, Object(Config\Cache), false)
12 SYSTEMPATH\Boot.php(334): CodeIgniter\CodeIgniter->run()
13 SYSTEMPATH\Boot.php(67): CodeIgniter\Boot::runCodeIgniter(Object(CodeIgniter\CodeIgniter))
14 FCPATH\index.php(58): CodeIgniter\Boot::bootWeb(Object(Config\Paths))
CRITICAL - 2025-02-08 14:46:14 --> [Caused by] mysqli_sql_exception: Column 'reservee_id' cannot be null
in SYSTEMPATH\Database\MySQLi\Connection.php on line 327.
 1 SYSTEMPATH\Database\MySQLi\Connection.php(327): mysqli->query('INSERT INTO `estate_reservations` (`reservee_id`, `estate_id`) VALUES (NULL, (\'E-A1\'))', 0)
 2 SYSTEMPATH\Database\BaseConnection.php(738): CodeIgniter\Database\MySQLi\Connection->execute('INSERT INTO `estate_reservations` (`reservee_id`, `estate_id`) VALUES (NULL, (\'E-A1\'))')
 3 SYSTEMPATH\Database\BaseConnection.php(652): CodeIgniter\Database\BaseConnection->simpleQuery('INSERT INTO `estate_reservations` (`reservee_id`, `estate_id`) VALUES (NULL, (\'E-A1\'))')
 4 SYSTEMPATH\Database\BaseBuilder.php(2345): CodeIgniter\Database\BaseConnection->query('INSERT INTO `estate_reservations` (`reservee_id`, `estate_id`) VALUES (:reservee_id:, :estate_id:)', [...], false)
 5 SYSTEMPATH\Model.php(394): CodeIgniter\Database\BaseBuilder->insert()
 6 SYSTEMPATH\BaseModel.php(839): CodeIgniter\Model->doInsert([...])
 7 SYSTEMPATH\Model.php(800): CodeIgniter\BaseModel->insert([...], false)
 8 SYSTEMPATH\BaseModel.php(750): CodeIgniter\Model->insert([...], false)
 9 APPPATH\Controllers\ReserveEstateController.php(63): CodeIgniter\BaseModel->save([...])
10 SYSTEMPATH\CodeIgniter.php(933): App\Controllers\ReserveEstateController->submitReservation()
11 SYSTEMPATH\CodeIgniter.php(507): CodeIgniter\CodeIgniter->runController(Object(App\Controllers\ReserveEstateController))
12 SYSTEMPATH\CodeIgniter.php(354): CodeIgniter\CodeIgniter->handleRequest(null, Object(Config\Cache), false)
13 SYSTEMPATH\Boot.php(334): CodeIgniter\CodeIgniter->run()
14 SYSTEMPATH\Boot.php(67): CodeIgniter\Boot::runCodeIgniter(Object(CodeIgniter\CodeIgniter))
15 FCPATH\index.php(58): CodeIgniter\Boot::bootWeb(Object(Config\Paths))
ERROR - 2025-02-08 14:49:18 --> mysqli_sql_exception: Column 'reservee_id' cannot be null in C:\xampp\htdocs\ghmp-customer\system\Database\MySQLi\Connection.php:327
Stack trace:
#0 C:\xampp\htdocs\ghmp-customer\system\Database\MySQLi\Connection.php(327): mysqli->query('INSERT INTO `es...', 0)
#1 C:\xampp\htdocs\ghmp-customer\system\Database\BaseConnection.php(738): CodeIgniter\Database\MySQLi\Connection->execute('INSERT INTO `es...')
#2 C:\xampp\htdocs\ghmp-customer\system\Database\BaseConnection.php(652): CodeIgniter\Database\BaseConnection->simpleQuery('INSERT INTO `es...')
#3 C:\xampp\htdocs\ghmp-customer\system\Database\BaseBuilder.php(2345): CodeIgniter\Database\BaseConnection->query('INSERT INTO `es...', Array, false)
#4 C:\xampp\htdocs\ghmp-customer\system\Model.php(394): CodeIgniter\Database\BaseBuilder->insert()
#5 C:\xampp\htdocs\ghmp-customer\system\BaseModel.php(839): CodeIgniter\Model->doInsert(Array)
#6 C:\xampp\htdocs\ghmp-customer\system\Model.php(800): CodeIgniter\BaseModel->insert(Array, false)
#7 C:\xampp\htdocs\ghmp-customer\system\BaseModel.php(750): CodeIgniter\Model->insert(Array, false)
#8 C:\xampp\htdocs\ghmp-customer\app\Controllers\ReserveEstateController.php(63): CodeIgniter\BaseModel->save(Array)
#9 C:\xampp\htdocs\ghmp-customer\system\CodeIgniter.php(933): App\Controllers\ReserveEstateController->submitReservation()
#10 C:\xampp\htdocs\ghmp-customer\system\CodeIgniter.php(507): CodeIgniter\CodeIgniter->runController(Object(App\Controllers\ReserveEstateController))
#11 C:\xampp\htdocs\ghmp-customer\system\CodeIgniter.php(354): CodeIgniter\CodeIgniter->handleRequest(NULL, Object(Config\Cache), false)
#12 C:\xampp\htdocs\ghmp-customer\system\Boot.php(334): CodeIgniter\CodeIgniter->run()
#13 C:\xampp\htdocs\ghmp-customer\system\Boot.php(67): CodeIgniter\Boot::runCodeIgniter(Object(CodeIgniter\CodeIgniter))
#14 C:\xampp\htdocs\ghmp-customer\public\index.php(58): CodeIgniter\Boot::bootWeb(Object(Config\Paths))
#15 {main}
CRITICAL - 2025-02-08 14:49:18 --> CodeIgniter\Database\Exceptions\DatabaseException: Column 'reservee_id' cannot be null
[Method: POST, Route: reserve/submitReservationEstate]
in SYSTEMPATH\Database\BaseConnection.php on line 692.
 1 SYSTEMPATH\Database\BaseBuilder.php(2345): CodeIgniter\Database\BaseConnection->query('INSERT INTO `estate_reservations` (`reservee_id`, `estate_id`) VALUES (:reservee_id:, :estate_id:)', [...], false)
 2 SYSTEMPATH\Model.php(394): CodeIgniter\Database\BaseBuilder->insert()
 3 SYSTEMPATH\BaseModel.php(839): CodeIgniter\Model->doInsert([...])
 4 SYSTEMPATH\Model.php(800): CodeIgniter\BaseModel->insert([...], false)
 5 SYSTEMPATH\BaseModel.php(750): CodeIgniter\Model->insert([...], false)
 6 APPPATH\Controllers\ReserveEstateController.php(63): CodeIgniter\BaseModel->save([...])
 7 SYSTEMPATH\CodeIgniter.php(933): App\Controllers\ReserveEstateController->submitReservation()
 8 SYSTEMPATH\CodeIgniter.php(507): CodeIgniter\CodeIgniter->runController(Object(App\Controllers\ReserveEstateController))
 9 SYSTEMPATH\CodeIgniter.php(354): CodeIgniter\CodeIgniter->handleRequest(null, Object(Config\Cache), false)
10 SYSTEMPATH\Boot.php(334): CodeIgniter\CodeIgniter->run()
11 SYSTEMPATH\Boot.php(67): CodeIgniter\Boot::runCodeIgniter(Object(CodeIgniter\CodeIgniter))
12 FCPATH\index.php(58): CodeIgniter\Boot::bootWeb(Object(Config\Paths))
CRITICAL - 2025-02-08 14:49:18 --> [Caused by] CodeIgniter\Database\Exceptions\DatabaseException: Column 'reservee_id' cannot be null
in SYSTEMPATH\Database\MySQLi\Connection.php on line 332.
 1 SYSTEMPATH\Database\BaseConnection.php(738): CodeIgniter\Database\MySQLi\Connection->execute('INSERT INTO `estate_reservations` (`reservee_id`, `estate_id`) VALUES (NULL, (\'E-A1\'))')
 2 SYSTEMPATH\Database\BaseConnection.php(652): CodeIgniter\Database\BaseConnection->simpleQuery('INSERT INTO `estate_reservations` (`reservee_id`, `estate_id`) VALUES (NULL, (\'E-A1\'))')
 3 SYSTEMPATH\Database\BaseBuilder.php(2345): CodeIgniter\Database\BaseConnection->query('INSERT INTO `estate_reservations` (`reservee_id`, `estate_id`) VALUES (:reservee_id:, :estate_id:)', [...], false)
 4 SYSTEMPATH\Model.php(394): CodeIgniter\Database\BaseBuilder->insert()
 5 SYSTEMPATH\BaseModel.php(839): CodeIgniter\Model->doInsert([...])
 6 SYSTEMPATH\Model.php(800): CodeIgniter\BaseModel->insert([...], false)
 7 SYSTEMPATH\BaseModel.php(750): CodeIgniter\Model->insert([...], false)
 8 APPPATH\Controllers\ReserveEstateController.php(63): CodeIgniter\BaseModel->save([...])
 9 SYSTEMPATH\CodeIgniter.php(933): App\Controllers\ReserveEstateController->submitReservation()
10 SYSTEMPATH\CodeIgniter.php(507): CodeIgniter\CodeIgniter->runController(Object(App\Controllers\ReserveEstateController))
11 SYSTEMPATH\CodeIgniter.php(354): CodeIgniter\CodeIgniter->handleRequest(null, Object(Config\Cache), false)
12 SYSTEMPATH\Boot.php(334): CodeIgniter\CodeIgniter->run()
13 SYSTEMPATH\Boot.php(67): CodeIgniter\Boot::runCodeIgniter(Object(CodeIgniter\CodeIgniter))
14 FCPATH\index.php(58): CodeIgniter\Boot::bootWeb(Object(Config\Paths))
CRITICAL - 2025-02-08 14:49:18 --> [Caused by] mysqli_sql_exception: Column 'reservee_id' cannot be null
in SYSTEMPATH\Database\MySQLi\Connection.php on line 327.
 1 SYSTEMPATH\Database\MySQLi\Connection.php(327): mysqli->query('INSERT INTO `estate_reservations` (`reservee_id`, `estate_id`) VALUES (NULL, (\'E-A1\'))', 0)
 2 SYSTEMPATH\Database\BaseConnection.php(738): CodeIgniter\Database\MySQLi\Connection->execute('INSERT INTO `estate_reservations` (`reservee_id`, `estate_id`) VALUES (NULL, (\'E-A1\'))')
 3 SYSTEMPATH\Database\BaseConnection.php(652): CodeIgniter\Database\BaseConnection->simpleQuery('INSERT INTO `estate_reservations` (`reservee_id`, `estate_id`) VALUES (NULL, (\'E-A1\'))')
 4 SYSTEMPATH\Database\BaseBuilder.php(2345): CodeIgniter\Database\BaseConnection->query('INSERT INTO `estate_reservations` (`reservee_id`, `estate_id`) VALUES (:reservee_id:, :estate_id:)', [...], false)
 5 SYSTEMPATH\Model.php(394): CodeIgniter\Database\BaseBuilder->insert()
 6 SYSTEMPATH\BaseModel.php(839): CodeIgniter\Model->doInsert([...])
 7 SYSTEMPATH\Model.php(800): CodeIgniter\BaseModel->insert([...], false)
 8 SYSTEMPATH\BaseModel.php(750): CodeIgniter\Model->insert([...], false)
 9 APPPATH\Controllers\ReserveEstateController.php(63): CodeIgniter\BaseModel->save([...])
10 SYSTEMPATH\CodeIgniter.php(933): App\Controllers\ReserveEstateController->submitReservation()
11 SYSTEMPATH\CodeIgniter.php(507): CodeIgniter\CodeIgniter->runController(Object(App\Controllers\ReserveEstateController))
12 SYSTEMPATH\CodeIgniter.php(354): CodeIgniter\CodeIgniter->handleRequest(null, Object(Config\Cache), false)
13 SYSTEMPATH\Boot.php(334): CodeIgniter\CodeIgniter->run()
14 SYSTEMPATH\Boot.php(67): CodeIgniter\Boot::runCodeIgniter(Object(CodeIgniter\CodeIgniter))
15 FCPATH\index.php(58): CodeIgniter\Boot::bootWeb(Object(Config\Paths))
ERROR - 2025-02-08 14:52:23 --> mysqli_sql_exception: Column 'reservee_id' cannot be null in C:\xampp\htdocs\ghmp-customer\system\Database\MySQLi\Connection.php:327
Stack trace:
#0 C:\xampp\htdocs\ghmp-customer\system\Database\MySQLi\Connection.php(327): mysqli->query('INSERT INTO `es...', 0)
#1 C:\xampp\htdocs\ghmp-customer\system\Database\BaseConnection.php(738): CodeIgniter\Database\MySQLi\Connection->execute('INSERT INTO `es...')
#2 C:\xampp\htdocs\ghmp-customer\system\Database\BaseConnection.php(652): CodeIgniter\Database\BaseConnection->simpleQuery('INSERT INTO `es...')
#3 C:\xampp\htdocs\ghmp-customer\system\Database\BaseBuilder.php(2345): CodeIgniter\Database\BaseConnection->query('INSERT INTO `es...', Array, false)
#4 C:\xampp\htdocs\ghmp-customer\system\Model.php(394): CodeIgniter\Database\BaseBuilder->insert()
#5 C:\xampp\htdocs\ghmp-customer\system\BaseModel.php(839): CodeIgniter\Model->doInsert(Array)
#6 C:\xampp\htdocs\ghmp-customer\system\Model.php(800): CodeIgniter\BaseModel->insert(Array, false)
#7 C:\xampp\htdocs\ghmp-customer\system\BaseModel.php(750): CodeIgniter\Model->insert(Array, false)
#8 C:\xampp\htdocs\ghmp-customer\app\Controllers\ReserveEstateController.php(64): CodeIgniter\BaseModel->save(Array)
#9 C:\xampp\htdocs\ghmp-customer\system\CodeIgniter.php(933): App\Controllers\ReserveEstateController->submitReservation()
#10 C:\xampp\htdocs\ghmp-customer\system\CodeIgniter.php(507): CodeIgniter\CodeIgniter->runController(Object(App\Controllers\ReserveEstateController))
#11 C:\xampp\htdocs\ghmp-customer\system\CodeIgniter.php(354): CodeIgniter\CodeIgniter->handleRequest(NULL, Object(Config\Cache), false)
#12 C:\xampp\htdocs\ghmp-customer\system\Boot.php(334): CodeIgniter\CodeIgniter->run()
#13 C:\xampp\htdocs\ghmp-customer\system\Boot.php(67): CodeIgniter\Boot::runCodeIgniter(Object(CodeIgniter\CodeIgniter))
#14 C:\xampp\htdocs\ghmp-customer\public\index.php(58): CodeIgniter\Boot::bootWeb(Object(Config\Paths))
#15 {main}
CRITICAL - 2025-02-08 14:52:23 --> CodeIgniter\Database\Exceptions\DatabaseException: Column 'reservee_id' cannot be null
[Method: POST, Route: reserve/submitReservationEstate]
in SYSTEMPATH\Database\BaseConnection.php on line 692.
 1 SYSTEMPATH\Database\BaseBuilder.php(2345): CodeIgniter\Database\BaseConnection->query('INSERT INTO `estate_reservations` (`reservee_id`, `estate_id`) VALUES (:reservee_id:, :estate_id:)', [...], false)
 2 SYSTEMPATH\Model.php(394): CodeIgniter\Database\BaseBuilder->insert()
 3 SYSTEMPATH\BaseModel.php(839): CodeIgniter\Model->doInsert([...])
 4 SYSTEMPATH\Model.php(800): CodeIgniter\BaseModel->insert([...], false)
 5 SYSTEMPATH\BaseModel.php(750): CodeIgniter\Model->insert([...], false)
 6 APPPATH\Controllers\ReserveEstateController.php(64): CodeIgniter\BaseModel->save([...])
 7 SYSTEMPATH\CodeIgniter.php(933): App\Controllers\ReserveEstateController->submitReservation()
 8 SYSTEMPATH\CodeIgniter.php(507): CodeIgniter\CodeIgniter->runController(Object(App\Controllers\ReserveEstateController))
 9 SYSTEMPATH\CodeIgniter.php(354): CodeIgniter\CodeIgniter->handleRequest(null, Object(Config\Cache), false)
10 SYSTEMPATH\Boot.php(334): CodeIgniter\CodeIgniter->run()
11 SYSTEMPATH\Boot.php(67): CodeIgniter\Boot::runCodeIgniter(Object(CodeIgniter\CodeIgniter))
12 FCPATH\index.php(58): CodeIgniter\Boot::bootWeb(Object(Config\Paths))
CRITICAL - 2025-02-08 14:52:23 --> [Caused by] CodeIgniter\Database\Exceptions\DatabaseException: Column 'reservee_id' cannot be null
in SYSTEMPATH\Database\MySQLi\Connection.php on line 332.
 1 SYSTEMPATH\Database\BaseConnection.php(738): CodeIgniter\Database\MySQLi\Connection->execute('INSERT INTO `estate_reservations` (`reservee_id`, `estate_id`) VALUES (NULL, \'E-A1\')')
 2 SYSTEMPATH\Database\BaseConnection.php(652): CodeIgniter\Database\BaseConnection->simpleQuery('INSERT INTO `estate_reservations` (`reservee_id`, `estate_id`) VALUES (NULL, \'E-A1\')')
 3 SYSTEMPATH\Database\BaseBuilder.php(2345): CodeIgniter\Database\BaseConnection->query('INSERT INTO `estate_reservations` (`reservee_id`, `estate_id`) VALUES (:reservee_id:, :estate_id:)', [...], false)
 4 SYSTEMPATH\Model.php(394): CodeIgniter\Database\BaseBuilder->insert()
 5 SYSTEMPATH\BaseModel.php(839): CodeIgniter\Model->doInsert([...])
 6 SYSTEMPATH\Model.php(800): CodeIgniter\BaseModel->insert([...], false)
 7 SYSTEMPATH\BaseModel.php(750): CodeIgniter\Model->insert([...], false)
 8 APPPATH\Controllers\ReserveEstateController.php(64): CodeIgniter\BaseModel->save([...])
 9 SYSTEMPATH\CodeIgniter.php(933): App\Controllers\ReserveEstateController->submitReservation()
10 SYSTEMPATH\CodeIgniter.php(507): CodeIgniter\CodeIgniter->runController(Object(App\Controllers\ReserveEstateController))
11 SYSTEMPATH\CodeIgniter.php(354): CodeIgniter\CodeIgniter->handleRequest(null, Object(Config\Cache), false)
12 SYSTEMPATH\Boot.php(334): CodeIgniter\CodeIgniter->run()
13 SYSTEMPATH\Boot.php(67): CodeIgniter\Boot::runCodeIgniter(Object(CodeIgniter\CodeIgniter))
14 FCPATH\index.php(58): CodeIgniter\Boot::bootWeb(Object(Config\Paths))
CRITICAL - 2025-02-08 14:52:23 --> [Caused by] mysqli_sql_exception: Column 'reservee_id' cannot be null
in SYSTEMPATH\Database\MySQLi\Connection.php on line 327.
 1 SYSTEMPATH\Database\MySQLi\Connection.php(327): mysqli->query('INSERT INTO `estate_reservations` (`reservee_id`, `estate_id`) VALUES (NULL, \'E-A1\')', 0)
 2 SYSTEMPATH\Database\BaseConnection.php(738): CodeIgniter\Database\MySQLi\Connection->execute('INSERT INTO `estate_reservations` (`reservee_id`, `estate_id`) VALUES (NULL, \'E-A1\')')
 3 SYSTEMPATH\Database\BaseConnection.php(652): CodeIgniter\Database\BaseConnection->simpleQuery('INSERT INTO `estate_reservations` (`reservee_id`, `estate_id`) VALUES (NULL, \'E-A1\')')
 4 SYSTEMPATH\Database\BaseBuilder.php(2345): CodeIgniter\Database\BaseConnection->query('INSERT INTO `estate_reservations` (`reservee_id`, `estate_id`) VALUES (:reservee_id:, :estate_id:)', [...], false)
 5 SYSTEMPATH\Model.php(394): CodeIgniter\Database\BaseBuilder->insert()
 6 SYSTEMPATH\BaseModel.php(839): CodeIgniter\Model->doInsert([...])
 7 SYSTEMPATH\Model.php(800): CodeIgniter\BaseModel->insert([...], false)
 8 SYSTEMPATH\BaseModel.php(750): CodeIgniter\Model->insert([...], false)
 9 APPPATH\Controllers\ReserveEstateController.php(64): CodeIgniter\BaseModel->save([...])
10 SYSTEMPATH\CodeIgniter.php(933): App\Controllers\ReserveEstateController->submitReservation()
11 SYSTEMPATH\CodeIgniter.php(507): CodeIgniter\CodeIgniter->runController(Object(App\Controllers\ReserveEstateController))
12 SYSTEMPATH\CodeIgniter.php(354): CodeIgniter\CodeIgniter->handleRequest(null, Object(Config\Cache), false)
13 SYSTEMPATH\Boot.php(334): CodeIgniter\CodeIgniter->run()
14 SYSTEMPATH\Boot.php(67): CodeIgniter\Boot::runCodeIgniter(Object(CodeIgniter\CodeIgniter))
15 FCPATH\index.php(58): CodeIgniter\Boot::bootWeb(Object(Config\Paths))
ERROR - 2025-02-08 14:57:34 --> mysqli_sql_exception: Column 'reservee_id' cannot be null in C:\xampp\htdocs\ghmp-customer\system\Database\MySQLi\Connection.php:327
Stack trace:
#0 C:\xampp\htdocs\ghmp-customer\system\Database\MySQLi\Connection.php(327): mysqli->query('INSERT INTO `es...', 0)
#1 C:\xampp\htdocs\ghmp-customer\system\Database\BaseConnection.php(738): CodeIgniter\Database\MySQLi\Connection->execute('INSERT INTO `es...')
#2 C:\xampp\htdocs\ghmp-customer\system\Database\BaseConnection.php(652): CodeIgniter\Database\BaseConnection->simpleQuery('INSERT INTO `es...')
#3 C:\xampp\htdocs\ghmp-customer\system\Database\BaseBuilder.php(2345): CodeIgniter\Database\BaseConnection->query('INSERT INTO `es...', Array, false)
#4 C:\xampp\htdocs\ghmp-customer\system\Model.php(394): CodeIgniter\Database\BaseBuilder->insert()
#5 C:\xampp\htdocs\ghmp-customer\system\BaseModel.php(839): CodeIgniter\Model->doInsert(Array)
#6 C:\xampp\htdocs\ghmp-customer\system\Model.php(800): CodeIgniter\BaseModel->insert(Array, false)
#7 C:\xampp\htdocs\ghmp-customer\system\BaseModel.php(750): CodeIgniter\Model->insert(Array, false)
#8 C:\xampp\htdocs\ghmp-customer\app\Controllers\ReserveEstateController.php(66): CodeIgniter\BaseModel->save(Array)
#9 C:\xampp\htdocs\ghmp-customer\system\CodeIgniter.php(933): App\Controllers\ReserveEstateController->submitReservation()
#10 C:\xampp\htdocs\ghmp-customer\system\CodeIgniter.php(507): CodeIgniter\CodeIgniter->runController(Object(App\Controllers\ReserveEstateController))
#11 C:\xampp\htdocs\ghmp-customer\system\CodeIgniter.php(354): CodeIgniter\CodeIgniter->handleRequest(NULL, Object(Config\Cache), false)
#12 C:\xampp\htdocs\ghmp-customer\system\Boot.php(334): CodeIgniter\CodeIgniter->run()
#13 C:\xampp\htdocs\ghmp-customer\system\Boot.php(67): CodeIgniter\Boot::runCodeIgniter(Object(CodeIgniter\CodeIgniter))
#14 C:\xampp\htdocs\ghmp-customer\public\index.php(58): CodeIgniter\Boot::bootWeb(Object(Config\Paths))
#15 {main}
CRITICAL - 2025-02-08 14:57:34 --> CodeIgniter\Database\Exceptions\DatabaseException: Column 'reservee_id' cannot be null
[Method: POST, Route: reserve/submitReservationEstate]
in SYSTEMPATH\Database\BaseConnection.php on line 692.
 1 SYSTEMPATH\Database\BaseBuilder.php(2345): CodeIgniter\Database\BaseConnection->query('INSERT INTO `estate_reservations` (`reservee_id`, `estate_id`, `estate_type`) VALUES (:reservee_id:, :estate_id:, :estate_type:)', [...], false)
 2 SYSTEMPATH\Model.php(394): CodeIgniter\Database\BaseBuilder->insert()
 3 SYSTEMPATH\BaseModel.php(839): CodeIgniter\Model->doInsert([...])
 4 SYSTEMPATH\Model.php(800): CodeIgniter\BaseModel->insert([...], false)
 5 SYSTEMPATH\BaseModel.php(750): CodeIgniter\Model->insert([...], false)
 6 APPPATH\Controllers\ReserveEstateController.php(66): CodeIgniter\BaseModel->save([...])
 7 SYSTEMPATH\CodeIgniter.php(933): App\Controllers\ReserveEstateController->submitReservation()
 8 SYSTEMPATH\CodeIgniter.php(507): CodeIgniter\CodeIgniter->runController(Object(App\Controllers\ReserveEstateController))
 9 SYSTEMPATH\CodeIgniter.php(354): CodeIgniter\CodeIgniter->handleRequest(null, Object(Config\Cache), false)
10 SYSTEMPATH\Boot.php(334): CodeIgniter\CodeIgniter->run()
11 SYSTEMPATH\Boot.php(67): CodeIgniter\Boot::runCodeIgniter(Object(CodeIgniter\CodeIgniter))
12 FCPATH\index.php(58): CodeIgniter\Boot::bootWeb(Object(Config\Paths))
CRITICAL - 2025-02-08 14:57:34 --> [Caused by] CodeIgniter\Database\Exceptions\DatabaseException: Column 'reservee_id' cannot be null
in SYSTEMPATH\Database\MySQLi\Connection.php on line 332.
 1 SYSTEMPATH\Database\BaseConnection.php(738): CodeIgniter\Database\MySQLi\Connection->execute('INSERT INTO `estate_reservations` (`reservee_id`, `estate_id`, `estate_type`) VALUES (NULL, \'E-A1\', \'A\')')
 2 SYSTEMPATH\Database\BaseConnection.php(652): CodeIgniter\Database\BaseConnection->simpleQuery('INSERT INTO `estate_reservations` (`reservee_id`, `estate_id`, `estate_type`) VALUES (NULL, \'E-A1\', \'A\')')
 3 SYSTEMPATH\Database\BaseBuilder.php(2345): CodeIgniter\Database\BaseConnection->query('INSERT INTO `estate_reservations` (`reservee_id`, `estate_id`, `estate_type`) VALUES (:reservee_id:, :estate_id:, :estate_type:)', [...], false)
 4 SYSTEMPATH\Model.php(394): CodeIgniter\Database\BaseBuilder->insert()
 5 SYSTEMPATH\BaseModel.php(839): CodeIgniter\Model->doInsert([...])
 6 SYSTEMPATH\Model.php(800): CodeIgniter\BaseModel->insert([...], false)
 7 SYSTEMPATH\BaseModel.php(750): CodeIgniter\Model->insert([...], false)
 8 APPPATH\Controllers\ReserveEstateController.php(66): CodeIgniter\BaseModel->save([...])
 9 SYSTEMPATH\CodeIgniter.php(933): App\Controllers\ReserveEstateController->submitReservation()
10 SYSTEMPATH\CodeIgniter.php(507): CodeIgniter\CodeIgniter->runController(Object(App\Controllers\ReserveEstateController))
11 SYSTEMPATH\CodeIgniter.php(354): CodeIgniter\CodeIgniter->handleRequest(null, Object(Config\Cache), false)
12 SYSTEMPATH\Boot.php(334): CodeIgniter\CodeIgniter->run()
13 SYSTEMPATH\Boot.php(67): CodeIgniter\Boot::runCodeIgniter(Object(CodeIgniter\CodeIgniter))
14 FCPATH\index.php(58): CodeIgniter\Boot::bootWeb(Object(Config\Paths))
CRITICAL - 2025-02-08 14:57:34 --> [Caused by] mysqli_sql_exception: Column 'reservee_id' cannot be null
in SYSTEMPATH\Database\MySQLi\Connection.php on line 327.
 1 SYSTEMPATH\Database\MySQLi\Connection.php(327): mysqli->query('INSERT INTO `estate_reservations` (`reservee_id`, `estate_id`, `estate_type`) VALUES (NULL, \'E-A1\', \'A\')', 0)
 2 SYSTEMPATH\Database\BaseConnection.php(738): CodeIgniter\Database\MySQLi\Connection->execute('INSERT INTO `estate_reservations` (`reservee_id`, `estate_id`, `estate_type`) VALUES (NULL, \'E-A1\', \'A\')')
 3 SYSTEMPATH\Database\BaseConnection.php(652): CodeIgniter\Database\BaseConnection->simpleQuery('INSERT INTO `estate_reservations` (`reservee_id`, `estate_id`, `estate_type`) VALUES (NULL, \'E-A1\', \'A\')')
 4 SYSTEMPATH\Database\BaseBuilder.php(2345): CodeIgniter\Database\BaseConnection->query('INSERT INTO `estate_reservations` (`reservee_id`, `estate_id`, `estate_type`) VALUES (:reservee_id:, :estate_id:, :estate_type:)', [...], false)
 5 SYSTEMPATH\Model.php(394): CodeIgniter\Database\BaseBuilder->insert()
 6 SYSTEMPATH\BaseModel.php(839): CodeIgniter\Model->doInsert([...])
 7 SYSTEMPATH\Model.php(800): CodeIgniter\BaseModel->insert([...], false)
 8 SYSTEMPATH\BaseModel.php(750): CodeIgniter\Model->insert([...], false)
 9 APPPATH\Controllers\ReserveEstateController.php(66): CodeIgniter\BaseModel->save([...])
10 SYSTEMPATH\CodeIgniter.php(933): App\Controllers\ReserveEstateController->submitReservation()
11 SYSTEMPATH\CodeIgniter.php(507): CodeIgniter\CodeIgniter->runController(Object(App\Controllers\ReserveEstateController))
12 SYSTEMPATH\CodeIgniter.php(354): CodeIgniter\CodeIgniter->handleRequest(null, Object(Config\Cache), false)
13 SYSTEMPATH\Boot.php(334): CodeIgniter\CodeIgniter->run()
14 SYSTEMPATH\Boot.php(67): CodeIgniter\Boot::runCodeIgniter(Object(CodeIgniter\CodeIgniter))
15 FCPATH\index.php(58): CodeIgniter\Boot::bootWeb(Object(Config\Paths))
CRITICAL - 2025-02-08 15:02:12 --> ErrorException: Undefined variable $pricing
[Method: GET, Route: select_payment_option/391d603b4fd3cd14eb28726f71dd2fcf7abf0bf90ecc444be5cc1046f2c0b190c6adda6bf950bf35ba652111ef5abd17b2985a1a587030a1f92ee88ad83665c6f967b4e07d5bc045339d8a638d21e2317eb959ef/0709536ea8e85e132334a15d30104a719315e93d7184655e0c038e2a4a24fbf4457714a49cb8925e5c2d4d0bd9d948fe6bb27ef3353768ca0fc4e1434bbc137261fcb47eebedc098828a50b67578860fbb]
in APPPATH\Controllers\MyLotsAndEstatesController.php on line 65.
 1 APPPATH\Controllers\MyLotsAndEstatesController.php(65): CodeIgniter\Debug\Exceptions->errorHandler(2, 'Undefined variable $pricing', 'C:\\xampp\\htdocs\\ghmp-customer\\app\\Controllers\\MyLotsAndEstatesController.php', 65)
 2 SYSTEMPATH\CodeIgniter.php(933): App\Controllers\MyLotsAndEstatesController->selectPaymentOption('391d603b4fd3cd14eb28726f71dd2fcf7abf0bf90ecc444be5cc1046f2c0b190c6adda6bf950bf35ba652111ef5abd17b2985a1a587030a1f92ee88ad83665c6f967b4e07d5bc045339d8a638d21e2317eb959ef', '0709536ea8e85e132334a15d30104a719315e93d7184655e0c038e2a4a24fbf4457714a49cb8925e5c2d4d0bd9d948fe6bb27ef3353768ca0fc4e1434bbc137261fcb47eebedc098828a50b67578860fbb')
 3 SYSTEMPATH\CodeIgniter.php(507): CodeIgniter\CodeIgniter->runController(Object(App\Controllers\MyLotsAndEstatesController))
 4 SYSTEMPATH\CodeIgniter.php(354): CodeIgniter\CodeIgniter->handleRequest(null, Object(Config\Cache), false)
 5 SYSTEMPATH\Boot.php(334): CodeIgniter\CodeIgniter->run()
 6 SYSTEMPATH\Boot.php(67): CodeIgniter\Boot::runCodeIgniter(Object(CodeIgniter\CodeIgniter))
 7 FCPATH\index.php(58): CodeIgniter\Boot::bootWeb(Object(Config\Paths))
CRITICAL - 2025-02-08 16:08:46 --> ErrorException: Undefined variable $pricing
[Method: GET, Route: select_payment_option/ca4c1dd6a1f0bd5ad07e927b4e458beedd72501c7b48d8c53b60705de9c6dc466107b55658e305abd07fcae488a993e818923009e7d66843e649f68e0a1e6f1db197b3cdc6a00a576676080371a96eee940e6920/cf41e37506c28ced24e8a260b49fbc305a7258f2c8dcc50259c5da733e62fd35207d301b19034d69d65f738758fe15084a1f7f358b491db50b7000fa50807688f3deb7dbc72edaeeceee8f2556f3388a8d]
in APPPATH\Controllers\MyLotsAndEstatesController.php on line 64.
 1 APPPATH\Controllers\MyLotsAndEstatesController.php(64): CodeIgniter\Debug\Exceptions->errorHandler(2, 'Undefined variable $pricing', 'C:\\xampp\\htdocs\\ghmp-customer\\app\\Controllers\\MyLotsAndEstatesController.php', 64)
 2 SYSTEMPATH\CodeIgniter.php(933): App\Controllers\MyLotsAndEstatesController->selectPaymentOption('ca4c1dd6a1f0bd5ad07e927b4e458beedd72501c7b48d8c53b60705de9c6dc466107b55658e305abd07fcae488a993e818923009e7d66843e649f68e0a1e6f1db197b3cdc6a00a576676080371a96eee940e6920', 'cf41e37506c28ced24e8a260b49fbc305a7258f2c8dcc50259c5da733e62fd35207d301b19034d69d65f738758fe15084a1f7f358b491db50b7000fa50807688f3deb7dbc72edaeeceee8f2556f3388a8d')
 3 SYSTEMPATH\CodeIgniter.php(507): CodeIgniter\CodeIgniter->runController(Object(App\Controllers\MyLotsAndEstatesController))
 4 SYSTEMPATH\CodeIgniter.php(354): CodeIgniter\CodeIgniter->handleRequest(null, Object(Config\Cache), false)
 5 SYSTEMPATH\Boot.php(334): CodeIgniter\CodeIgniter->run()
 6 SYSTEMPATH\Boot.php(67): CodeIgniter\Boot::runCodeIgniter(Object(CodeIgniter\CodeIgniter))
 7 FCPATH\index.php(58): CodeIgniter\Boot::bootWeb(Object(Config\Paths))
CRITICAL - 2025-02-08 16:09:22 --> ErrorException: Undefined variable $pricing
[Method: GET, Route: select_payment_option/f8f2bcd41e269b786adf08ffe3b20fefc75d67cb4b8e176185554b0f6e4376d962fbfed91a15908d1c3c8e8b99a3771b4cd41978873939d2f7793d0341c459af18df57083d6f662ca3deaf4e21e091a31ed14717/94ae69a3ca2cc8fad4b665ae848989b143d469d328fe95811a742110a8e88dfe42b2586c82b3baaec8a3af7500ba1a0b87dde513d1114ba57c21e92a287e8a63e1927fece7f7c198483ee20fb0700bab66]
in APPPATH\Controllers\MyLotsAndEstatesController.php on line 64.
 1 APPPATH\Controllers\MyLotsAndEstatesController.php(64): CodeIgniter\Debug\Exceptions->errorHandler(2, 'Undefined variable $pricing', 'C:\\xampp\\htdocs\\ghmp-customer\\app\\Controllers\\MyLotsAndEstatesController.php', 64)
 2 SYSTEMPATH\CodeIgniter.php(933): App\Controllers\MyLotsAndEstatesController->selectPaymentOption('f8f2bcd41e269b786adf08ffe3b20fefc75d67cb4b8e176185554b0f6e4376d962fbfed91a15908d1c3c8e8b99a3771b4cd41978873939d2f7793d0341c459af18df57083d6f662ca3deaf4e21e091a31ed14717', '94ae69a3ca2cc8fad4b665ae848989b143d469d328fe95811a742110a8e88dfe42b2586c82b3baaec8a3af7500ba1a0b87dde513d1114ba57c21e92a287e8a63e1927fece7f7c198483ee20fb0700bab66')
 3 SYSTEMPATH\CodeIgniter.php(507): CodeIgniter\CodeIgniter->runController(Object(App\Controllers\MyLotsAndEstatesController))
 4 SYSTEMPATH\CodeIgniter.php(354): CodeIgniter\CodeIgniter->handleRequest(null, Object(Config\Cache), false)
 5 SYSTEMPATH\Boot.php(334): CodeIgniter\CodeIgniter->run()
 6 SYSTEMPATH\Boot.php(67): CodeIgniter\Boot::runCodeIgniter(Object(CodeIgniter\CodeIgniter))
 7 FCPATH\index.php(58): CodeIgniter\Boot::bootWeb(Object(Config\Paths))
CRITICAL - 2025-02-08 17:21:25 --> ErrorException: Undefined variable $reservations
[Method: GET, Route: payment_management]
in APPPATH\Views\admin\payment_management.php on line 17.
 1 APPPATH\Views\admin\payment_management.php(17): CodeIgniter\Debug\Exceptions->errorHandler(2, 'Undefined variable $reservations', 'C:\\xampp\\htdocs\\ghmp-customer\\app\\Views\\admin\\payment_management.php', 17)
 2 SYSTEMPATH\View\View.php(224): include('C:\\xampp\\htdocs\\ghmp-customer\\app\\Views\\admin\\payment_management.php')
 3 SYSTEMPATH\View\View.php(227): CodeIgniter\View\View->CodeIgniter\View\{closure}()
 4 SYSTEMPATH\Common.php(1173): CodeIgniter\View\View->render('admin/payment_management', [], true)
 5 APPPATH\Controllers\PaymentManagementController.php(9): view('admin/payment_management', [...])
 6 SYSTEMPATH\CodeIgniter.php(933): App\Controllers\PaymentManagementController->index()
 7 SYSTEMPATH\CodeIgniter.php(507): CodeIgniter\CodeIgniter->runController(Object(App\Controllers\PaymentManagementController))
 8 SYSTEMPATH\CodeIgniter.php(354): CodeIgniter\CodeIgniter->handleRequest(null, Object(Config\Cache), false)
 9 SYSTEMPATH\Boot.php(334): CodeIgniter\CodeIgniter->run()
10 SYSTEMPATH\Boot.php(67): CodeIgniter\Boot::runCodeIgniter(Object(CodeIgniter\CodeIgniter))
11 FCPATH\index.php(58): CodeIgniter\Boot::bootWeb(Object(Config\Paths))
CRITICAL - 2025-02-08 18:27:34 --> ErrorException: Undefined array key "paymeny_option"
[Method: GET, Route: my_lots_and_estates]
in APPPATH\Views\admin\lots_and_estates.php on line 33.
 1 APPPATH\Views\admin\lots_and_estates.php(33): CodeIgniter\Debug\Exceptions->errorHandler(2, 'Undefined array key "paymeny_option"', 'C:\\xampp\\htdocs\\ghmp-customer\\app\\Views\\admin\\lots_and_estates.php', 33)
 2 SYSTEMPATH\View\View.php(224): include('C:\\xampp\\htdocs\\ghmp-customer\\app\\Views\\admin\\lots_and_estates.php')
 3 SYSTEMPATH\View\View.php(227): CodeIgniter\View\View->CodeIgniter\View\{closure}()
 4 SYSTEMPATH\Common.php(1173): CodeIgniter\View\View->render('admin/lots_and_estates', [], true)
 5 APPPATH\Controllers\MyLotsAndEstatesController.php(33): view('admin/lots_and_estates', [...])
 6 SYSTEMPATH\CodeIgniter.php(933): App\Controllers\MyLotsAndEstatesController->index()
 7 SYSTEMPATH\CodeIgniter.php(507): CodeIgniter\CodeIgniter->runController(Object(App\Controllers\MyLotsAndEstatesController))
 8 SYSTEMPATH\CodeIgniter.php(354): CodeIgniter\CodeIgniter->handleRequest(null, Object(Config\Cache), false)
 9 SYSTEMPATH\Boot.php(334): CodeIgniter\CodeIgniter->run()
10 SYSTEMPATH\Boot.php(67): CodeIgniter\Boot::runCodeIgniter(Object(CodeIgniter\CodeIgniter))
11 FCPATH\index.php(58): CodeIgniter\Boot::bootWeb(Object(Config\Paths))
CRITICAL - 2025-02-08 18:27:39 --> ErrorException: Undefined array key "paymeny_option"
[Method: GET, Route: my_lots_and_estates]
in APPPATH\Views\admin\lots_and_estates.php on line 33.
 1 APPPATH\Views\admin\lots_and_estates.php(33): CodeIgniter\Debug\Exceptions->errorHandler(2, 'Undefined array key "paymeny_option"', 'C:\\xampp\\htdocs\\ghmp-customer\\app\\Views\\admin\\lots_and_estates.php', 33)
 2 SYSTEMPATH\View\View.php(224): include('C:\\xampp\\htdocs\\ghmp-customer\\app\\Views\\admin\\lots_and_estates.php')
 3 SYSTEMPATH\View\View.php(227): CodeIgniter\View\View->CodeIgniter\View\{closure}()
 4 SYSTEMPATH\Common.php(1173): CodeIgniter\View\View->render('admin/lots_and_estates', [], true)
 5 APPPATH\Controllers\MyLotsAndEstatesController.php(33): view('admin/lots_and_estates', [...])
 6 SYSTEMPATH\CodeIgniter.php(933): App\Controllers\MyLotsAndEstatesController->index()
 7 SYSTEMPATH\CodeIgniter.php(507): CodeIgniter\CodeIgniter->runController(Object(App\Controllers\MyLotsAndEstatesController))
 8 SYSTEMPATH\CodeIgniter.php(354): CodeIgniter\CodeIgniter->handleRequest(null, Object(Config\Cache), false)
 9 SYSTEMPATH\Boot.php(334): CodeIgniter\CodeIgniter->run()
10 SYSTEMPATH\Boot.php(67): CodeIgniter\Boot::runCodeIgniter(Object(CodeIgniter\CodeIgniter))
11 FCPATH\index.php(58): CodeIgniter\Boot::bootWeb(Object(Config\Paths))
