ERROR - 2025-04-14 19:04:47 --> Error connecting to the database: mysqli_sql_exception: Access denied for user 'u714551035_ghmp'@'localhost' (using password: YES) in C:\xampp\htdocs\ghmp-customer\system\Database\MySQLi\Connection.php:201
Stack trace:
#0 C:\xampp\htdocs\ghmp-customer\system\Database\MySQLi\Connection.php(201): mysqli->real_connect('localhost', 'u714551035_ghmp', Object(SensitiveParameterValue), 'u714551035_ghmp...', 3306, '', 0)
#1 C:\xampp\htdocs\ghmp-customer\system\Database\BaseConnection.php(421): CodeIgniter\Database\MySQLi\Connection->connect(false)
#2 C:\xampp\htdocs\ghmp-customer\system\Database\MySQLi\Connection.php(367): CodeIgniter\Database\BaseConnection->initialize()
#3 C:\xampp\htdocs\ghmp-customer\system\Database\BaseConnection.php(1412): CodeIgniter\Database\MySQLi\Connection->_escapeString('49')
#4 C:\xampp\htdocs\ghmp-customer\system\Database\BaseConnection.php(1376): CodeIgniter\Database\BaseConnection->escapeString('49')
#5 C:\xampp\htdocs\ghmp-customer\system\Database\Query.php(325): CodeIgniter\Database\BaseConnection->escape('49')
#6 C:\xampp\htdocs\ghmp-customer\system\Database\Query.php(312): CodeIgniter\Database\Query->matchNamedBinds('SELECT `lr`.`id...', Array)
#7 C:\xampp\htdocs\ghmp-customer\system\Database\Query.php(163): CodeIgniter\Database\Query->compileBinds()
#8 C:\xampp\htdocs\ghmp-customer\system\Database\BaseBuilder.php(1627): CodeIgniter\Database\Query->getQuery()
#9 C:\xampp\htdocs\ghmp-customer\system\Database\BaseBuilder.php(1611): CodeIgniter\Database\BaseBuilder->compileFinalQuery('SELECT `lr`.`id...')
#10 C:\xampp\htdocs\ghmp-customer\app\Models\AssetModel.php(63): CodeIgniter\Database\BaseBuilder->getCompiledSelect()
#11 C:\xampp\htdocs\ghmp-customer\app\Controllers\MyLotsAndEstatesController.php(24): App\Models\AssetModel->getAssetsById('49')
#12 C:\xampp\htdocs\ghmp-customer\system\CodeIgniter.php(933): App\Controllers\MyLotsAndEstatesController->index()
#13 C:\xampp\htdocs\ghmp-customer\system\CodeIgniter.php(507): CodeIgniter\CodeIgniter->runController(Object(App\Controllers\MyLotsAndEstatesController))
#14 C:\xampp\htdocs\ghmp-customer\system\CodeIgniter.php(354): CodeIgniter\CodeIgniter->handleRequest(NULL, Object(Config\Cache), false)
#15 C:\xampp\htdocs\ghmp-customer\system\Boot.php(334): CodeIgniter\CodeIgniter->run()
#16 C:\xampp\htdocs\ghmp-customer\system\Boot.php(67): CodeIgniter\Boot::runCodeIgniter(Object(CodeIgniter\CodeIgniter))
#17 C:\xampp\htdocs\ghmp-customer\public\index.php(59): CodeIgniter\Boot::bootWeb(Object(Config\Paths))
#18 {main}

Next CodeIgniter\Database\Exceptions\DatabaseException: Access denied for user '****'@'localhost' (using password: YES) in C:\xampp\htdocs\ghmp-customer\system\Database\MySQLi\Connection.php:246
Stack trace:
#0 C:\xampp\htdocs\ghmp-customer\system\Database\BaseConnection.php(421): CodeIgniter\Database\MySQLi\Connection->connect(false)
#1 C:\xampp\htdocs\ghmp-customer\system\Database\MySQLi\Connection.php(367): CodeIgniter\Database\BaseConnection->initialize()
#2 C:\xampp\htdocs\ghmp-customer\system\Database\BaseConnection.php(1412): CodeIgniter\Database\MySQLi\Connection->_escapeString('49')
#3 C:\xampp\htdocs\ghmp-customer\system\Database\BaseConnection.php(1376): CodeIgniter\Database\BaseConnection->escapeString('49')
#4 C:\xampp\htdocs\ghmp-customer\system\Database\Query.php(325): CodeIgniter\Database\BaseConnection->escape('49')
#5 C:\xampp\htdocs\ghmp-customer\system\Database\Query.php(312): CodeIgniter\Database\Query->matchNamedBinds('SELECT `lr`.`id...', Array)
#6 C:\xampp\htdocs\ghmp-customer\system\Database\Query.php(163): CodeIgniter\Database\Query->compileBinds()
#7 C:\xampp\htdocs\ghmp-customer\system\Database\BaseBuilder.php(1627): CodeIgniter\Database\Query->getQuery()
#8 C:\xampp\htdocs\ghmp-customer\system\Database\BaseBuilder.php(1611): CodeIgniter\Database\BaseBuilder->compileFinalQuery('SELECT `lr`.`id...')
#9 C:\xampp\htdocs\ghmp-customer\app\Models\AssetModel.php(63): CodeIgniter\Database\BaseBuilder->getCompiledSelect()
#10 C:\xampp\htdocs\ghmp-customer\app\Controllers\MyLotsAndEstatesController.php(24): App\Models\AssetModel->getAssetsById('49')
#11 C:\xampp\htdocs\ghmp-customer\system\CodeIgniter.php(933): App\Controllers\MyLotsAndEstatesController->index()
#12 C:\xampp\htdocs\ghmp-customer\system\CodeIgniter.php(507): CodeIgniter\CodeIgniter->runController(Object(App\Controllers\MyLotsAndEstatesController))
#13 C:\xampp\htdocs\ghmp-customer\system\CodeIgniter.php(354): CodeIgniter\CodeIgniter->handleRequest(NULL, Object(Config\Cache), false)
#14 C:\xampp\htdocs\ghmp-customer\system\Boot.php(334): CodeIgniter\CodeIgniter->run()
#15 C:\xampp\htdocs\ghmp-customer\system\Boot.php(67): CodeIgniter\Boot::runCodeIgniter(Object(CodeIgniter\CodeIgniter))
#16 C:\xampp\htdocs\ghmp-customer\public\index.php(59): CodeIgniter\Boot::bootWeb(Object(Config\Paths))
#17 {main}
CRITICAL - 2025-04-14 19:04:47 --> CodeIgniter\Database\Exceptions\DatabaseException: Unable to connect to the database.
Main connection [MySQLi]: Access denied for user '****'@'localhost' (using password: YES)
[Method: GET, Route: my_lots_and_estates]
in SYSTEMPATH\Database\BaseConnection.php on line 467.
 1 SYSTEMPATH\Database\MySQLi\Connection.php(367): CodeIgniter\Database\BaseConnection->initialize()
 2 SYSTEMPATH\Database\BaseConnection.php(1412): CodeIgniter\Database\MySQLi\Connection->_escapeString('49')
 3 SYSTEMPATH\Database\BaseConnection.php(1376): CodeIgniter\Database\BaseConnection->escapeString('49')
 4 SYSTEMPATH\Database\Query.php(325): CodeIgniter\Database\BaseConnection->escape('49')
 5 SYSTEMPATH\Database\Query.php(312): CodeIgniter\Database\Query->matchNamedBinds('SELECT `lr`.`id` AS `reservation_id`, `lr`.`lot_id` AS `asset_id`, `lr`.`reservee_id`, `lr`.`lot_type` AS `asset_type`, `lr`.`payment_option`, `lr`.`reservation_status`, \'lot\' AS asset, COALESCE(sm.down_payment, `i`.`down_payment`, 0) AS down_payment, COALESCE(sm.down_payment_status, `i`.`down_payment_status`, 0) AS down_payment_status, COALESCE(cs.payment_amount, `sm`.`monthly_payment`, `i`.`monthly_payment`, 0) AS payment_amount, CASE
            WHEN cs.payment_amount IS NOT NULL THEN \'cash_sale\'
            WHEN sm.monthly_payment IS NOT NULL THEN \'six_months\'
            WHEN i.monthly_payment IS NOT NULL THEN \'installments\'
            ELSE \'none\'
        END AS payment_type
FROM `lot_reservations` AS `lr`
LEFT JOIN `cash_sales` AS `cs` ON `cs`.`lot_id` = `lr`.`lot_id`
LEFT JOIN `six_months` AS `sm` ON `sm`.`lot_id` = `lr`.`lot_id`
LEFT JOIN `installments` AS `i` ON `i`.`lot_id` = `lr`.`lot_id`
WHERE `lr`.`reservee_id` = :lr.reservee_id:', [...])
 6 SYSTEMPATH\Database\Query.php(163): CodeIgniter\Database\Query->compileBinds()
 7 SYSTEMPATH\Database\BaseBuilder.php(1627): CodeIgniter\Database\Query->getQuery()
 8 SYSTEMPATH\Database\BaseBuilder.php(1611): CodeIgniter\Database\BaseBuilder->compileFinalQuery('SELECT `lr`.`id` AS `reservation_id`, `lr`.`lot_id` AS `asset_id`, `lr`.`reservee_id`, `lr`.`lot_type` AS `asset_type`, `lr`.`payment_option`, `lr`.`reservation_status`, \'lot\' AS asset, COALESCE(sm.down_payment, `i`.`down_payment`, 0) AS down_payment, COALESCE(sm.down_payment_status, `i`.`down_payment_status`, 0) AS down_payment_status, COALESCE(cs.payment_amount, `sm`.`monthly_payment`, `i`.`monthly_payment`, 0) AS payment_amount, CASE
            WHEN cs.payment_amount IS NOT NULL THEN \'cash_sale\'
            WHEN sm.monthly_payment IS NOT NULL THEN \'six_months\'
            WHEN i.monthly_payment IS NOT NULL THEN \'installments\'
            ELSE \'none\'
        END AS payment_type
FROM `lot_reservations` AS `lr`
LEFT JOIN `cash_sales` AS `cs` ON `cs`.`lot_id` = `lr`.`lot_id`
LEFT JOIN `six_months` AS `sm` ON `sm`.`lot_id` = `lr`.`lot_id`
LEFT JOIN `installments` AS `i` ON `i`.`lot_id` = `lr`.`lot_id`
WHERE `lr`.`reservee_id` = :lr.reservee_id:')
 9 APPPATH\Models\AssetModel.php(63): CodeIgniter\Database\BaseBuilder->getCompiledSelect()
10 APPPATH\Controllers\MyLotsAndEstatesController.php(24): App\Models\AssetModel->getAssetsById('49')
11 SYSTEMPATH\CodeIgniter.php(933): App\Controllers\MyLotsAndEstatesController->index()
12 SYSTEMPATH\CodeIgniter.php(507): CodeIgniter\CodeIgniter->runController(Object(App\Controllers\MyLotsAndEstatesController))
13 SYSTEMPATH\CodeIgniter.php(354): CodeIgniter\CodeIgniter->handleRequest(null, Object(Config\Cache), false)
14 SYSTEMPATH\Boot.php(334): CodeIgniter\CodeIgniter->run()
15 SYSTEMPATH\Boot.php(67): CodeIgniter\Boot::runCodeIgniter(Object(CodeIgniter\CodeIgniter))
16 FCPATH\index.php(59): CodeIgniter\Boot::bootWeb(Object(Config\Paths))
ERROR - 2025-04-14 19:04:48 --> Error connecting to the database: mysqli_sql_exception: Access denied for user 'u714551035_ghmp'@'localhost' (using password: YES) in C:\xampp\htdocs\ghmp-customer\system\Database\MySQLi\Connection.php:201
Stack trace:
#0 C:\xampp\htdocs\ghmp-customer\system\Database\MySQLi\Connection.php(201): mysqli->real_connect('localhost', 'u714551035_ghmp', Object(SensitiveParameterValue), 'u714551035_ghmp...', 3306, '', 0)
#1 C:\xampp\htdocs\ghmp-customer\system\Database\BaseConnection.php(421): CodeIgniter\Database\MySQLi\Connection->connect(false)
#2 C:\xampp\htdocs\ghmp-customer\system\Database\BaseConnection.php(620): CodeIgniter\Database\BaseConnection->initialize()
#3 C:\xampp\htdocs\ghmp-customer\system\Database\BaseBuilder.php(1733): CodeIgniter\Database\BaseConnection->query('SELECT COUNT(*)...', Array, false)
#4 C:\xampp\htdocs\ghmp-customer\app\Models\AdminModel.php(20): CodeIgniter\Database\BaseBuilder->countAllResults()
#5 C:\xampp\htdocs\ghmp-customer\app\Controllers\AdminController.php(26): App\Models\AdminModel->getOwnerAssetsCount('49')
#6 C:\xampp\htdocs\ghmp-customer\system\CodeIgniter.php(933): App\Controllers\AdminController->index()
#7 C:\xampp\htdocs\ghmp-customer\system\CodeIgniter.php(507): CodeIgniter\CodeIgniter->runController(Object(App\Controllers\AdminController))
#8 C:\xampp\htdocs\ghmp-customer\system\CodeIgniter.php(354): CodeIgniter\CodeIgniter->handleRequest(NULL, Object(Config\Cache), false)
#9 C:\xampp\htdocs\ghmp-customer\system\Boot.php(334): CodeIgniter\CodeIgniter->run()
#10 C:\xampp\htdocs\ghmp-customer\system\Boot.php(67): CodeIgniter\Boot::runCodeIgniter(Object(CodeIgniter\CodeIgniter))
#11 C:\xampp\htdocs\ghmp-customer\public\index.php(59): CodeIgniter\Boot::bootWeb(Object(Config\Paths))
#12 {main}

Next CodeIgniter\Database\Exceptions\DatabaseException: Access denied for user '****'@'localhost' (using password: YES) in C:\xampp\htdocs\ghmp-customer\system\Database\MySQLi\Connection.php:246
Stack trace:
#0 C:\xampp\htdocs\ghmp-customer\system\Database\BaseConnection.php(421): CodeIgniter\Database\MySQLi\Connection->connect(false)
#1 C:\xampp\htdocs\ghmp-customer\system\Database\BaseConnection.php(620): CodeIgniter\Database\BaseConnection->initialize()
#2 C:\xampp\htdocs\ghmp-customer\system\Database\BaseBuilder.php(1733): CodeIgniter\Database\BaseConnection->query('SELECT COUNT(*)...', Array, false)
#3 C:\xampp\htdocs\ghmp-customer\app\Models\AdminModel.php(20): CodeIgniter\Database\BaseBuilder->countAllResults()
#4 C:\xampp\htdocs\ghmp-customer\app\Controllers\AdminController.php(26): App\Models\AdminModel->getOwnerAssetsCount('49')
#5 C:\xampp\htdocs\ghmp-customer\system\CodeIgniter.php(933): App\Controllers\AdminController->index()
#6 C:\xampp\htdocs\ghmp-customer\system\CodeIgniter.php(507): CodeIgniter\CodeIgniter->runController(Object(App\Controllers\AdminController))
#7 C:\xampp\htdocs\ghmp-customer\system\CodeIgniter.php(354): CodeIgniter\CodeIgniter->handleRequest(NULL, Object(Config\Cache), false)
#8 C:\xampp\htdocs\ghmp-customer\system\Boot.php(334): CodeIgniter\CodeIgniter->run()
#9 C:\xampp\htdocs\ghmp-customer\system\Boot.php(67): CodeIgniter\Boot::runCodeIgniter(Object(CodeIgniter\CodeIgniter))
#10 C:\xampp\htdocs\ghmp-customer\public\index.php(59): CodeIgniter\Boot::bootWeb(Object(Config\Paths))
#11 {main}
CRITICAL - 2025-04-14 19:04:48 --> CodeIgniter\Database\Exceptions\DatabaseException: Unable to connect to the database.
Main connection [MySQLi]: Access denied for user '****'@'localhost' (using password: YES)
[Method: GET, Route: dashboard]
in SYSTEMPATH\Database\BaseConnection.php on line 467.
 1 SYSTEMPATH\Database\BaseConnection.php(620): CodeIgniter\Database\BaseConnection->initialize()
 2 SYSTEMPATH\Database\BaseBuilder.php(1733): CodeIgniter\Database\BaseConnection->query('SELECT COUNT(*) AS `numrows`
FROM `lots`
WHERE `owner_id` = :owner_id:', [...], false)
 3 APPPATH\Models\AdminModel.php(20): CodeIgniter\Database\BaseBuilder->countAllResults()
 4 APPPATH\Controllers\AdminController.php(26): App\Models\AdminModel->getOwnerAssetsCount('49')
 5 SYSTEMPATH\CodeIgniter.php(933): App\Controllers\AdminController->index()
 6 SYSTEMPATH\CodeIgniter.php(507): CodeIgniter\CodeIgniter->runController(Object(App\Controllers\AdminController))
 7 SYSTEMPATH\CodeIgniter.php(354): CodeIgniter\CodeIgniter->handleRequest(null, Object(Config\Cache), false)
 8 SYSTEMPATH\Boot.php(334): CodeIgniter\CodeIgniter->run()
 9 SYSTEMPATH\Boot.php(67): CodeIgniter\Boot::runCodeIgniter(Object(CodeIgniter\CodeIgniter))
10 FCPATH\index.php(59): CodeIgniter\Boot::bootWeb(Object(Config\Paths))
