CRITICAL - 2025-03-26 16:12:51 --> Error: Call to a member function get() on array
[Method: GET, Route: settings]
in APPPATH\Controllers\SettingsController.php on line 17.
 1 SYSTEMPATH\CodeIgniter.php(933): App\Controllers\SettingsController->index()
 2 SYSTEMPATH\CodeIgniter.php(507): CodeIgniter\CodeIgniter->runController(Object(App\Controllers\SettingsController))
 3 SYSTEMPATH\CodeIgniter.php(354): CodeIgniter\CodeIgniter->handleRequest(null, Object(Config\Cache), false)
 4 SYSTEMPATH\Boot.php(334): CodeIgniter\CodeIgniter->run()
 5 SYSTEMPATH\Boot.php(67): CodeIgniter\Boot::runCodeIgniter(Object(CodeIgniter\CodeIgniter))
 6 FCPATH\index.php(59): CodeIgniter\Boot::bootWeb(Object(Config\Paths))
CRITICAL - 2025-03-26 16:12:58 --> Error: Call to a member function get() on array
[Method: GET, Route: settings]
in APPPATH\Controllers\SettingsController.php on line 17.
 1 SYSTEMPATH\CodeIgniter.php(933): App\Controllers\SettingsController->index()
 2 SYSTEMPATH\CodeIgniter.php(507): CodeIgniter\CodeIgniter->runController(Object(App\Controllers\SettingsController))
 3 SYSTEMPATH\CodeIgniter.php(354): CodeIgniter\CodeIgniter->handleRequest(null, Object(Config\Cache), false)
 4 SYSTEMPATH\Boot.php(334): CodeIgniter\CodeIgniter->run()
 5 SYSTEMPATH\Boot.php(67): CodeIgniter\Boot::runCodeIgniter(Object(CodeIgniter\CodeIgniter))
 6 FCPATH\index.php(59): CodeIgniter\Boot::bootWeb(Object(Config\Paths))
CRITICAL - 2025-03-26 16:15:40 --> ErrorException: Attempt to read property "first_name" on array
[Method: GET, Route: settings]
in APPPATH\Controllers\SettingsController.php on line 22.
 1 APPPATH\Controllers\SettingsController.php(22): CodeIgniter\Debug\Exceptions->errorHandler(2, 'Attempt to read property "first_name" on array', 'C:\\xampp\\htdocs\\ghmp-customer\\app\\Controllers\\SettingsController.php', 22)
 2 SYSTEMPATH\CodeIgniter.php(933): App\Controllers\SettingsController->index()
 3 SYSTEMPATH\CodeIgniter.php(507): CodeIgniter\CodeIgniter->runController(Object(App\Controllers\SettingsController))
 4 SYSTEMPATH\CodeIgniter.php(354): CodeIgniter\CodeIgniter->handleRequest(null, Object(Config\Cache), false)
 5 SYSTEMPATH\Boot.php(334): CodeIgniter\CodeIgniter->run()
 6 SYSTEMPATH\Boot.php(67): CodeIgniter\Boot::runCodeIgniter(Object(CodeIgniter\CodeIgniter))
 7 FCPATH\index.php(59): CodeIgniter\Boot::bootWeb(Object(Config\Paths))
CRITICAL - 2025-03-26 16:15:50 --> ErrorException: Attempt to read property "first_name" on array
[Method: GET, Route: settings]
in APPPATH\Controllers\SettingsController.php on line 22.
 1 APPPATH\Controllers\SettingsController.php(22): CodeIgniter\Debug\Exceptions->errorHandler(2, 'Attempt to read property "first_name" on array', 'C:\\xampp\\htdocs\\ghmp-customer\\app\\Controllers\\SettingsController.php', 22)
 2 SYSTEMPATH\CodeIgniter.php(933): App\Controllers\SettingsController->index()
 3 SYSTEMPATH\CodeIgniter.php(507): CodeIgniter\CodeIgniter->runController(Object(App\Controllers\SettingsController))
 4 SYSTEMPATH\CodeIgniter.php(354): CodeIgniter\CodeIgniter->handleRequest(null, Object(Config\Cache), false)
 5 SYSTEMPATH\Boot.php(334): CodeIgniter\CodeIgniter->run()
 6 SYSTEMPATH\Boot.php(67): CodeIgniter\Boot::runCodeIgniter(Object(CodeIgniter\CodeIgniter))
 7 FCPATH\index.php(59): CodeIgniter\Boot::bootWeb(Object(Config\Paths))
CRITICAL - 2025-03-26 16:18:47 --> ErrorException: Undefined variable $emailAddress
[Method: GET, Route: settings]
in APPPATH\Views\admin\settings.php on line 52.
 1 APPPATH\Views\admin\settings.php(52): CodeIgniter\Debug\Exceptions->errorHandler(2, 'Undefined variable $emailAddress', 'C:\\xampp\\htdocs\\ghmp-customer\\app\\Views\\admin\\settings.php', 52)
 2 SYSTEMPATH\View\View.php(224): include('C:\\xampp\\htdocs\\ghmp-customer\\app\\Views\\admin\\settings.php')
 3 SYSTEMPATH\View\View.php(227): CodeIgniter\View\View->CodeIgniter\View\{closure}()
 4 SYSTEMPATH\Common.php(1173): CodeIgniter\View\View->render('admin/settings', [], true)
 5 APPPATH\Controllers\SettingsController.php(31): view('admin/settings', [...])
 6 SYSTEMPATH\CodeIgniter.php(933): App\Controllers\SettingsController->index()
 7 SYSTEMPATH\CodeIgniter.php(507): CodeIgniter\CodeIgniter->runController(Object(App\Controllers\SettingsController))
 8 SYSTEMPATH\CodeIgniter.php(354): CodeIgniter\CodeIgniter->handleRequest(null, Object(Config\Cache), false)
 9 SYSTEMPATH\Boot.php(334): CodeIgniter\CodeIgniter->run()
10 SYSTEMPATH\Boot.php(67): CodeIgniter\Boot::runCodeIgniter(Object(CodeIgniter\CodeIgniter))
11 FCPATH\index.php(59): CodeIgniter\Boot::bootWeb(Object(Config\Paths))
