ERROR - 2025-02-22 18:39:42 --> mysqli_sql_exception: Unknown column 'cash_sales.payment_amount' in 'field list' in C:\xampp\htdocs\ghmp-customer\system\Database\MySQLi\Connection.php:327
Stack trace:
#0 C:\xampp\htdocs\ghmp-customer\system\Database\MySQLi\Connection.php(327): mysqli->query('SELECT `lot_res...', 0)
#1 C:\xampp\htdocs\ghmp-customer\system\Database\BaseConnection.php(738): CodeIgniter\Database\MySQLi\Connection->execute('SELECT `lot_res...')
#2 C:\xampp\htdocs\ghmp-customer\system\Database\BaseConnection.php(652): CodeIgniter\Database\BaseConnection->simpleQuery('SELECT `lot_res...')
#3 C:\xampp\htdocs\ghmp-customer\app\Models\AssetModel.php(58): CodeIgniter\Database\BaseConnection->query('SELECT `lot_res...')
#4 C:\xampp\htdocs\ghmp-customer\app\Controllers\MyLotsAndEstatesController.php(21): App\Models\AssetModel->getAssetsById('1')
#5 C:\xampp\htdocs\ghmp-customer\system\CodeIgniter.php(933): App\Controllers\MyLotsAndEstatesController->index()
#6 C:\xampp\htdocs\ghmp-customer\system\CodeIgniter.php(507): CodeIgniter\CodeIgniter->runController(Object(App\Controllers\MyLotsAndEstatesController))
#7 C:\xampp\htdocs\ghmp-customer\system\CodeIgniter.php(354): CodeIgniter\CodeIgniter->handleRequest(NULL, Object(Config\Cache), false)
#8 C:\xampp\htdocs\ghmp-customer\system\Boot.php(334): CodeIgniter\CodeIgniter->run()
#9 C:\xampp\htdocs\ghmp-customer\system\Boot.php(67): CodeIgniter\Boot::runCodeIgniter(Object(CodeIgniter\CodeIgniter))
#10 C:\xampp\htdocs\ghmp-customer\public\index.php(59): CodeIgniter\Boot::bootWeb(Object(Config\Paths))
#11 {main}
CRITICAL - 2025-02-22 18:39:42 --> CodeIgniter\Database\Exceptions\DatabaseException: Unknown column 'cash_sales.payment_amount' in 'field list'
[Method: GET, Route: my_lots_and_estates]
in SYSTEMPATH\Database\BaseConnection.php on line 692.
 1 APPPATH\Models\AssetModel.php(58): CodeIgniter\Database\BaseConnection->query('SELECT `lot_reservations`.`lot_id` AS `asset_id`, `lot_reservations`.`reservee_id`, `lot_reservations`.`lot_type` AS `asset_type`, `lot_reservations`.`payment_option`, `lot_reservations`.`reservation_status`, \'lot\' AS asset, COALESCE(cash_sales.payment_amount, `six_months`.`payment_amount`, 0) AS payment_amount, CASE
            WHEN cash_sales.payment_amount IS NOT NULL THEN \'cash_sale\'
            WHEN six_months.payment_amount IS NOT NULL THEN \'six_months\'
            ELSE \'none\'
        END AS payment_type
FROM `lot_reservations`
LEFT JOIN `cash_sales` ON `cash_sales`.`lot_id` = `lot_reservations`.`lot_id`
LEFT JOIN `six_months` ON `six_months`.`lot_id` = `lot_reservations`.`lot_id`
WHERE `lot_reservations`.`reservee_id` = \'1\' UNION SELECT `estate_reservations`.`estate_id` AS `asset_id`, `estate_reservations`.`reservee_id`, `estate_reservations`.`estate_type` AS `asset_type`, `estate_reservations`.`payment_option`, `estate_reservations`.`reservation_status`, \'estate\' AS asset, COALESCE(cash_sales.payment_amount, `six_months`.`payment_amount`, 0) AS payment_amount, CASE
                WHEN estate_cash_sales.payment_amount IS NOT NULL THEN \'estate_cash_sale\'
                WHEN estate_six_months.payment_amount IS NOT NULL THEN \'estate_six_months\'
                ELSE \'none\'
            END AS payment_type
FROM `estate_reservations`
LEFT JOIN `estate_cash_sales` ON `estate_cash_sales`.`estate_id` = `estate_reservations`.`estate_id`
LEFT JOIN `estate_six_months` ON `estate_six_months`.`estate_id` = `estate_reservations`.`estate_id`
WHERE `estate_reservations`.`reservee_id` = \'1\'')
 2 APPPATH\Controllers\MyLotsAndEstatesController.php(21): App\Models\AssetModel->getAssetsById('1')
 3 SYSTEMPATH\CodeIgniter.php(933): App\Controllers\MyLotsAndEstatesController->index()
 4 SYSTEMPATH\CodeIgniter.php(507): CodeIgniter\CodeIgniter->runController(Object(App\Controllers\MyLotsAndEstatesController))
 5 SYSTEMPATH\CodeIgniter.php(354): CodeIgniter\CodeIgniter->handleRequest(null, Object(Config\Cache), false)
 6 SYSTEMPATH\Boot.php(334): CodeIgniter\CodeIgniter->run()
 7 SYSTEMPATH\Boot.php(67): CodeIgniter\Boot::runCodeIgniter(Object(CodeIgniter\CodeIgniter))
 8 FCPATH\index.php(59): CodeIgniter\Boot::bootWeb(Object(Config\Paths))
CRITICAL - 2025-02-22 18:39:42 --> [Caused by] CodeIgniter\Database\Exceptions\DatabaseException: Unknown column 'cash_sales.payment_amount' in 'field list'
in SYSTEMPATH\Database\MySQLi\Connection.php on line 332.
 1 SYSTEMPATH\Database\BaseConnection.php(738): CodeIgniter\Database\MySQLi\Connection->execute('SELECT `lot_reservations`.`lot_id` AS `asset_id`, `lot_reservations`.`reservee_id`, `lot_reservations`.`lot_type` AS `asset_type`, `lot_reservations`.`payment_option`, `lot_reservations`.`reservation_status`, \'lot\' AS asset, COALESCE(cash_sales.payment_amount, `six_months`.`payment_amount`, 0) AS payment_amount, CASE
            WHEN cash_sales.payment_amount IS NOT NULL THEN \'cash_sale\'
            WHEN six_months.payment_amount IS NOT NULL THEN \'six_months\'
            ELSE \'none\'
        END AS payment_type
FROM `lot_reservations`
LEFT JOIN `cash_sales` ON `cash_sales`.`lot_id` = `lot_reservations`.`lot_id`
LEFT JOIN `six_months` ON `six_months`.`lot_id` = `lot_reservations`.`lot_id`
WHERE `lot_reservations`.`reservee_id` = \'1\' UNION SELECT `estate_reservations`.`estate_id` AS `asset_id`, `estate_reservations`.`reservee_id`, `estate_reservations`.`estate_type` AS `asset_type`, `estate_reservations`.`payment_option`, `estate_reservations`.`reservation_status`, \'estate\' AS asset, COALESCE(cash_sales.payment_amount, `six_months`.`payment_amount`, 0) AS payment_amount, CASE
                WHEN estate_cash_sales.payment_amount IS NOT NULL THEN \'estate_cash_sale\'
                WHEN estate_six_months.payment_amount IS NOT NULL THEN \'estate_six_months\'
                ELSE \'none\'
            END AS payment_type
FROM `estate_reservations`
LEFT JOIN `estate_cash_sales` ON `estate_cash_sales`.`estate_id` = `estate_reservations`.`estate_id`
LEFT JOIN `estate_six_months` ON `estate_six_months`.`estate_id` = `estate_reservations`.`estate_id`
WHERE `estate_reservations`.`reservee_id` = \'1\'')
 2 SYSTEMPATH\Database\BaseConnection.php(652): CodeIgniter\Database\BaseConnection->simpleQuery('SELECT `lot_reservations`.`lot_id` AS `asset_id`, `lot_reservations`.`reservee_id`, `lot_reservations`.`lot_type` AS `asset_type`, `lot_reservations`.`payment_option`, `lot_reservations`.`reservation_status`, \'lot\' AS asset, COALESCE(cash_sales.payment_amount, `six_months`.`payment_amount`, 0) AS payment_amount, CASE
            WHEN cash_sales.payment_amount IS NOT NULL THEN \'cash_sale\'
            WHEN six_months.payment_amount IS NOT NULL THEN \'six_months\'
            ELSE \'none\'
        END AS payment_type
FROM `lot_reservations`
LEFT JOIN `cash_sales` ON `cash_sales`.`lot_id` = `lot_reservations`.`lot_id`
LEFT JOIN `six_months` ON `six_months`.`lot_id` = `lot_reservations`.`lot_id`
WHERE `lot_reservations`.`reservee_id` = \'1\' UNION SELECT `estate_reservations`.`estate_id` AS `asset_id`, `estate_reservations`.`reservee_id`, `estate_reservations`.`estate_type` AS `asset_type`, `estate_reservations`.`payment_option`, `estate_reservations`.`reservation_status`, \'estate\' AS asset, COALESCE(cash_sales.payment_amount, `six_months`.`payment_amount`, 0) AS payment_amount, CASE
                WHEN estate_cash_sales.payment_amount IS NOT NULL THEN \'estate_cash_sale\'
                WHEN estate_six_months.payment_amount IS NOT NULL THEN \'estate_six_months\'
                ELSE \'none\'
            END AS payment_type
FROM `estate_reservations`
LEFT JOIN `estate_cash_sales` ON `estate_cash_sales`.`estate_id` = `estate_reservations`.`estate_id`
LEFT JOIN `estate_six_months` ON `estate_six_months`.`estate_id` = `estate_reservations`.`estate_id`
WHERE `estate_reservations`.`reservee_id` = \'1\'')
 3 APPPATH\Models\AssetModel.php(58): CodeIgniter\Database\BaseConnection->query('SELECT `lot_reservations`.`lot_id` AS `asset_id`, `lot_reservations`.`reservee_id`, `lot_reservations`.`lot_type` AS `asset_type`, `lot_reservations`.`payment_option`, `lot_reservations`.`reservation_status`, \'lot\' AS asset, COALESCE(cash_sales.payment_amount, `six_months`.`payment_amount`, 0) AS payment_amount, CASE
            WHEN cash_sales.payment_amount IS NOT NULL THEN \'cash_sale\'
            WHEN six_months.payment_amount IS NOT NULL THEN \'six_months\'
            ELSE \'none\'
        END AS payment_type
FROM `lot_reservations`
LEFT JOIN `cash_sales` ON `cash_sales`.`lot_id` = `lot_reservations`.`lot_id`
LEFT JOIN `six_months` ON `six_months`.`lot_id` = `lot_reservations`.`lot_id`
WHERE `lot_reservations`.`reservee_id` = \'1\' UNION SELECT `estate_reservations`.`estate_id` AS `asset_id`, `estate_reservations`.`reservee_id`, `estate_reservations`.`estate_type` AS `asset_type`, `estate_reservations`.`payment_option`, `estate_reservations`.`reservation_status`, \'estate\' AS asset, COALESCE(cash_sales.payment_amount, `six_months`.`payment_amount`, 0) AS payment_amount, CASE
                WHEN estate_cash_sales.payment_amount IS NOT NULL THEN \'estate_cash_sale\'
                WHEN estate_six_months.payment_amount IS NOT NULL THEN \'estate_six_months\'
                ELSE \'none\'
            END AS payment_type
FROM `estate_reservations`
LEFT JOIN `estate_cash_sales` ON `estate_cash_sales`.`estate_id` = `estate_reservations`.`estate_id`
LEFT JOIN `estate_six_months` ON `estate_six_months`.`estate_id` = `estate_reservations`.`estate_id`
WHERE `estate_reservations`.`reservee_id` = \'1\'')
 4 APPPATH\Controllers\MyLotsAndEstatesController.php(21): App\Models\AssetModel->getAssetsById('1')
 5 SYSTEMPATH\CodeIgniter.php(933): App\Controllers\MyLotsAndEstatesController->index()
 6 SYSTEMPATH\CodeIgniter.php(507): CodeIgniter\CodeIgniter->runController(Object(App\Controllers\MyLotsAndEstatesController))
 7 SYSTEMPATH\CodeIgniter.php(354): CodeIgniter\CodeIgniter->handleRequest(null, Object(Config\Cache), false)
 8 SYSTEMPATH\Boot.php(334): CodeIgniter\CodeIgniter->run()
 9 SYSTEMPATH\Boot.php(67): CodeIgniter\Boot::runCodeIgniter(Object(CodeIgniter\CodeIgniter))
10 FCPATH\index.php(59): CodeIgniter\Boot::bootWeb(Object(Config\Paths))
CRITICAL - 2025-02-22 18:39:42 --> [Caused by] mysqli_sql_exception: Unknown column 'cash_sales.payment_amount' in 'field list'
in SYSTEMPATH\Database\MySQLi\Connection.php on line 327.
 1 SYSTEMPATH\Database\MySQLi\Connection.php(327): mysqli->query('SELECT `lot_reservations`.`lot_id` AS `asset_id`, `lot_reservations`.`reservee_id`, `lot_reservations`.`lot_type` AS `asset_type`, `lot_reservations`.`payment_option`, `lot_reservations`.`reservation_status`, \'lot\' AS asset, COALESCE(cash_sales.payment_amount, `six_months`.`payment_amount`, 0) AS payment_amount, CASE
            WHEN cash_sales.payment_amount IS NOT NULL THEN \'cash_sale\'
            WHEN six_months.payment_amount IS NOT NULL THEN \'six_months\'
            ELSE \'none\'
        END AS payment_type
FROM `lot_reservations`
LEFT JOIN `cash_sales` ON `cash_sales`.`lot_id` = `lot_reservations`.`lot_id`
LEFT JOIN `six_months` ON `six_months`.`lot_id` = `lot_reservations`.`lot_id`
WHERE `lot_reservations`.`reservee_id` = \'1\' UNION SELECT `estate_reservations`.`estate_id` AS `asset_id`, `estate_reservations`.`reservee_id`, `estate_reservations`.`estate_type` AS `asset_type`, `estate_reservations`.`payment_option`, `estate_reservations`.`reservation_status`, \'estate\' AS asset, COALESCE(cash_sales.payment_amount, `six_months`.`payment_amount`, 0) AS payment_amount, CASE
                WHEN estate_cash_sales.payment_amount IS NOT NULL THEN \'estate_cash_sale\'
                WHEN estate_six_months.payment_amount IS NOT NULL THEN \'estate_six_months\'
                ELSE \'none\'
            END AS payment_type
FROM `estate_reservations`
LEFT JOIN `estate_cash_sales` ON `estate_cash_sales`.`estate_id` = `estate_reservations`.`estate_id`
LEFT JOIN `estate_six_months` ON `estate_six_months`.`estate_id` = `estate_reservations`.`estate_id`
WHERE `estate_reservations`.`reservee_id` = \'1\'', 0)
 2 SYSTEMPATH\Database\BaseConnection.php(738): CodeIgniter\Database\MySQLi\Connection->execute('SELECT `lot_reservations`.`lot_id` AS `asset_id`, `lot_reservations`.`reservee_id`, `lot_reservations`.`lot_type` AS `asset_type`, `lot_reservations`.`payment_option`, `lot_reservations`.`reservation_status`, \'lot\' AS asset, COALESCE(cash_sales.payment_amount, `six_months`.`payment_amount`, 0) AS payment_amount, CASE
            WHEN cash_sales.payment_amount IS NOT NULL THEN \'cash_sale\'
            WHEN six_months.payment_amount IS NOT NULL THEN \'six_months\'
            ELSE \'none\'
        END AS payment_type
FROM `lot_reservations`
LEFT JOIN `cash_sales` ON `cash_sales`.`lot_id` = `lot_reservations`.`lot_id`
LEFT JOIN `six_months` ON `six_months`.`lot_id` = `lot_reservations`.`lot_id`
WHERE `lot_reservations`.`reservee_id` = \'1\' UNION SELECT `estate_reservations`.`estate_id` AS `asset_id`, `estate_reservations`.`reservee_id`, `estate_reservations`.`estate_type` AS `asset_type`, `estate_reservations`.`payment_option`, `estate_reservations`.`reservation_status`, \'estate\' AS asset, COALESCE(cash_sales.payment_amount, `six_months`.`payment_amount`, 0) AS payment_amount, CASE
                WHEN estate_cash_sales.payment_amount IS NOT NULL THEN \'estate_cash_sale\'
                WHEN estate_six_months.payment_amount IS NOT NULL THEN \'estate_six_months\'
                ELSE \'none\'
            END AS payment_type
FROM `estate_reservations`
LEFT JOIN `estate_cash_sales` ON `estate_cash_sales`.`estate_id` = `estate_reservations`.`estate_id`
LEFT JOIN `estate_six_months` ON `estate_six_months`.`estate_id` = `estate_reservations`.`estate_id`
WHERE `estate_reservations`.`reservee_id` = \'1\'')
 3 SYSTEMPATH\Database\BaseConnection.php(652): CodeIgniter\Database\BaseConnection->simpleQuery('SELECT `lot_reservations`.`lot_id` AS `asset_id`, `lot_reservations`.`reservee_id`, `lot_reservations`.`lot_type` AS `asset_type`, `lot_reservations`.`payment_option`, `lot_reservations`.`reservation_status`, \'lot\' AS asset, COALESCE(cash_sales.payment_amount, `six_months`.`payment_amount`, 0) AS payment_amount, CASE
            WHEN cash_sales.payment_amount IS NOT NULL THEN \'cash_sale\'
            WHEN six_months.payment_amount IS NOT NULL THEN \'six_months\'
            ELSE \'none\'
        END AS payment_type
FROM `lot_reservations`
LEFT JOIN `cash_sales` ON `cash_sales`.`lot_id` = `lot_reservations`.`lot_id`
LEFT JOIN `six_months` ON `six_months`.`lot_id` = `lot_reservations`.`lot_id`
WHERE `lot_reservations`.`reservee_id` = \'1\' UNION SELECT `estate_reservations`.`estate_id` AS `asset_id`, `estate_reservations`.`reservee_id`, `estate_reservations`.`estate_type` AS `asset_type`, `estate_reservations`.`payment_option`, `estate_reservations`.`reservation_status`, \'estate\' AS asset, COALESCE(cash_sales.payment_amount, `six_months`.`payment_amount`, 0) AS payment_amount, CASE
                WHEN estate_cash_sales.payment_amount IS NOT NULL THEN \'estate_cash_sale\'
                WHEN estate_six_months.payment_amount IS NOT NULL THEN \'estate_six_months\'
                ELSE \'none\'
            END AS payment_type
FROM `estate_reservations`
LEFT JOIN `estate_cash_sales` ON `estate_cash_sales`.`estate_id` = `estate_reservations`.`estate_id`
LEFT JOIN `estate_six_months` ON `estate_six_months`.`estate_id` = `estate_reservations`.`estate_id`
WHERE `estate_reservations`.`reservee_id` = \'1\'')
 4 APPPATH\Models\AssetModel.php(58): CodeIgniter\Database\BaseConnection->query('SELECT `lot_reservations`.`lot_id` AS `asset_id`, `lot_reservations`.`reservee_id`, `lot_reservations`.`lot_type` AS `asset_type`, `lot_reservations`.`payment_option`, `lot_reservations`.`reservation_status`, \'lot\' AS asset, COALESCE(cash_sales.payment_amount, `six_months`.`payment_amount`, 0) AS payment_amount, CASE
            WHEN cash_sales.payment_amount IS NOT NULL THEN \'cash_sale\'
            WHEN six_months.payment_amount IS NOT NULL THEN \'six_months\'
            ELSE \'none\'
        END AS payment_type
FROM `lot_reservations`
LEFT JOIN `cash_sales` ON `cash_sales`.`lot_id` = `lot_reservations`.`lot_id`
LEFT JOIN `six_months` ON `six_months`.`lot_id` = `lot_reservations`.`lot_id`
WHERE `lot_reservations`.`reservee_id` = \'1\' UNION SELECT `estate_reservations`.`estate_id` AS `asset_id`, `estate_reservations`.`reservee_id`, `estate_reservations`.`estate_type` AS `asset_type`, `estate_reservations`.`payment_option`, `estate_reservations`.`reservation_status`, \'estate\' AS asset, COALESCE(cash_sales.payment_amount, `six_months`.`payment_amount`, 0) AS payment_amount, CASE
                WHEN estate_cash_sales.payment_amount IS NOT NULL THEN \'estate_cash_sale\'
                WHEN estate_six_months.payment_amount IS NOT NULL THEN \'estate_six_months\'
                ELSE \'none\'
            END AS payment_type
FROM `estate_reservations`
LEFT JOIN `estate_cash_sales` ON `estate_cash_sales`.`estate_id` = `estate_reservations`.`estate_id`
LEFT JOIN `estate_six_months` ON `estate_six_months`.`estate_id` = `estate_reservations`.`estate_id`
WHERE `estate_reservations`.`reservee_id` = \'1\'')
 5 APPPATH\Controllers\MyLotsAndEstatesController.php(21): App\Models\AssetModel->getAssetsById('1')
 6 SYSTEMPATH\CodeIgniter.php(933): App\Controllers\MyLotsAndEstatesController->index()
 7 SYSTEMPATH\CodeIgniter.php(507): CodeIgniter\CodeIgniter->runController(Object(App\Controllers\MyLotsAndEstatesController))
 8 SYSTEMPATH\CodeIgniter.php(354): CodeIgniter\CodeIgniter->handleRequest(null, Object(Config\Cache), false)
 9 SYSTEMPATH\Boot.php(334): CodeIgniter\CodeIgniter->run()
10 SYSTEMPATH\Boot.php(67): CodeIgniter\Boot::runCodeIgniter(Object(CodeIgniter\CodeIgniter))
11 FCPATH\index.php(59): CodeIgniter\Boot::bootWeb(Object(Config\Paths))
CRITICAL - 2025-02-22 19:32:23 --> ErrorException: Undefined array key "monthly_amortization_1_years"
[Method: POST, Route: payment_option_submit]
in APPPATH\Controllers\MyLotsAndEstatesController.php on line 316.
 1 APPPATH\Controllers\MyLotsAndEstatesController.php(316): CodeIgniter\Debug\Exceptions->errorHandler(2, 'Undefined array key "monthly_amortization_1_years"', 'C:\\xampp\\htdocs\\ghmp-customer\\app\\Controllers\\MyLotsAndEstatesController.php', 316)
 2 APPPATH\Controllers\MyLotsAndEstatesController.php(285): App\Controllers\MyLotsAndEstatesController->applyInstallment(Object(App\Models\LotReservationModel), '1C1-3', [...], 1, '2025-03-24')
 3 APPPATH\Controllers\MyLotsAndEstatesController.php(259): App\Controllers\MyLotsAndEstatesController->applyPaymentOption(Object(App\Models\LotReservationModel), '1C1-3', 'Installment: 1 Year', [...], '2025-03-24')
 4 APPPATH\Controllers\MyLotsAndEstatesController.php(233): App\Controllers\MyLotsAndEstatesController->processLotReservation('1C1-3', 'Supreme', 'Installment: 1 Year', Object(CodeIgniter\Session\Session))
 5 SYSTEMPATH\CodeIgniter.php(933): App\Controllers\MyLotsAndEstatesController->paymentOptionSubmit()
 6 SYSTEMPATH\CodeIgniter.php(507): CodeIgniter\CodeIgniter->runController(Object(App\Controllers\MyLotsAndEstatesController))
 7 SYSTEMPATH\CodeIgniter.php(354): CodeIgniter\CodeIgniter->handleRequest(null, Object(Config\Cache), false)
 8 SYSTEMPATH\Boot.php(334): CodeIgniter\CodeIgniter->run()
 9 SYSTEMPATH\Boot.php(67): CodeIgniter\Boot::runCodeIgniter(Object(CodeIgniter\CodeIgniter))
10 FCPATH\index.php(59): CodeIgniter\Boot::bootWeb(Object(Config\Paths))
CRITICAL - 2025-02-22 19:38:35 --> ErrorException: Undefined array key "one_year"
[Method: POST, Route: payment_option_submit]
in APPPATH\Controllers\MyLotsAndEstatesController.php on line 323.
 1 APPPATH\Controllers\MyLotsAndEstatesController.php(323): CodeIgniter\Debug\Exceptions->errorHandler(2, 'Undefined array key "one_year"', 'C:\\xampp\\htdocs\\ghmp-customer\\app\\Controllers\\MyLotsAndEstatesController.php', 323)
 2 APPPATH\Controllers\MyLotsAndEstatesController.php(285): App\Controllers\MyLotsAndEstatesController->applyInstallment(Object(App\Models\LotReservationModel), '1C1-3', [...], 'one_year', '2025-03-24')
 3 APPPATH\Controllers\MyLotsAndEstatesController.php(259): App\Controllers\MyLotsAndEstatesController->applyPaymentOption(Object(App\Models\LotReservationModel), '1C1-3', 'Installment: 1 Year', [...], '2025-03-24')
 4 APPPATH\Controllers\MyLotsAndEstatesController.php(233): App\Controllers\MyLotsAndEstatesController->processLotReservation('1C1-3', 'Supreme', 'Installment: 1 Year', Object(CodeIgniter\Session\Session))
 5 SYSTEMPATH\CodeIgniter.php(933): App\Controllers\MyLotsAndEstatesController->paymentOptionSubmit()
 6 SYSTEMPATH\CodeIgniter.php(507): CodeIgniter\CodeIgniter->runController(Object(App\Controllers\MyLotsAndEstatesController))
 7 SYSTEMPATH\CodeIgniter.php(354): CodeIgniter\CodeIgniter->handleRequest(null, Object(Config\Cache), false)
 8 SYSTEMPATH\Boot.php(334): CodeIgniter\CodeIgniter->run()
 9 SYSTEMPATH\Boot.php(67): CodeIgniter\Boot::runCodeIgniter(Object(CodeIgniter\CodeIgniter))
10 FCPATH\index.php(59): CodeIgniter\Boot::bootWeb(Object(Config\Paths))
CRITICAL - 2025-02-22 19:38:38 --> ErrorException: Undefined array key "one_year"
[Method: POST, Route: payment_option_submit]
in APPPATH\Controllers\MyLotsAndEstatesController.php on line 323.
 1 APPPATH\Controllers\MyLotsAndEstatesController.php(323): CodeIgniter\Debug\Exceptions->errorHandler(2, 'Undefined array key "one_year"', 'C:\\xampp\\htdocs\\ghmp-customer\\app\\Controllers\\MyLotsAndEstatesController.php', 323)
 2 APPPATH\Controllers\MyLotsAndEstatesController.php(285): App\Controllers\MyLotsAndEstatesController->applyInstallment(Object(App\Models\LotReservationModel), '1C1-3', [...], 'one_year', '2025-03-24')
 3 APPPATH\Controllers\MyLotsAndEstatesController.php(259): App\Controllers\MyLotsAndEstatesController->applyPaymentOption(Object(App\Models\LotReservationModel), '1C1-3', 'Installment: 1 Year', [...], '2025-03-24')
 4 APPPATH\Controllers\MyLotsAndEstatesController.php(233): App\Controllers\MyLotsAndEstatesController->processLotReservation('1C1-3', 'Supreme', 'Installment: 1 Year', Object(CodeIgniter\Session\Session))
 5 SYSTEMPATH\CodeIgniter.php(933): App\Controllers\MyLotsAndEstatesController->paymentOptionSubmit()
 6 SYSTEMPATH\CodeIgniter.php(507): CodeIgniter\CodeIgniter->runController(Object(App\Controllers\MyLotsAndEstatesController))
 7 SYSTEMPATH\CodeIgniter.php(354): CodeIgniter\CodeIgniter->handleRequest(null, Object(Config\Cache), false)
 8 SYSTEMPATH\Boot.php(334): CodeIgniter\CodeIgniter->run()
 9 SYSTEMPATH\Boot.php(67): CodeIgniter\Boot::runCodeIgniter(Object(CodeIgniter\CodeIgniter))
10 FCPATH\index.php(59): CodeIgniter\Boot::bootWeb(Object(Config\Paths))
CRITICAL - 2025-02-22 19:40:02 --> ErrorException: Undefined array key "one_year"
[Method: POST, Route: payment_option_submit]
in APPPATH\Controllers\MyLotsAndEstatesController.php on line 323.
 1 APPPATH\Controllers\MyLotsAndEstatesController.php(323): CodeIgniter\Debug\Exceptions->errorHandler(2, 'Undefined array key "one_year"', 'C:\\xampp\\htdocs\\ghmp-customer\\app\\Controllers\\MyLotsAndEstatesController.php', 323)
 2 APPPATH\Controllers\MyLotsAndEstatesController.php(285): App\Controllers\MyLotsAndEstatesController->applyInstallment(Object(App\Models\LotReservationModel), '1C1-3', [...], 'one_year', '2025-03-24')
 3 APPPATH\Controllers\MyLotsAndEstatesController.php(259): App\Controllers\MyLotsAndEstatesController->applyPaymentOption(Object(App\Models\LotReservationModel), '1C1-3', 'Installment: 1 Year', [...], '2025-03-24')
 4 APPPATH\Controllers\MyLotsAndEstatesController.php(233): App\Controllers\MyLotsAndEstatesController->processLotReservation('1C1-3', 'Supreme', 'Installment: 1 Year', Object(CodeIgniter\Session\Session))
 5 SYSTEMPATH\CodeIgniter.php(933): App\Controllers\MyLotsAndEstatesController->paymentOptionSubmit()
 6 SYSTEMPATH\CodeIgniter.php(507): CodeIgniter\CodeIgniter->runController(Object(App\Controllers\MyLotsAndEstatesController))
 7 SYSTEMPATH\CodeIgniter.php(354): CodeIgniter\CodeIgniter->handleRequest(null, Object(Config\Cache), false)
 8 SYSTEMPATH\Boot.php(334): CodeIgniter\CodeIgniter->run()
 9 SYSTEMPATH\Boot.php(67): CodeIgniter\Boot::runCodeIgniter(Object(CodeIgniter\CodeIgniter))
10 FCPATH\index.php(59): CodeIgniter\Boot::bootWeb(Object(Config\Paths))
CRITICAL - 2025-02-22 19:41:40 --> TypeError: Unsupported operand types: string * int
[Method: POST, Route: payment_option_submit]
in APPPATH\Controllers\MyLotsAndEstatesController.php on line 355.
 1 APPPATH\Controllers\MyLotsAndEstatesController.php(326): App\Controllers\MyLotsAndEstatesController->getFinalBalance('4869.48', 'one')
 2 APPPATH\Controllers\MyLotsAndEstatesController.php(285): App\Controllers\MyLotsAndEstatesController->applyInstallment(Object(App\Models\LotReservationModel), '1C1-3', [...], 'one', '2025-03-24')
 3 APPPATH\Controllers\MyLotsAndEstatesController.php(259): App\Controllers\MyLotsAndEstatesController->applyPaymentOption(Object(App\Models\LotReservationModel), '1C1-3', 'Installment: 1 Year', [...], '2025-03-24')
 4 APPPATH\Controllers\MyLotsAndEstatesController.php(233): App\Controllers\MyLotsAndEstatesController->processLotReservation('1C1-3', 'Supreme', 'Installment: 1 Year', Object(CodeIgniter\Session\Session))
 5 SYSTEMPATH\CodeIgniter.php(933): App\Controllers\MyLotsAndEstatesController->paymentOptionSubmit()
 6 SYSTEMPATH\CodeIgniter.php(507): CodeIgniter\CodeIgniter->runController(Object(App\Controllers\MyLotsAndEstatesController))
 7 SYSTEMPATH\CodeIgniter.php(354): CodeIgniter\CodeIgniter->handleRequest(null, Object(Config\Cache), false)
 8 SYSTEMPATH\Boot.php(334): CodeIgniter\CodeIgniter->run()
 9 SYSTEMPATH\Boot.php(67): CodeIgniter\Boot::runCodeIgniter(Object(CodeIgniter\CodeIgniter))
10 FCPATH\index.php(59): CodeIgniter\Boot::bootWeb(Object(Config\Paths))
CRITICAL - 2025-02-22 19:41:54 --> ErrorException: hex2bin(): Hexadecimal input string must have an even length
[Method: GET, Route: select_payment_option/fe7b443ee7f39d9c10728b5fe80420f6f1968b415a7cf3e9a01fb0deb25d33310990bc0ff0b6726c858f203400c0ffc40cb279114572de20675e64faa33feb2a34db6316797424c33410d6e28dc3bd330f58c70704/my_lots_and_estates]
in APPPATH\Controllers\MyLotsAndEstatesController.php on line 43.
 1 [internal function]: CodeIgniter\Debug\Exceptions->errorHandler(2, 'hex2bin(): Hexadecimal input string must have an even length', 'C:\\xampp\\htdocs\\ghmp-customer\\app\\Controllers\\MyLotsAndEstatesController.php', 43)
 2 APPPATH\Controllers\MyLotsAndEstatesController.php(43): hex2bin('my_lots_and_estates')
 3 SYSTEMPATH\CodeIgniter.php(933): App\Controllers\MyLotsAndEstatesController->selectPaymentOption('fe7b443ee7f39d9c10728b5fe80420f6f1968b415a7cf3e9a01fb0deb25d33310990bc0ff0b6726c858f203400c0ffc40cb279114572de20675e64faa33feb2a34db6316797424c33410d6e28dc3bd330f58c70704', 'my_lots_and_estates')
 4 SYSTEMPATH\CodeIgniter.php(507): CodeIgniter\CodeIgniter->runController(Object(App\Controllers\MyLotsAndEstatesController))
 5 SYSTEMPATH\CodeIgniter.php(354): CodeIgniter\CodeIgniter->handleRequest(null, Object(Config\Cache), false)
 6 SYSTEMPATH\Boot.php(334): CodeIgniter\CodeIgniter->run()
 7 SYSTEMPATH\Boot.php(67): CodeIgniter\Boot::runCodeIgniter(Object(CodeIgniter\CodeIgniter))
 8 FCPATH\index.php(59): CodeIgniter\Boot::bootWeb(Object(Config\Paths))
CRITICAL - 2025-02-22 19:41:56 --> ErrorException: hex2bin(): Hexadecimal input string must have an even length
[Method: GET, Route: select_payment_option/fe7b443ee7f39d9c10728b5fe80420f6f1968b415a7cf3e9a01fb0deb25d33310990bc0ff0b6726c858f203400c0ffc40cb279114572de20675e64faa33feb2a34db6316797424c33410d6e28dc3bd330f58c70704/dashboard]
in APPPATH\Controllers\MyLotsAndEstatesController.php on line 43.
 1 [internal function]: CodeIgniter\Debug\Exceptions->errorHandler(2, 'hex2bin(): Hexadecimal input string must have an even length', 'C:\\xampp\\htdocs\\ghmp-customer\\app\\Controllers\\MyLotsAndEstatesController.php', 43)
 2 APPPATH\Controllers\MyLotsAndEstatesController.php(43): hex2bin('dashboard')
 3 SYSTEMPATH\CodeIgniter.php(933): App\Controllers\MyLotsAndEstatesController->selectPaymentOption('fe7b443ee7f39d9c10728b5fe80420f6f1968b415a7cf3e9a01fb0deb25d33310990bc0ff0b6726c858f203400c0ffc40cb279114572de20675e64faa33feb2a34db6316797424c33410d6e28dc3bd330f58c70704', 'dashboard')
 4 SYSTEMPATH\CodeIgniter.php(507): CodeIgniter\CodeIgniter->runController(Object(App\Controllers\MyLotsAndEstatesController))
 5 SYSTEMPATH\CodeIgniter.php(354): CodeIgniter\CodeIgniter->handleRequest(null, Object(Config\Cache), false)
 6 SYSTEMPATH\Boot.php(334): CodeIgniter\CodeIgniter->run()
 7 SYSTEMPATH\Boot.php(67): CodeIgniter\Boot::runCodeIgniter(Object(CodeIgniter\CodeIgniter))
 8 FCPATH\index.php(59): CodeIgniter\Boot::bootWeb(Object(Config\Paths))
CRITICAL - 2025-02-22 19:43:20 --> ErrorException: hex2bin(): Hexadecimal input string must have an even length
[Method: GET, Route: select_payment_option/fe7b443ee7f39d9c10728b5fe80420f6f1968b415a7cf3e9a01fb0deb25d33310990bc0ff0b6726c858f203400c0ffc40cb279114572de20675e64faa33feb2a34db6316797424c33410d6e28dc3bd330f58c70704/reserve_lot]
in APPPATH\Controllers\MyLotsAndEstatesController.php on line 43.
 1 [internal function]: CodeIgniter\Debug\Exceptions->errorHandler(2, 'hex2bin(): Hexadecimal input string must have an even length', 'C:\\xampp\\htdocs\\ghmp-customer\\app\\Controllers\\MyLotsAndEstatesController.php', 43)
 2 APPPATH\Controllers\MyLotsAndEstatesController.php(43): hex2bin('reserve_lot')
 3 SYSTEMPATH\CodeIgniter.php(933): App\Controllers\MyLotsAndEstatesController->selectPaymentOption('fe7b443ee7f39d9c10728b5fe80420f6f1968b415a7cf3e9a01fb0deb25d33310990bc0ff0b6726c858f203400c0ffc40cb279114572de20675e64faa33feb2a34db6316797424c33410d6e28dc3bd330f58c70704', 'reserve_lot')
 4 SYSTEMPATH\CodeIgniter.php(507): CodeIgniter\CodeIgniter->runController(Object(App\Controllers\MyLotsAndEstatesController))
 5 SYSTEMPATH\CodeIgniter.php(354): CodeIgniter\CodeIgniter->handleRequest(null, Object(Config\Cache), false)
 6 SYSTEMPATH\Boot.php(334): CodeIgniter\CodeIgniter->run()
 7 SYSTEMPATH\Boot.php(67): CodeIgniter\Boot::runCodeIgniter(Object(CodeIgniter\CodeIgniter))
 8 FCPATH\index.php(59): CodeIgniter\Boot::bootWeb(Object(Config\Paths))
CRITICAL - 2025-02-22 19:43:40 --> ErrorException: hex2bin(): Hexadecimal input string must have an even length
[Method: GET, Route: select_payment_option/fe7b443ee7f39d9c10728b5fe80420f6f1968b415a7cf3e9a01fb0deb25d33310990bc0ff0b6726c858f203400c0ffc40cb279114572de20675e64faa33feb2a34db6316797424c33410d6e28dc3bd330f58c70704/dashboard]
in APPPATH\Controllers\MyLotsAndEstatesController.php on line 43.
 1 [internal function]: CodeIgniter\Debug\Exceptions->errorHandler(2, 'hex2bin(): Hexadecimal input string must have an even length', 'C:\\xampp\\htdocs\\ghmp-customer\\app\\Controllers\\MyLotsAndEstatesController.php', 43)
 2 APPPATH\Controllers\MyLotsAndEstatesController.php(43): hex2bin('dashboard')
 3 SYSTEMPATH\CodeIgniter.php(933): App\Controllers\MyLotsAndEstatesController->selectPaymentOption('fe7b443ee7f39d9c10728b5fe80420f6f1968b415a7cf3e9a01fb0deb25d33310990bc0ff0b6726c858f203400c0ffc40cb279114572de20675e64faa33feb2a34db6316797424c33410d6e28dc3bd330f58c70704', 'dashboard')
 4 SYSTEMPATH\CodeIgniter.php(507): CodeIgniter\CodeIgniter->runController(Object(App\Controllers\MyLotsAndEstatesController))
 5 SYSTEMPATH\CodeIgniter.php(354): CodeIgniter\CodeIgniter->handleRequest(null, Object(Config\Cache), false)
 6 SYSTEMPATH\Boot.php(334): CodeIgniter\CodeIgniter->run()
 7 SYSTEMPATH\Boot.php(67): CodeIgniter\Boot::runCodeIgniter(Object(CodeIgniter\CodeIgniter))
 8 FCPATH\index.php(59): CodeIgniter\Boot::bootWeb(Object(Config\Paths))
CRITICAL - 2025-02-22 19:44:21 --> ErrorException: hex2bin(): Hexadecimal input string must have an even length
[Method: GET, Route: select_payment_option/80f4909201bc23a84e841e1fe5da9a9cec33e160cb8b91dd06bd242aeb7eea438122dede32149277f33c3aa5e780787add7e0c8dcca9dfb6bd1b7e05745cd717b0c557784d2165e6ab47831e3de163846aca44426b/my_lots_and_estates]
in APPPATH\Controllers\MyLotsAndEstatesController.php on line 43.
 1 [internal function]: CodeIgniter\Debug\Exceptions->errorHandler(2, 'hex2bin(): Hexadecimal input string must have an even length', 'C:\\xampp\\htdocs\\ghmp-customer\\app\\Controllers\\MyLotsAndEstatesController.php', 43)
 2 APPPATH\Controllers\MyLotsAndEstatesController.php(43): hex2bin('my_lots_and_estates')
 3 SYSTEMPATH\CodeIgniter.php(933): App\Controllers\MyLotsAndEstatesController->selectPaymentOption('80f4909201bc23a84e841e1fe5da9a9cec33e160cb8b91dd06bd242aeb7eea438122dede32149277f33c3aa5e780787add7e0c8dcca9dfb6bd1b7e05745cd717b0c557784d2165e6ab47831e3de163846aca44426b', 'my_lots_and_estates')
 4 SYSTEMPATH\CodeIgniter.php(507): CodeIgniter\CodeIgniter->runController(Object(App\Controllers\MyLotsAndEstatesController))
 5 SYSTEMPATH\CodeIgniter.php(354): CodeIgniter\CodeIgniter->handleRequest(null, Object(Config\Cache), false)
 6 SYSTEMPATH\Boot.php(334): CodeIgniter\CodeIgniter->run()
 7 SYSTEMPATH\Boot.php(67): CodeIgniter\Boot::runCodeIgniter(Object(CodeIgniter\CodeIgniter))
 8 FCPATH\index.php(59): CodeIgniter\Boot::bootWeb(Object(Config\Paths))
CRITICAL - 2025-02-22 19:46:41 --> TypeError: Unsupported operand types: string * int
[Method: POST, Route: payment_option_submit]
in APPPATH\Controllers\MyLotsAndEstatesController.php on line 355.
 1 APPPATH\Controllers\MyLotsAndEstatesController.php(326): App\Controllers\MyLotsAndEstatesController->getFinalBalance('4869.48', 'one')
 2 APPPATH\Controllers\MyLotsAndEstatesController.php(285): App\Controllers\MyLotsAndEstatesController->applyInstallment(Object(App\Models\LotReservationModel), '1C1-3', [...], 'one', '2025-03-24')
 3 APPPATH\Controllers\MyLotsAndEstatesController.php(259): App\Controllers\MyLotsAndEstatesController->applyPaymentOption(Object(App\Models\LotReservationModel), '1C1-3', 'Installment: 1 Year', [...], '2025-03-24')
 4 APPPATH\Controllers\MyLotsAndEstatesController.php(233): App\Controllers\MyLotsAndEstatesController->processLotReservation('1C1-3', 'Supreme', 'Installment: 1 Year', Object(CodeIgniter\Session\Session))
 5 SYSTEMPATH\CodeIgniter.php(933): App\Controllers\MyLotsAndEstatesController->paymentOptionSubmit()
 6 SYSTEMPATH\CodeIgniter.php(507): CodeIgniter\CodeIgniter->runController(Object(App\Controllers\MyLotsAndEstatesController))
 7 SYSTEMPATH\CodeIgniter.php(354): CodeIgniter\CodeIgniter->handleRequest(null, Object(Config\Cache), false)
 8 SYSTEMPATH\Boot.php(334): CodeIgniter\CodeIgniter->run()
 9 SYSTEMPATH\Boot.php(67): CodeIgniter\Boot::runCodeIgniter(Object(CodeIgniter\CodeIgniter))
10 FCPATH\index.php(59): CodeIgniter\Boot::bootWeb(Object(Config\Paths))
ERROR - 2025-02-22 19:56:00 --> mysqli_sql_exception: Unknown column 'estate_insatllments.estate_id' in 'on clause' in C:\xampp\htdocs\ghmp-customer\system\Database\MySQLi\Connection.php:327
Stack trace:
#0 C:\xampp\htdocs\ghmp-customer\system\Database\MySQLi\Connection.php(327): mysqli->query('SELECT `lot_res...', 0)
#1 C:\xampp\htdocs\ghmp-customer\system\Database\BaseConnection.php(738): CodeIgniter\Database\MySQLi\Connection->execute('SELECT `lot_res...')
#2 C:\xampp\htdocs\ghmp-customer\system\Database\BaseConnection.php(652): CodeIgniter\Database\BaseConnection->simpleQuery('SELECT `lot_res...')
#3 C:\xampp\htdocs\ghmp-customer\app\Models\AssetModel.php(62): CodeIgniter\Database\BaseConnection->query('SELECT `lot_res...')
#4 C:\xampp\htdocs\ghmp-customer\app\Controllers\MyLotsAndEstatesController.php(21): App\Models\AssetModel->getAssetsById('1')
#5 C:\xampp\htdocs\ghmp-customer\system\CodeIgniter.php(933): App\Controllers\MyLotsAndEstatesController->index()
#6 C:\xampp\htdocs\ghmp-customer\system\CodeIgniter.php(507): CodeIgniter\CodeIgniter->runController(Object(App\Controllers\MyLotsAndEstatesController))
#7 C:\xampp\htdocs\ghmp-customer\system\CodeIgniter.php(354): CodeIgniter\CodeIgniter->handleRequest(NULL, Object(Config\Cache), false)
#8 C:\xampp\htdocs\ghmp-customer\system\Boot.php(334): CodeIgniter\CodeIgniter->run()
#9 C:\xampp\htdocs\ghmp-customer\system\Boot.php(67): CodeIgniter\Boot::runCodeIgniter(Object(CodeIgniter\CodeIgniter))
#10 C:\xampp\htdocs\ghmp-customer\public\index.php(59): CodeIgniter\Boot::bootWeb(Object(Config\Paths))
#11 {main}
CRITICAL - 2025-02-22 19:56:00 --> CodeIgniter\Database\Exceptions\DatabaseException: Unknown column 'estate_insatllments.estate_id' in 'on clause'
[Method: GET, Route: my_lots_and_estates]
in SYSTEMPATH\Database\BaseConnection.php on line 692.
 1 APPPATH\Models\AssetModel.php(62): CodeIgniter\Database\BaseConnection->query('SELECT `lot_reservations`.`lot_id` AS `asset_id`, `lot_reservations`.`reservee_id`, `lot_reservations`.`lot_type` AS `asset_type`, `lot_reservations`.`payment_option`, `lot_reservations`.`reservation_status`, \'lot\' AS asset, COALESCE(cash_sales.payment_amount, `six_months`.`payment_amount`, `installments`.`monthly_payment`, 0) AS payment_amount, CASE
            WHEN cash_sales.payment_amount IS NOT NULL THEN \'cash_sale\'
            WHEN six_months.payment_amount IS NOT NULL THEN \'six_months\'
            WHEN installments.monthly_payment IS NOT NULL THEN \'installments\'
            ELSE \'none\'
        END AS payment_type
FROM `lot_reservations`
LEFT JOIN `cash_sales` ON `cash_sales`.`lot_id` = `lot_reservations`.`lot_id`
LEFT JOIN `six_months` ON `six_months`.`lot_id` = `lot_reservations`.`lot_id`
LEFT JOIN `installments` ON `installments`.`lot_id` = `lot_reservations`.`lot_id`
WHERE `lot_reservations`.`reservee_id` = \'1\' UNION SELECT `estate_reservations`.`estate_id` AS `asset_id`, `estate_reservations`.`reservee_id`, `estate_reservations`.`estate_type` AS `asset_type`, `estate_reservations`.`payment_option`, `estate_reservations`.`reservation_status`, \'estate\' AS asset, COALESCE(estate_cash_sales.payment_amount, `estate_six_months`.`payment_amount`, `estate_installments`.`monthly_payment`, 0) AS payment_amount, CASE
                WHEN estate_cash_sales.payment_amount IS NOT NULL THEN \'estate_cash_sale\'
                WHEN estate_six_months.payment_amount IS NOT NULL THEN \'estate_six_months\'
                WHEN estate_installments.monthly_payment IS NOT NULL THEN \'estate_installments\'
                ELSE \'none\'
            END AS payment_type
FROM `estate_reservations`
LEFT JOIN `estate_cash_sales` ON `estate_cash_sales`.`estate_id` = `estate_reservations`.`estate_id`
LEFT JOIN `estate_six_months` ON `estate_six_months`.`estate_id` = `estate_reservations`.`estate_id`
LEFT JOIN `estate_installments` ON `estate_insatllments`.`estate_id` = `estate_reservations`.`estate_id`
WHERE `estate_reservations`.`reservee_id` = \'1\'')
 2 APPPATH\Controllers\MyLotsAndEstatesController.php(21): App\Models\AssetModel->getAssetsById('1')
 3 SYSTEMPATH\CodeIgniter.php(933): App\Controllers\MyLotsAndEstatesController->index()
 4 SYSTEMPATH\CodeIgniter.php(507): CodeIgniter\CodeIgniter->runController(Object(App\Controllers\MyLotsAndEstatesController))
 5 SYSTEMPATH\CodeIgniter.php(354): CodeIgniter\CodeIgniter->handleRequest(null, Object(Config\Cache), false)
 6 SYSTEMPATH\Boot.php(334): CodeIgniter\CodeIgniter->run()
 7 SYSTEMPATH\Boot.php(67): CodeIgniter\Boot::runCodeIgniter(Object(CodeIgniter\CodeIgniter))
 8 FCPATH\index.php(59): CodeIgniter\Boot::bootWeb(Object(Config\Paths))
CRITICAL - 2025-02-22 19:56:00 --> [Caused by] CodeIgniter\Database\Exceptions\DatabaseException: Unknown column 'estate_insatllments.estate_id' in 'on clause'
in SYSTEMPATH\Database\MySQLi\Connection.php on line 332.
 1 SYSTEMPATH\Database\BaseConnection.php(738): CodeIgniter\Database\MySQLi\Connection->execute('SELECT `lot_reservations`.`lot_id` AS `asset_id`, `lot_reservations`.`reservee_id`, `lot_reservations`.`lot_type` AS `asset_type`, `lot_reservations`.`payment_option`, `lot_reservations`.`reservation_status`, \'lot\' AS asset, COALESCE(cash_sales.payment_amount, `six_months`.`payment_amount`, `installments`.`monthly_payment`, 0) AS payment_amount, CASE
            WHEN cash_sales.payment_amount IS NOT NULL THEN \'cash_sale\'
            WHEN six_months.payment_amount IS NOT NULL THEN \'six_months\'
            WHEN installments.monthly_payment IS NOT NULL THEN \'installments\'
            ELSE \'none\'
        END AS payment_type
FROM `lot_reservations`
LEFT JOIN `cash_sales` ON `cash_sales`.`lot_id` = `lot_reservations`.`lot_id`
LEFT JOIN `six_months` ON `six_months`.`lot_id` = `lot_reservations`.`lot_id`
LEFT JOIN `installments` ON `installments`.`lot_id` = `lot_reservations`.`lot_id`
WHERE `lot_reservations`.`reservee_id` = \'1\' UNION SELECT `estate_reservations`.`estate_id` AS `asset_id`, `estate_reservations`.`reservee_id`, `estate_reservations`.`estate_type` AS `asset_type`, `estate_reservations`.`payment_option`, `estate_reservations`.`reservation_status`, \'estate\' AS asset, COALESCE(estate_cash_sales.payment_amount, `estate_six_months`.`payment_amount`, `estate_installments`.`monthly_payment`, 0) AS payment_amount, CASE
                WHEN estate_cash_sales.payment_amount IS NOT NULL THEN \'estate_cash_sale\'
                WHEN estate_six_months.payment_amount IS NOT NULL THEN \'estate_six_months\'
                WHEN estate_installments.monthly_payment IS NOT NULL THEN \'estate_installments\'
                ELSE \'none\'
            END AS payment_type
FROM `estate_reservations`
LEFT JOIN `estate_cash_sales` ON `estate_cash_sales`.`estate_id` = `estate_reservations`.`estate_id`
LEFT JOIN `estate_six_months` ON `estate_six_months`.`estate_id` = `estate_reservations`.`estate_id`
LEFT JOIN `estate_installments` ON `estate_insatllments`.`estate_id` = `estate_reservations`.`estate_id`
WHERE `estate_reservations`.`reservee_id` = \'1\'')
 2 SYSTEMPATH\Database\BaseConnection.php(652): CodeIgniter\Database\BaseConnection->simpleQuery('SELECT `lot_reservations`.`lot_id` AS `asset_id`, `lot_reservations`.`reservee_id`, `lot_reservations`.`lot_type` AS `asset_type`, `lot_reservations`.`payment_option`, `lot_reservations`.`reservation_status`, \'lot\' AS asset, COALESCE(cash_sales.payment_amount, `six_months`.`payment_amount`, `installments`.`monthly_payment`, 0) AS payment_amount, CASE
            WHEN cash_sales.payment_amount IS NOT NULL THEN \'cash_sale\'
            WHEN six_months.payment_amount IS NOT NULL THEN \'six_months\'
            WHEN installments.monthly_payment IS NOT NULL THEN \'installments\'
            ELSE \'none\'
        END AS payment_type
FROM `lot_reservations`
LEFT JOIN `cash_sales` ON `cash_sales`.`lot_id` = `lot_reservations`.`lot_id`
LEFT JOIN `six_months` ON `six_months`.`lot_id` = `lot_reservations`.`lot_id`
LEFT JOIN `installments` ON `installments`.`lot_id` = `lot_reservations`.`lot_id`
WHERE `lot_reservations`.`reservee_id` = \'1\' UNION SELECT `estate_reservations`.`estate_id` AS `asset_id`, `estate_reservations`.`reservee_id`, `estate_reservations`.`estate_type` AS `asset_type`, `estate_reservations`.`payment_option`, `estate_reservations`.`reservation_status`, \'estate\' AS asset, COALESCE(estate_cash_sales.payment_amount, `estate_six_months`.`payment_amount`, `estate_installments`.`monthly_payment`, 0) AS payment_amount, CASE
                WHEN estate_cash_sales.payment_amount IS NOT NULL THEN \'estate_cash_sale\'
                WHEN estate_six_months.payment_amount IS NOT NULL THEN \'estate_six_months\'
                WHEN estate_installments.monthly_payment IS NOT NULL THEN \'estate_installments\'
                ELSE \'none\'
            END AS payment_type
FROM `estate_reservations`
LEFT JOIN `estate_cash_sales` ON `estate_cash_sales`.`estate_id` = `estate_reservations`.`estate_id`
LEFT JOIN `estate_six_months` ON `estate_six_months`.`estate_id` = `estate_reservations`.`estate_id`
LEFT JOIN `estate_installments` ON `estate_insatllments`.`estate_id` = `estate_reservations`.`estate_id`
WHERE `estate_reservations`.`reservee_id` = \'1\'')
 3 APPPATH\Models\AssetModel.php(62): CodeIgniter\Database\BaseConnection->query('SELECT `lot_reservations`.`lot_id` AS `asset_id`, `lot_reservations`.`reservee_id`, `lot_reservations`.`lot_type` AS `asset_type`, `lot_reservations`.`payment_option`, `lot_reservations`.`reservation_status`, \'lot\' AS asset, COALESCE(cash_sales.payment_amount, `six_months`.`payment_amount`, `installments`.`monthly_payment`, 0) AS payment_amount, CASE
            WHEN cash_sales.payment_amount IS NOT NULL THEN \'cash_sale\'
            WHEN six_months.payment_amount IS NOT NULL THEN \'six_months\'
            WHEN installments.monthly_payment IS NOT NULL THEN \'installments\'
            ELSE \'none\'
        END AS payment_type
FROM `lot_reservations`
LEFT JOIN `cash_sales` ON `cash_sales`.`lot_id` = `lot_reservations`.`lot_id`
LEFT JOIN `six_months` ON `six_months`.`lot_id` = `lot_reservations`.`lot_id`
LEFT JOIN `installments` ON `installments`.`lot_id` = `lot_reservations`.`lot_id`
WHERE `lot_reservations`.`reservee_id` = \'1\' UNION SELECT `estate_reservations`.`estate_id` AS `asset_id`, `estate_reservations`.`reservee_id`, `estate_reservations`.`estate_type` AS `asset_type`, `estate_reservations`.`payment_option`, `estate_reservations`.`reservation_status`, \'estate\' AS asset, COALESCE(estate_cash_sales.payment_amount, `estate_six_months`.`payment_amount`, `estate_installments`.`monthly_payment`, 0) AS payment_amount, CASE
                WHEN estate_cash_sales.payment_amount IS NOT NULL THEN \'estate_cash_sale\'
                WHEN estate_six_months.payment_amount IS NOT NULL THEN \'estate_six_months\'
                WHEN estate_installments.monthly_payment IS NOT NULL THEN \'estate_installments\'
                ELSE \'none\'
            END AS payment_type
FROM `estate_reservations`
LEFT JOIN `estate_cash_sales` ON `estate_cash_sales`.`estate_id` = `estate_reservations`.`estate_id`
LEFT JOIN `estate_six_months` ON `estate_six_months`.`estate_id` = `estate_reservations`.`estate_id`
LEFT JOIN `estate_installments` ON `estate_insatllments`.`estate_id` = `estate_reservations`.`estate_id`
WHERE `estate_reservations`.`reservee_id` = \'1\'')
 4 APPPATH\Controllers\MyLotsAndEstatesController.php(21): App\Models\AssetModel->getAssetsById('1')
 5 SYSTEMPATH\CodeIgniter.php(933): App\Controllers\MyLotsAndEstatesController->index()
 6 SYSTEMPATH\CodeIgniter.php(507): CodeIgniter\CodeIgniter->runController(Object(App\Controllers\MyLotsAndEstatesController))
 7 SYSTEMPATH\CodeIgniter.php(354): CodeIgniter\CodeIgniter->handleRequest(null, Object(Config\Cache), false)
 8 SYSTEMPATH\Boot.php(334): CodeIgniter\CodeIgniter->run()
 9 SYSTEMPATH\Boot.php(67): CodeIgniter\Boot::runCodeIgniter(Object(CodeIgniter\CodeIgniter))
10 FCPATH\index.php(59): CodeIgniter\Boot::bootWeb(Object(Config\Paths))
CRITICAL - 2025-02-22 19:56:00 --> [Caused by] mysqli_sql_exception: Unknown column 'estate_insatllments.estate_id' in 'on clause'
in SYSTEMPATH\Database\MySQLi\Connection.php on line 327.
 1 SYSTEMPATH\Database\MySQLi\Connection.php(327): mysqli->query('SELECT `lot_reservations`.`lot_id` AS `asset_id`, `lot_reservations`.`reservee_id`, `lot_reservations`.`lot_type` AS `asset_type`, `lot_reservations`.`payment_option`, `lot_reservations`.`reservation_status`, \'lot\' AS asset, COALESCE(cash_sales.payment_amount, `six_months`.`payment_amount`, `installments`.`monthly_payment`, 0) AS payment_amount, CASE
            WHEN cash_sales.payment_amount IS NOT NULL THEN \'cash_sale\'
            WHEN six_months.payment_amount IS NOT NULL THEN \'six_months\'
            WHEN installments.monthly_payment IS NOT NULL THEN \'installments\'
            ELSE \'none\'
        END AS payment_type
FROM `lot_reservations`
LEFT JOIN `cash_sales` ON `cash_sales`.`lot_id` = `lot_reservations`.`lot_id`
LEFT JOIN `six_months` ON `six_months`.`lot_id` = `lot_reservations`.`lot_id`
LEFT JOIN `installments` ON `installments`.`lot_id` = `lot_reservations`.`lot_id`
WHERE `lot_reservations`.`reservee_id` = \'1\' UNION SELECT `estate_reservations`.`estate_id` AS `asset_id`, `estate_reservations`.`reservee_id`, `estate_reservations`.`estate_type` AS `asset_type`, `estate_reservations`.`payment_option`, `estate_reservations`.`reservation_status`, \'estate\' AS asset, COALESCE(estate_cash_sales.payment_amount, `estate_six_months`.`payment_amount`, `estate_installments`.`monthly_payment`, 0) AS payment_amount, CASE
                WHEN estate_cash_sales.payment_amount IS NOT NULL THEN \'estate_cash_sale\'
                WHEN estate_six_months.payment_amount IS NOT NULL THEN \'estate_six_months\'
                WHEN estate_installments.monthly_payment IS NOT NULL THEN \'estate_installments\'
                ELSE \'none\'
            END AS payment_type
FROM `estate_reservations`
LEFT JOIN `estate_cash_sales` ON `estate_cash_sales`.`estate_id` = `estate_reservations`.`estate_id`
LEFT JOIN `estate_six_months` ON `estate_six_months`.`estate_id` = `estate_reservations`.`estate_id`
LEFT JOIN `estate_installments` ON `estate_insatllments`.`estate_id` = `estate_reservations`.`estate_id`
WHERE `estate_reservations`.`reservee_id` = \'1\'', 0)
 2 SYSTEMPATH\Database\BaseConnection.php(738): CodeIgniter\Database\MySQLi\Connection->execute('SELECT `lot_reservations`.`lot_id` AS `asset_id`, `lot_reservations`.`reservee_id`, `lot_reservations`.`lot_type` AS `asset_type`, `lot_reservations`.`payment_option`, `lot_reservations`.`reservation_status`, \'lot\' AS asset, COALESCE(cash_sales.payment_amount, `six_months`.`payment_amount`, `installments`.`monthly_payment`, 0) AS payment_amount, CASE
            WHEN cash_sales.payment_amount IS NOT NULL THEN \'cash_sale\'
            WHEN six_months.payment_amount IS NOT NULL THEN \'six_months\'
            WHEN installments.monthly_payment IS NOT NULL THEN \'installments\'
            ELSE \'none\'
        END AS payment_type
FROM `lot_reservations`
LEFT JOIN `cash_sales` ON `cash_sales`.`lot_id` = `lot_reservations`.`lot_id`
LEFT JOIN `six_months` ON `six_months`.`lot_id` = `lot_reservations`.`lot_id`
LEFT JOIN `installments` ON `installments`.`lot_id` = `lot_reservations`.`lot_id`
WHERE `lot_reservations`.`reservee_id` = \'1\' UNION SELECT `estate_reservations`.`estate_id` AS `asset_id`, `estate_reservations`.`reservee_id`, `estate_reservations`.`estate_type` AS `asset_type`, `estate_reservations`.`payment_option`, `estate_reservations`.`reservation_status`, \'estate\' AS asset, COALESCE(estate_cash_sales.payment_amount, `estate_six_months`.`payment_amount`, `estate_installments`.`monthly_payment`, 0) AS payment_amount, CASE
                WHEN estate_cash_sales.payment_amount IS NOT NULL THEN \'estate_cash_sale\'
                WHEN estate_six_months.payment_amount IS NOT NULL THEN \'estate_six_months\'
                WHEN estate_installments.monthly_payment IS NOT NULL THEN \'estate_installments\'
                ELSE \'none\'
            END AS payment_type
FROM `estate_reservations`
LEFT JOIN `estate_cash_sales` ON `estate_cash_sales`.`estate_id` = `estate_reservations`.`estate_id`
LEFT JOIN `estate_six_months` ON `estate_six_months`.`estate_id` = `estate_reservations`.`estate_id`
LEFT JOIN `estate_installments` ON `estate_insatllments`.`estate_id` = `estate_reservations`.`estate_id`
WHERE `estate_reservations`.`reservee_id` = \'1\'')
 3 SYSTEMPATH\Database\BaseConnection.php(652): CodeIgniter\Database\BaseConnection->simpleQuery('SELECT `lot_reservations`.`lot_id` AS `asset_id`, `lot_reservations`.`reservee_id`, `lot_reservations`.`lot_type` AS `asset_type`, `lot_reservations`.`payment_option`, `lot_reservations`.`reservation_status`, \'lot\' AS asset, COALESCE(cash_sales.payment_amount, `six_months`.`payment_amount`, `installments`.`monthly_payment`, 0) AS payment_amount, CASE
            WHEN cash_sales.payment_amount IS NOT NULL THEN \'cash_sale\'
            WHEN six_months.payment_amount IS NOT NULL THEN \'six_months\'
            WHEN installments.monthly_payment IS NOT NULL THEN \'installments\'
            ELSE \'none\'
        END AS payment_type
FROM `lot_reservations`
LEFT JOIN `cash_sales` ON `cash_sales`.`lot_id` = `lot_reservations`.`lot_id`
LEFT JOIN `six_months` ON `six_months`.`lot_id` = `lot_reservations`.`lot_id`
LEFT JOIN `installments` ON `installments`.`lot_id` = `lot_reservations`.`lot_id`
WHERE `lot_reservations`.`reservee_id` = \'1\' UNION SELECT `estate_reservations`.`estate_id` AS `asset_id`, `estate_reservations`.`reservee_id`, `estate_reservations`.`estate_type` AS `asset_type`, `estate_reservations`.`payment_option`, `estate_reservations`.`reservation_status`, \'estate\' AS asset, COALESCE(estate_cash_sales.payment_amount, `estate_six_months`.`payment_amount`, `estate_installments`.`monthly_payment`, 0) AS payment_amount, CASE
                WHEN estate_cash_sales.payment_amount IS NOT NULL THEN \'estate_cash_sale\'
                WHEN estate_six_months.payment_amount IS NOT NULL THEN \'estate_six_months\'
                WHEN estate_installments.monthly_payment IS NOT NULL THEN \'estate_installments\'
                ELSE \'none\'
            END AS payment_type
FROM `estate_reservations`
LEFT JOIN `estate_cash_sales` ON `estate_cash_sales`.`estate_id` = `estate_reservations`.`estate_id`
LEFT JOIN `estate_six_months` ON `estate_six_months`.`estate_id` = `estate_reservations`.`estate_id`
LEFT JOIN `estate_installments` ON `estate_insatllments`.`estate_id` = `estate_reservations`.`estate_id`
WHERE `estate_reservations`.`reservee_id` = \'1\'')
 4 APPPATH\Models\AssetModel.php(62): CodeIgniter\Database\BaseConnection->query('SELECT `lot_reservations`.`lot_id` AS `asset_id`, `lot_reservations`.`reservee_id`, `lot_reservations`.`lot_type` AS `asset_type`, `lot_reservations`.`payment_option`, `lot_reservations`.`reservation_status`, \'lot\' AS asset, COALESCE(cash_sales.payment_amount, `six_months`.`payment_amount`, `installments`.`monthly_payment`, 0) AS payment_amount, CASE
            WHEN cash_sales.payment_amount IS NOT NULL THEN \'cash_sale\'
            WHEN six_months.payment_amount IS NOT NULL THEN \'six_months\'
            WHEN installments.monthly_payment IS NOT NULL THEN \'installments\'
            ELSE \'none\'
        END AS payment_type
FROM `lot_reservations`
LEFT JOIN `cash_sales` ON `cash_sales`.`lot_id` = `lot_reservations`.`lot_id`
LEFT JOIN `six_months` ON `six_months`.`lot_id` = `lot_reservations`.`lot_id`
LEFT JOIN `installments` ON `installments`.`lot_id` = `lot_reservations`.`lot_id`
WHERE `lot_reservations`.`reservee_id` = \'1\' UNION SELECT `estate_reservations`.`estate_id` AS `asset_id`, `estate_reservations`.`reservee_id`, `estate_reservations`.`estate_type` AS `asset_type`, `estate_reservations`.`payment_option`, `estate_reservations`.`reservation_status`, \'estate\' AS asset, COALESCE(estate_cash_sales.payment_amount, `estate_six_months`.`payment_amount`, `estate_installments`.`monthly_payment`, 0) AS payment_amount, CASE
                WHEN estate_cash_sales.payment_amount IS NOT NULL THEN \'estate_cash_sale\'
                WHEN estate_six_months.payment_amount IS NOT NULL THEN \'estate_six_months\'
                WHEN estate_installments.monthly_payment IS NOT NULL THEN \'estate_installments\'
                ELSE \'none\'
            END AS payment_type
FROM `estate_reservations`
LEFT JOIN `estate_cash_sales` ON `estate_cash_sales`.`estate_id` = `estate_reservations`.`estate_id`
LEFT JOIN `estate_six_months` ON `estate_six_months`.`estate_id` = `estate_reservations`.`estate_id`
LEFT JOIN `estate_installments` ON `estate_insatllments`.`estate_id` = `estate_reservations`.`estate_id`
WHERE `estate_reservations`.`reservee_id` = \'1\'')
 5 APPPATH\Controllers\MyLotsAndEstatesController.php(21): App\Models\AssetModel->getAssetsById('1')
 6 SYSTEMPATH\CodeIgniter.php(933): App\Controllers\MyLotsAndEstatesController->index()
 7 SYSTEMPATH\CodeIgniter.php(507): CodeIgniter\CodeIgniter->runController(Object(App\Controllers\MyLotsAndEstatesController))
 8 SYSTEMPATH\CodeIgniter.php(354): CodeIgniter\CodeIgniter->handleRequest(null, Object(Config\Cache), false)
 9 SYSTEMPATH\Boot.php(334): CodeIgniter\CodeIgniter->run()
10 SYSTEMPATH\Boot.php(67): CodeIgniter\Boot::runCodeIgniter(Object(CodeIgniter\CodeIgniter))
11 FCPATH\index.php(59): CodeIgniter\Boot::bootWeb(Object(Config\Paths))
CRITICAL - 2025-02-22 23:47:05 --> ParseError: syntax error, unexpected variable "$routes"
[Method: GET, Route: payment_management]
in APPPATH\Config\Routes.php on line 35.
 1 SYSTEMPATH\CodeIgniter.php(821): CodeIgniter\Router\RouteCollection->loadRoutes()
 2 SYSTEMPATH\CodeIgniter.php(455): CodeIgniter\CodeIgniter->tryToRouteIt(null)
 3 SYSTEMPATH\CodeIgniter.php(354): CodeIgniter\CodeIgniter->handleRequest(null, Object(Config\Cache), false)
 4 SYSTEMPATH\Boot.php(334): CodeIgniter\CodeIgniter->run()
 5 SYSTEMPATH\Boot.php(67): CodeIgniter\Boot::runCodeIgniter(Object(CodeIgniter\CodeIgniter))
 6 FCPATH\index.php(59): CodeIgniter\Boot::bootWeb(Object(Config\Paths))
CRITICAL - 2025-02-22 23:47:06 --> ParseError: syntax error, unexpected variable "$routes"
[Method: GET, Route: payment_management]
in APPPATH\Config\Routes.php on line 35.
 1 SYSTEMPATH\CodeIgniter.php(821): CodeIgniter\Router\RouteCollection->loadRoutes()
 2 SYSTEMPATH\CodeIgniter.php(455): CodeIgniter\CodeIgniter->tryToRouteIt(null)
 3 SYSTEMPATH\CodeIgniter.php(354): CodeIgniter\CodeIgniter->handleRequest(null, Object(Config\Cache), false)
 4 SYSTEMPATH\Boot.php(334): CodeIgniter\CodeIgniter->run()
 5 SYSTEMPATH\Boot.php(67): CodeIgniter\Boot::runCodeIgniter(Object(CodeIgniter\CodeIgniter))
 6 FCPATH\index.php(59): CodeIgniter\Boot::bootWeb(Object(Config\Paths))
