CRITICAL - 2025-02-12 11:13:48 --> ErrorException: Trying to access array offset on value of type null
[Method: GET, Route: select_payment_option/b89d26cc90829f87dfa0347bf70c0fe0344efb1ac703c3055f005b21dfc5619b62dd21edfe4345a57496b906ae5c00929913fee6ebebdff3977258cb98b1c4bd2ffb1567224f426cbe7d385869f716fd3af0d9714431/25902c75b886a785bd9cc438a2860531c55aab7ba895f4187ddf18e92f31ee30593549c9456cca2185d4bf7da477a16c16dd886a05b2470b87157a0b49e0f7eb1992dfc242f6a47e7b43ff9a8654b191482dba646e2f09]
in APPPATH\Views\admin\payment_option.php on line 20.
 1 APPPATH\Views\admin\payment_option.php(20): CodeIgniter\Debug\Exceptions->errorHandler(2, 'Trying to access array offset on value of type null', 'C:\\xampp\\htdocs\\ghmp-customer\\app\\Views\\admin\\payment_option.php', 20)
 2 SYSTEMPATH\View\View.php(224): include('C:\\xampp\\htdocs\\ghmp-customer\\app\\Views\\admin\\payment_option.php')
 3 SYSTEMPATH\View\View.php(227): CodeIgniter\View\View->CodeIgniter\View\{closure}()
 4 SYSTEMPATH\Common.php(1173): CodeIgniter\View\View->render('admin/payment_option', [], true)
 5 APPPATH\Controllers\MyLotsAndEstatesController.php(71): view('admin/payment_option', [...])
 6 SYSTEMPATH\CodeIgniter.php(933): App\Controllers\MyLotsAndEstatesController->selectPaymentOption('b89d26cc90829f87dfa0347bf70c0fe0344efb1ac703c3055f005b21dfc5619b62dd21edfe4345a57496b906ae5c00929913fee6ebebdff3977258cb98b1c4bd2ffb1567224f426cbe7d385869f716fd3af0d9714431', '25902c75b886a785bd9cc438a2860531c55aab7ba895f4187ddf18e92f31ee30593549c9456cca2185d4bf7da477a16c16dd886a05b2470b87157a0b49e0f7eb1992dfc242f6a47e7b43ff9a8654b191482dba646e2f09')
 7 SYSTEMPATH\CodeIgniter.php(507): CodeIgniter\CodeIgniter->runController(Object(App\Controllers\MyLotsAndEstatesController))
 8 SYSTEMPATH\CodeIgniter.php(354): CodeIgniter\CodeIgniter->handleRequest(null, Object(Config\Cache), false)
 9 SYSTEMPATH\Boot.php(334): CodeIgniter\CodeIgniter->run()
10 SYSTEMPATH\Boot.php(67): CodeIgniter\Boot::runCodeIgniter(Object(CodeIgniter\CodeIgniter))
11 FCPATH\index.php(59): CodeIgniter\Boot::bootWeb(Object(Config\Paths))
CRITICAL - 2025-02-12 11:14:32 --> ErrorException: Trying to access array offset on value of type null
[Method: GET, Route: select_payment_option/7c6ceecc02dcdf59a56dcf04666ae1481bc337ba65eff02f13193d8db63cb8343eccd531e912c94f0854e8e8708fb23ed615dc5decab3a16152b61f56ae12c8b684f0d2863c815b5794b234ef23e66d79acd671a2330/eaeb685c81b132861b56fa1ec5a5fb73f8d92d10c95ef121734a0c54f923ff19160f0ebd13446d3df75bdc8f44d1e08660b3b77ec13cd1bb2b61f61d4587f5cec22ae49184d311c031c9030e2ef37f6e6705851f150f3d]
in APPPATH\Views\admin\payment_option.php on line 20.
 1 APPPATH\Views\admin\payment_option.php(20): CodeIgniter\Debug\Exceptions->errorHandler(2, 'Trying to access array offset on value of type null', 'C:\\xampp\\htdocs\\ghmp-customer\\app\\Views\\admin\\payment_option.php', 20)
 2 SYSTEMPATH\View\View.php(224): include('C:\\xampp\\htdocs\\ghmp-customer\\app\\Views\\admin\\payment_option.php')
 3 SYSTEMPATH\View\View.php(227): CodeIgniter\View\View->CodeIgniter\View\{closure}()
 4 SYSTEMPATH\Common.php(1173): CodeIgniter\View\View->render('admin/payment_option', [], true)
 5 APPPATH\Controllers\MyLotsAndEstatesController.php(71): view('admin/payment_option', [...])
 6 SYSTEMPATH\CodeIgniter.php(933): App\Controllers\MyLotsAndEstatesController->selectPaymentOption('7c6ceecc02dcdf59a56dcf04666ae1481bc337ba65eff02f13193d8db63cb8343eccd531e912c94f0854e8e8708fb23ed615dc5decab3a16152b61f56ae12c8b684f0d2863c815b5794b234ef23e66d79acd671a2330', 'eaeb685c81b132861b56fa1ec5a5fb73f8d92d10c95ef121734a0c54f923ff19160f0ebd13446d3df75bdc8f44d1e08660b3b77ec13cd1bb2b61f61d4587f5cec22ae49184d311c031c9030e2ef37f6e6705851f150f3d')
 7 SYSTEMPATH\CodeIgniter.php(507): CodeIgniter\CodeIgniter->runController(Object(App\Controllers\MyLotsAndEstatesController))
 8 SYSTEMPATH\CodeIgniter.php(354): CodeIgniter\CodeIgniter->handleRequest(null, Object(Config\Cache), false)
 9 SYSTEMPATH\Boot.php(334): CodeIgniter\CodeIgniter->run()
10 SYSTEMPATH\Boot.php(67): CodeIgniter\Boot::runCodeIgniter(Object(CodeIgniter\CodeIgniter))
11 FCPATH\index.php(59): CodeIgniter\Boot::bootWeb(Object(Config\Paths))
CRITICAL - 2025-02-12 11:14:51 --> ErrorException: Trying to access array offset on value of type null
[Method: GET, Route: select_payment_option/df10c5665aed7ce7faa00473dd71a09cde1b893255c84ba0879bfdada6de6ce8376ad80553a8941a1e6b97131a7f3f34888da46c034f7d93fe32eb306304cdc9474320c1f240e748d6450b1be17e9fd1899f66653047/ddfb839510f4565d5a3f4d1c84a4e81e40cb3fa953a3036deda5766e45a1ce72cd1179cfd99104fd1334a12de0254795aa2c25cc3b4823620f663366e70e1ca257a35bd277a8c9532413de69b7517c3862a85009772a95]
in APPPATH\Views\admin\payment_option.php on line 20.
 1 APPPATH\Views\admin\payment_option.php(20): CodeIgniter\Debug\Exceptions->errorHandler(2, 'Trying to access array offset on value of type null', 'C:\\xampp\\htdocs\\ghmp-customer\\app\\Views\\admin\\payment_option.php', 20)
 2 SYSTEMPATH\View\View.php(224): include('C:\\xampp\\htdocs\\ghmp-customer\\app\\Views\\admin\\payment_option.php')
 3 SYSTEMPATH\View\View.php(227): CodeIgniter\View\View->CodeIgniter\View\{closure}()
 4 SYSTEMPATH\Common.php(1173): CodeIgniter\View\View->render('admin/payment_option', [], true)
 5 APPPATH\Controllers\MyLotsAndEstatesController.php(71): view('admin/payment_option', [...])
 6 SYSTEMPATH\CodeIgniter.php(933): App\Controllers\MyLotsAndEstatesController->selectPaymentOption('df10c5665aed7ce7faa00473dd71a09cde1b893255c84ba0879bfdada6de6ce8376ad80553a8941a1e6b97131a7f3f34888da46c034f7d93fe32eb306304cdc9474320c1f240e748d6450b1be17e9fd1899f66653047', 'ddfb839510f4565d5a3f4d1c84a4e81e40cb3fa953a3036deda5766e45a1ce72cd1179cfd99104fd1334a12de0254795aa2c25cc3b4823620f663366e70e1ca257a35bd277a8c9532413de69b7517c3862a85009772a95')
 7 SYSTEMPATH\CodeIgniter.php(507): CodeIgniter\CodeIgniter->runController(Object(App\Controllers\MyLotsAndEstatesController))
 8 SYSTEMPATH\CodeIgniter.php(354): CodeIgniter\CodeIgniter->handleRequest(null, Object(Config\Cache), false)
 9 SYSTEMPATH\Boot.php(334): CodeIgniter\CodeIgniter->run()
10 SYSTEMPATH\Boot.php(67): CodeIgniter\Boot::runCodeIgniter(Object(CodeIgniter\CodeIgniter))
11 FCPATH\index.php(59): CodeIgniter\Boot::bootWeb(Object(Config\Paths))
CRITICAL - 2025-02-12 11:15:00 --> ErrorException: Trying to access array offset on value of type null
[Method: GET, Route: select_payment_option/a34abe693a0879047be670431a0e19ab446a68c0a68ff6147f5048a016650017ba88afd4ade0437f9ed2a2bfa618a1004c13040c11506f028ac9d3b5977b567af7a303a3ea28b186c2d580c2806541fbb4221a0a0340/06f210b6090483f3aa9c31d15390acf42c8a3894161f6a01a299f3af10e9c2a8f2b0ada16c0cc97cd2254f994202db6d9a92b0e227acec9852c45faad73dac73c0d39505652ca66e9862e8183caf1f20f77ff128b9f343]
in APPPATH\Views\admin\payment_option.php on line 20.
 1 APPPATH\Views\admin\payment_option.php(20): CodeIgniter\Debug\Exceptions->errorHandler(2, 'Trying to access array offset on value of type null', 'C:\\xampp\\htdocs\\ghmp-customer\\app\\Views\\admin\\payment_option.php', 20)
 2 SYSTEMPATH\View\View.php(224): include('C:\\xampp\\htdocs\\ghmp-customer\\app\\Views\\admin\\payment_option.php')
 3 SYSTEMPATH\View\View.php(227): CodeIgniter\View\View->CodeIgniter\View\{closure}()
 4 SYSTEMPATH\Common.php(1173): CodeIgniter\View\View->render('admin/payment_option', [], true)
 5 APPPATH\Controllers\MyLotsAndEstatesController.php(71): view('admin/payment_option', [...])
 6 SYSTEMPATH\CodeIgniter.php(933): App\Controllers\MyLotsAndEstatesController->selectPaymentOption('a34abe693a0879047be670431a0e19ab446a68c0a68ff6147f5048a016650017ba88afd4ade0437f9ed2a2bfa618a1004c13040c11506f028ac9d3b5977b567af7a303a3ea28b186c2d580c2806541fbb4221a0a0340', '06f210b6090483f3aa9c31d15390acf42c8a3894161f6a01a299f3af10e9c2a8f2b0ada16c0cc97cd2254f994202db6d9a92b0e227acec9852c45faad73dac73c0d39505652ca66e9862e8183caf1f20f77ff128b9f343')
 7 SYSTEMPATH\CodeIgniter.php(507): CodeIgniter\CodeIgniter->runController(Object(App\Controllers\MyLotsAndEstatesController))
 8 SYSTEMPATH\CodeIgniter.php(354): CodeIgniter\CodeIgniter->handleRequest(null, Object(Config\Cache), false)
 9 SYSTEMPATH\Boot.php(334): CodeIgniter\CodeIgniter->run()
10 SYSTEMPATH\Boot.php(67): CodeIgniter\Boot::runCodeIgniter(Object(CodeIgniter\CodeIgniter))
11 FCPATH\index.php(59): CodeIgniter\Boot::bootWeb(Object(Config\Paths))
CRITICAL - 2025-02-12 11:15:10 --> ErrorException: Trying to access array offset on value of type null
[Method: GET, Route: select_payment_option/a34abe693a0879047be670431a0e19ab446a68c0a68ff6147f5048a016650017ba88afd4ade0437f9ed2a2bfa618a1004c13040c11506f028ac9d3b5977b567af7a303a3ea28b186c2d580c2806541fbb4221a0a0340/06f210b6090483f3aa9c31d15390acf42c8a3894161f6a01a299f3af10e9c2a8f2b0ada16c0cc97cd2254f994202db6d9a92b0e227acec9852c45faad73dac73c0d39505652ca66e9862e8183caf1f20f77ff128b9f343]
in APPPATH\Views\admin\payment_option.php on line 20.
 1 APPPATH\Views\admin\payment_option.php(20): CodeIgniter\Debug\Exceptions->errorHandler(2, 'Trying to access array offset on value of type null', 'C:\\xampp\\htdocs\\ghmp-customer\\app\\Views\\admin\\payment_option.php', 20)
 2 SYSTEMPATH\View\View.php(224): include('C:\\xampp\\htdocs\\ghmp-customer\\app\\Views\\admin\\payment_option.php')
 3 SYSTEMPATH\View\View.php(227): CodeIgniter\View\View->CodeIgniter\View\{closure}()
 4 SYSTEMPATH\Common.php(1173): CodeIgniter\View\View->render('admin/payment_option', [], true)
 5 APPPATH\Controllers\MyLotsAndEstatesController.php(71): view('admin/payment_option', [...])
 6 SYSTEMPATH\CodeIgniter.php(933): App\Controllers\MyLotsAndEstatesController->selectPaymentOption('a34abe693a0879047be670431a0e19ab446a68c0a68ff6147f5048a016650017ba88afd4ade0437f9ed2a2bfa618a1004c13040c11506f028ac9d3b5977b567af7a303a3ea28b186c2d580c2806541fbb4221a0a0340', '06f210b6090483f3aa9c31d15390acf42c8a3894161f6a01a299f3af10e9c2a8f2b0ada16c0cc97cd2254f994202db6d9a92b0e227acec9852c45faad73dac73c0d39505652ca66e9862e8183caf1f20f77ff128b9f343')
 7 SYSTEMPATH\CodeIgniter.php(507): CodeIgniter\CodeIgniter->runController(Object(App\Controllers\MyLotsAndEstatesController))
 8 SYSTEMPATH\CodeIgniter.php(354): CodeIgniter\CodeIgniter->handleRequest(null, Object(Config\Cache), false)
 9 SYSTEMPATH\Boot.php(334): CodeIgniter\CodeIgniter->run()
10 SYSTEMPATH\Boot.php(67): CodeIgniter\Boot::runCodeIgniter(Object(CodeIgniter\CodeIgniter))
11 FCPATH\index.php(59): CodeIgniter\Boot::bootWeb(Object(Config\Paths))
CRITICAL - 2025-02-12 11:15:12 --> ErrorException: Trying to access array offset on value of type null
[Method: GET, Route: select_payment_option/8201b675bb200c1c08b2e3cfe20d29de45f76b5cfe8b3a6d18c8c29f71ff0d4033596da130bcc8ddacff6b301cb095e404e57b5100ddb944f9bd0cca73832a141272a00b66c3f0586ca33057d4c6f77a63bc4576a4ef/a230db74af32ba106ff9b0f6c36b051486b3ce49de3c92088b0d931fb51044d2a7f65e1bd293ae8be24a18c3f91709577a59bf915c2855384e383044e7d7f324611693238715bc2e178d4fae5d47c48cf18d1a304c5966]
in APPPATH\Views\admin\payment_option.php on line 20.
 1 APPPATH\Views\admin\payment_option.php(20): CodeIgniter\Debug\Exceptions->errorHandler(2, 'Trying to access array offset on value of type null', 'C:\\xampp\\htdocs\\ghmp-customer\\app\\Views\\admin\\payment_option.php', 20)
 2 SYSTEMPATH\View\View.php(224): include('C:\\xampp\\htdocs\\ghmp-customer\\app\\Views\\admin\\payment_option.php')
 3 SYSTEMPATH\View\View.php(227): CodeIgniter\View\View->CodeIgniter\View\{closure}()
 4 SYSTEMPATH\Common.php(1173): CodeIgniter\View\View->render('admin/payment_option', [], true)
 5 APPPATH\Controllers\MyLotsAndEstatesController.php(71): view('admin/payment_option', [...])
 6 SYSTEMPATH\CodeIgniter.php(933): App\Controllers\MyLotsAndEstatesController->selectPaymentOption('8201b675bb200c1c08b2e3cfe20d29de45f76b5cfe8b3a6d18c8c29f71ff0d4033596da130bcc8ddacff6b301cb095e404e57b5100ddb944f9bd0cca73832a141272a00b66c3f0586ca33057d4c6f77a63bc4576a4ef', 'a230db74af32ba106ff9b0f6c36b051486b3ce49de3c92088b0d931fb51044d2a7f65e1bd293ae8be24a18c3f91709577a59bf915c2855384e383044e7d7f324611693238715bc2e178d4fae5d47c48cf18d1a304c5966')
 7 SYSTEMPATH\CodeIgniter.php(507): CodeIgniter\CodeIgniter->runController(Object(App\Controllers\MyLotsAndEstatesController))
 8 SYSTEMPATH\CodeIgniter.php(354): CodeIgniter\CodeIgniter->handleRequest(null, Object(Config\Cache), false)
 9 SYSTEMPATH\Boot.php(334): CodeIgniter\CodeIgniter->run()
10 SYSTEMPATH\Boot.php(67): CodeIgniter\Boot::runCodeIgniter(Object(CodeIgniter\CodeIgniter))
11 FCPATH\index.php(59): CodeIgniter\Boot::bootWeb(Object(Config\Paths))
CRITICAL - 2025-02-12 11:23:42 --> ErrorException: hex2bin(): Hexadecimal input string must have an even length
[Method: GET, Route: select_payment_option/ea5572c27d42ecdb7b067f85a3dd10cff2e619161b59c265f955f3622fa2d674dd58a542c27b33a38f6f84885e43017193e0e96902837c721f62efb8dc7f99db5458cd44b7e30b28c8e6fd8516a042c6723d5d6adfe0/my_lots_and_estates]
in APPPATH\Controllers\MyLotsAndEstatesController.php on line 38.
 1 [internal function]: CodeIgniter\Debug\Exceptions->errorHandler(2, 'hex2bin(): Hexadecimal input string must have an even length', 'C:\\xampp\\htdocs\\ghmp-customer\\app\\Controllers\\MyLotsAndEstatesController.php', 38)
 2 APPPATH\Controllers\MyLotsAndEstatesController.php(38): hex2bin('my_lots_and_estates')
 3 SYSTEMPATH\CodeIgniter.php(933): App\Controllers\MyLotsAndEstatesController->selectPaymentOption('ea5572c27d42ecdb7b067f85a3dd10cff2e619161b59c265f955f3622fa2d674dd58a542c27b33a38f6f84885e43017193e0e96902837c721f62efb8dc7f99db5458cd44b7e30b28c8e6fd8516a042c6723d5d6adfe0', 'my_lots_and_estates')
 4 SYSTEMPATH\CodeIgniter.php(507): CodeIgniter\CodeIgniter->runController(Object(App\Controllers\MyLotsAndEstatesController))
 5 SYSTEMPATH\CodeIgniter.php(354): CodeIgniter\CodeIgniter->handleRequest(null, Object(Config\Cache), false)
 6 SYSTEMPATH\Boot.php(334): CodeIgniter\CodeIgniter->run()
 7 SYSTEMPATH\Boot.php(67): CodeIgniter\Boot::runCodeIgniter(Object(CodeIgniter\CodeIgniter))
 8 FCPATH\index.php(59): CodeIgniter\Boot::bootWeb(Object(Config\Paths))
CRITICAL - 2025-02-12 11:23:46 --> ErrorException: hex2bin(): Hexadecimal input string must have an even length
[Method: GET, Route: select_payment_option/ea5572c27d42ecdb7b067f85a3dd10cff2e619161b59c265f955f3622fa2d674dd58a542c27b33a38f6f84885e43017193e0e96902837c721f62efb8dc7f99db5458cd44b7e30b28c8e6fd8516a042c6723d5d6adfe0/dashboard]
in APPPATH\Controllers\MyLotsAndEstatesController.php on line 38.
 1 [internal function]: CodeIgniter\Debug\Exceptions->errorHandler(2, 'hex2bin(): Hexadecimal input string must have an even length', 'C:\\xampp\\htdocs\\ghmp-customer\\app\\Controllers\\MyLotsAndEstatesController.php', 38)
 2 APPPATH\Controllers\MyLotsAndEstatesController.php(38): hex2bin('dashboard')
 3 SYSTEMPATH\CodeIgniter.php(933): App\Controllers\MyLotsAndEstatesController->selectPaymentOption('ea5572c27d42ecdb7b067f85a3dd10cff2e619161b59c265f955f3622fa2d674dd58a542c27b33a38f6f84885e43017193e0e96902837c721f62efb8dc7f99db5458cd44b7e30b28c8e6fd8516a042c6723d5d6adfe0', 'dashboard')
 4 SYSTEMPATH\CodeIgniter.php(507): CodeIgniter\CodeIgniter->runController(Object(App\Controllers\MyLotsAndEstatesController))
 5 SYSTEMPATH\CodeIgniter.php(354): CodeIgniter\CodeIgniter->handleRequest(null, Object(Config\Cache), false)
 6 SYSTEMPATH\Boot.php(334): CodeIgniter\CodeIgniter->run()
 7 SYSTEMPATH\Boot.php(67): CodeIgniter\Boot::runCodeIgniter(Object(CodeIgniter\CodeIgniter))
 8 FCPATH\index.php(59): CodeIgniter\Boot::bootWeb(Object(Config\Paths))
CRITICAL - 2025-02-12 11:23:49 --> ErrorException: hex2bin(): Hexadecimal input string must have an even length
[Method: GET, Route: select_payment_option/ea5572c27d42ecdb7b067f85a3dd10cff2e619161b59c265f955f3622fa2d674dd58a542c27b33a38f6f84885e43017193e0e96902837c721f62efb8dc7f99db5458cd44b7e30b28c8e6fd8516a042c6723d5d6adfe0/dashboard]
in APPPATH\Controllers\MyLotsAndEstatesController.php on line 38.
 1 [internal function]: CodeIgniter\Debug\Exceptions->errorHandler(2, 'hex2bin(): Hexadecimal input string must have an even length', 'C:\\xampp\\htdocs\\ghmp-customer\\app\\Controllers\\MyLotsAndEstatesController.php', 38)
 2 APPPATH\Controllers\MyLotsAndEstatesController.php(38): hex2bin('dashboard')
 3 SYSTEMPATH\CodeIgniter.php(933): App\Controllers\MyLotsAndEstatesController->selectPaymentOption('ea5572c27d42ecdb7b067f85a3dd10cff2e619161b59c265f955f3622fa2d674dd58a542c27b33a38f6f84885e43017193e0e96902837c721f62efb8dc7f99db5458cd44b7e30b28c8e6fd8516a042c6723d5d6adfe0', 'dashboard')
 4 SYSTEMPATH\CodeIgniter.php(507): CodeIgniter\CodeIgniter->runController(Object(App\Controllers\MyLotsAndEstatesController))
 5 SYSTEMPATH\CodeIgniter.php(354): CodeIgniter\CodeIgniter->handleRequest(null, Object(Config\Cache), false)
 6 SYSTEMPATH\Boot.php(334): CodeIgniter\CodeIgniter->run()
 7 SYSTEMPATH\Boot.php(67): CodeIgniter\Boot::runCodeIgniter(Object(CodeIgniter\CodeIgniter))
 8 FCPATH\index.php(59): CodeIgniter\Boot::bootWeb(Object(Config\Paths))
CRITICAL - 2025-02-12 11:24:08 --> ErrorException: Trying to access array offset on value of type null
[Method: GET, Route: select_payment_option/08da48261b1573e5d153c3798f8c5f21b399a8afcd07c2f90b18cff78a68c2abcb21acf918fbf07d66cc748099d87594f31b84cdbde2a2eff08cfcaf08013e5e6e7b99459a82f5250b09d9c7d7ceac7cf7e76199c81e/014c3687445c66118d783b68331d8fe76c3ac83abf93ee5447c957855651177ed4a49ad97ffd1dae9f006b46433f65193c022828426c4872a31ae71e10ac5c2d5629d0fa398e2a980868ac6b2b25f65895e9f19a9ec2c9]
in APPPATH\Views\admin\payment_option.php on line 20.
 1 APPPATH\Views\admin\payment_option.php(20): CodeIgniter\Debug\Exceptions->errorHandler(2, 'Trying to access array offset on value of type null', 'C:\\xampp\\htdocs\\ghmp-customer\\app\\Views\\admin\\payment_option.php', 20)
 2 SYSTEMPATH\View\View.php(224): include('C:\\xampp\\htdocs\\ghmp-customer\\app\\Views\\admin\\payment_option.php')
 3 SYSTEMPATH\View\View.php(227): CodeIgniter\View\View->CodeIgniter\View\{closure}()
 4 SYSTEMPATH\Common.php(1173): CodeIgniter\View\View->render('admin/payment_option', [], true)
 5 APPPATH\Controllers\MyLotsAndEstatesController.php(71): view('admin/payment_option', [...])
 6 SYSTEMPATH\CodeIgniter.php(933): App\Controllers\MyLotsAndEstatesController->selectPaymentOption('08da48261b1573e5d153c3798f8c5f21b399a8afcd07c2f90b18cff78a68c2abcb21acf918fbf07d66cc748099d87594f31b84cdbde2a2eff08cfcaf08013e5e6e7b99459a82f5250b09d9c7d7ceac7cf7e76199c81e', '014c3687445c66118d783b68331d8fe76c3ac83abf93ee5447c957855651177ed4a49ad97ffd1dae9f006b46433f65193c022828426c4872a31ae71e10ac5c2d5629d0fa398e2a980868ac6b2b25f65895e9f19a9ec2c9')
 7 SYSTEMPATH\CodeIgniter.php(507): CodeIgniter\CodeIgniter->runController(Object(App\Controllers\MyLotsAndEstatesController))
 8 SYSTEMPATH\CodeIgniter.php(354): CodeIgniter\CodeIgniter->handleRequest(null, Object(Config\Cache), false)
 9 SYSTEMPATH\Boot.php(334): CodeIgniter\CodeIgniter->run()
10 SYSTEMPATH\Boot.php(67): CodeIgniter\Boot::runCodeIgniter(Object(CodeIgniter\CodeIgniter))
11 FCPATH\index.php(59): CodeIgniter\Boot::bootWeb(Object(Config\Paths))
CRITICAL - 2025-02-12 11:32:11 --> ErrorException: Undefined array key "monthly_amortization_1_years"
[Method: POST, Route: payment_option_submit]
in APPPATH\Controllers\MyLotsAndEstatesController.php on line 311.
 1 APPPATH\Controllers\MyLotsAndEstatesController.php(311): CodeIgniter\Debug\Exceptions->errorHandler(2, 'Undefined array key "monthly_amortization_1_years"', 'C:\\xampp\\htdocs\\ghmp-customer\\app\\Controllers\\MyLotsAndEstatesController.php', 311)
 2 APPPATH\Controllers\MyLotsAndEstatesController.php(280): App\Controllers\MyLotsAndEstatesController->applyInstallment(Object(App\Models\LotReservationModel), '1C31-1', [...], 1, '2025-03-14')
 3 APPPATH\Controllers\MyLotsAndEstatesController.php(254): App\Controllers\MyLotsAndEstatesController->applyPaymentOption(Object(App\Models\LotReservationModel), '1C31-1', 'Installment: 1 Year', [...], '2025-03-14')
 4 APPPATH\Controllers\MyLotsAndEstatesController.php(228): App\Controllers\MyLotsAndEstatesController->processLotReservation('1C31-1', 'Standard', 'Installment: 1 Year', Object(CodeIgniter\Session\Session))
 5 SYSTEMPATH\CodeIgniter.php(933): App\Controllers\MyLotsAndEstatesController->paymentOptionSubmit()
 6 SYSTEMPATH\CodeIgniter.php(507): CodeIgniter\CodeIgniter->runController(Object(App\Controllers\MyLotsAndEstatesController))
 7 SYSTEMPATH\CodeIgniter.php(354): CodeIgniter\CodeIgniter->handleRequest(null, Object(Config\Cache), false)
 8 SYSTEMPATH\Boot.php(334): CodeIgniter\CodeIgniter->run()
 9 SYSTEMPATH\Boot.php(67): CodeIgniter\Boot::runCodeIgniter(Object(CodeIgniter\CodeIgniter))
10 FCPATH\index.php(59): CodeIgniter\Boot::bootWeb(Object(Config\Paths))
CRITICAL - 2025-02-12 11:32:56 --> ErrorException: Undefined array key "monthly_amortization_1_years"
[Method: POST, Route: payment_option_submit]
in APPPATH\Controllers\MyLotsAndEstatesController.php on line 311.
 1 APPPATH\Controllers\MyLotsAndEstatesController.php(311): CodeIgniter\Debug\Exceptions->errorHandler(2, 'Undefined array key "monthly_amortization_1_years"', 'C:\\xampp\\htdocs\\ghmp-customer\\app\\Controllers\\MyLotsAndEstatesController.php', 311)
 2 APPPATH\Controllers\MyLotsAndEstatesController.php(280): App\Controllers\MyLotsAndEstatesController->applyInstallment(Object(App\Models\LotReservationModel), '1C31-1', [...], 1, '2025-03-14')
 3 APPPATH\Controllers\MyLotsAndEstatesController.php(254): App\Controllers\MyLotsAndEstatesController->applyPaymentOption(Object(App\Models\LotReservationModel), '1C31-1', 'Installment: 1 Year', [...], '2025-03-14')
 4 APPPATH\Controllers\MyLotsAndEstatesController.php(228): App\Controllers\MyLotsAndEstatesController->processLotReservation('1C31-1', 'Standard', 'Installment: 1 Year', Object(CodeIgniter\Session\Session))
 5 SYSTEMPATH\CodeIgniter.php(933): App\Controllers\MyLotsAndEstatesController->paymentOptionSubmit()
 6 SYSTEMPATH\CodeIgniter.php(507): CodeIgniter\CodeIgniter->runController(Object(App\Controllers\MyLotsAndEstatesController))
 7 SYSTEMPATH\CodeIgniter.php(354): CodeIgniter\CodeIgniter->handleRequest(null, Object(Config\Cache), false)
 8 SYSTEMPATH\Boot.php(334): CodeIgniter\CodeIgniter->run()
 9 SYSTEMPATH\Boot.php(67): CodeIgniter\Boot::runCodeIgniter(Object(CodeIgniter\CodeIgniter))
10 FCPATH\index.php(59): CodeIgniter\Boot::bootWeb(Object(Config\Paths))
CRITICAL - 2025-02-12 11:34:35 --> ErrorException: hex2bin(): Input string must be hexadecimal string
[Method: GET, Route: select_payment_option/092cc96b17f4d738ebfed88924e6b54225194366db7b4df9aa5188417d2d5dea08209db0cb0826084e269b552361839714af9a8bb3818e4ee38d290afd5a3d1b11d020a22ceba2718097048e3a829779ca6e0f3f6220/payment_management]
in APPPATH\Controllers\MyLotsAndEstatesController.php on line 38.
 1 [internal function]: CodeIgniter\Debug\Exceptions->errorHandler(2, 'hex2bin(): Input string must be hexadecimal string', 'C:\\xampp\\htdocs\\ghmp-customer\\app\\Controllers\\MyLotsAndEstatesController.php', 38)
 2 APPPATH\Controllers\MyLotsAndEstatesController.php(38): hex2bin('payment_management')
 3 SYSTEMPATH\CodeIgniter.php(933): App\Controllers\MyLotsAndEstatesController->selectPaymentOption('092cc96b17f4d738ebfed88924e6b54225194366db7b4df9aa5188417d2d5dea08209db0cb0826084e269b552361839714af9a8bb3818e4ee38d290afd5a3d1b11d020a22ceba2718097048e3a829779ca6e0f3f6220', 'payment_management')
 4 SYSTEMPATH\CodeIgniter.php(507): CodeIgniter\CodeIgniter->runController(Object(App\Controllers\MyLotsAndEstatesController))
 5 SYSTEMPATH\CodeIgniter.php(354): CodeIgniter\CodeIgniter->handleRequest(null, Object(Config\Cache), false)
 6 SYSTEMPATH\Boot.php(334): CodeIgniter\CodeIgniter->run()
 7 SYSTEMPATH\Boot.php(67): CodeIgniter\Boot::runCodeIgniter(Object(CodeIgniter\CodeIgniter))
 8 FCPATH\index.php(59): CodeIgniter\Boot::bootWeb(Object(Config\Paths))
CRITICAL - 2025-02-12 11:34:39 --> ErrorException: hex2bin(): Input string must be hexadecimal string
[Method: GET, Route: select_payment_option/092cc96b17f4d738ebfed88924e6b54225194366db7b4df9aa5188417d2d5dea08209db0cb0826084e269b552361839714af9a8bb3818e4ee38d290afd5a3d1b11d020a22ceba2718097048e3a829779ca6e0f3f6220/payment_management]
in APPPATH\Controllers\MyLotsAndEstatesController.php on line 38.
 1 [internal function]: CodeIgniter\Debug\Exceptions->errorHandler(2, 'hex2bin(): Input string must be hexadecimal string', 'C:\\xampp\\htdocs\\ghmp-customer\\app\\Controllers\\MyLotsAndEstatesController.php', 38)
 2 APPPATH\Controllers\MyLotsAndEstatesController.php(38): hex2bin('payment_management')
 3 SYSTEMPATH\CodeIgniter.php(933): App\Controllers\MyLotsAndEstatesController->selectPaymentOption('092cc96b17f4d738ebfed88924e6b54225194366db7b4df9aa5188417d2d5dea08209db0cb0826084e269b552361839714af9a8bb3818e4ee38d290afd5a3d1b11d020a22ceba2718097048e3a829779ca6e0f3f6220', 'payment_management')
 4 SYSTEMPATH\CodeIgniter.php(507): CodeIgniter\CodeIgniter->runController(Object(App\Controllers\MyLotsAndEstatesController))
 5 SYSTEMPATH\CodeIgniter.php(354): CodeIgniter\CodeIgniter->handleRequest(null, Object(Config\Cache), false)
 6 SYSTEMPATH\Boot.php(334): CodeIgniter\CodeIgniter->run()
 7 SYSTEMPATH\Boot.php(67): CodeIgniter\Boot::runCodeIgniter(Object(CodeIgniter\CodeIgniter))
 8 FCPATH\index.php(59): CodeIgniter\Boot::bootWeb(Object(Config\Paths))
CRITICAL - 2025-02-12 11:36:49 --> ErrorException: Undefined array key "monthly_amortization_1_years"
[Method: POST, Route: payment_option_submit]
in APPPATH\Controllers\MyLotsAndEstatesController.php on line 311.
 1 APPPATH\Controllers\MyLotsAndEstatesController.php(311): CodeIgniter\Debug\Exceptions->errorHandler(2, 'Undefined array key "monthly_amortization_1_years"', 'C:\\xampp\\htdocs\\ghmp-customer\\app\\Controllers\\MyLotsAndEstatesController.php', 311)
 2 APPPATH\Controllers\MyLotsAndEstatesController.php(280): App\Controllers\MyLotsAndEstatesController->applyInstallment(Object(App\Models\LotReservationModel), '1C6-14', [...], 1, '2025-03-14')
 3 APPPATH\Controllers\MyLotsAndEstatesController.php(254): App\Controllers\MyLotsAndEstatesController->applyPaymentOption(Object(App\Models\LotReservationModel), '1C6-14', 'Installment: 1 Year', [...], '2025-03-14')
 4 APPPATH\Controllers\MyLotsAndEstatesController.php(228): App\Controllers\MyLotsAndEstatesController->processLotReservation('1C6-14', 'Supreme', 'Installment: 1 Year', Object(CodeIgniter\Session\Session))
 5 SYSTEMPATH\CodeIgniter.php(933): App\Controllers\MyLotsAndEstatesController->paymentOptionSubmit()
 6 SYSTEMPATH\CodeIgniter.php(507): CodeIgniter\CodeIgniter->runController(Object(App\Controllers\MyLotsAndEstatesController))
 7 SYSTEMPATH\CodeIgniter.php(354): CodeIgniter\CodeIgniter->handleRequest(null, Object(Config\Cache), false)
 8 SYSTEMPATH\Boot.php(334): CodeIgniter\CodeIgniter->run()
 9 SYSTEMPATH\Boot.php(67): CodeIgniter\Boot::runCodeIgniter(Object(CodeIgniter\CodeIgniter))
10 FCPATH\index.php(59): CodeIgniter\Boot::bootWeb(Object(Config\Paths))
CRITICAL - 2025-02-12 11:38:40 --> ErrorException: Undefined array key "monthly_amortization_1_years"
[Method: POST, Route: payment_option_submit]
in APPPATH\Controllers\MyLotsAndEstatesController.php on line 311.
 1 APPPATH\Controllers\MyLotsAndEstatesController.php(311): CodeIgniter\Debug\Exceptions->errorHandler(2, 'Undefined array key "monthly_amortization_1_years"', 'C:\\xampp\\htdocs\\ghmp-customer\\app\\Controllers\\MyLotsAndEstatesController.php', 311)
 2 APPPATH\Controllers\MyLotsAndEstatesController.php(280): App\Controllers\MyLotsAndEstatesController->applyInstallment(Object(App\Models\EstateReservationModel), 'E-A1', [...], 1, '2025-03-14')
 3 APPPATH\Controllers\MyLotsAndEstatesController.php(268): App\Controllers\MyLotsAndEstatesController->applyPaymentOption(Object(App\Models\EstateReservationModel), 'E-A1', 'Installment: 1 Year', [...], '2025-03-14')
 4 APPPATH\Controllers\MyLotsAndEstatesController.php(234): App\Controllers\MyLotsAndEstatesController->processEstateReservation('E-A1', 'Installment: 1 Year', Object(CodeIgniter\Session\Session))
 5 SYSTEMPATH\CodeIgniter.php(933): App\Controllers\MyLotsAndEstatesController->paymentOptionSubmit()
 6 SYSTEMPATH\CodeIgniter.php(507): CodeIgniter\CodeIgniter->runController(Object(App\Controllers\MyLotsAndEstatesController))
 7 SYSTEMPATH\CodeIgniter.php(354): CodeIgniter\CodeIgniter->handleRequest(null, Object(Config\Cache), false)
 8 SYSTEMPATH\Boot.php(334): CodeIgniter\CodeIgniter->run()
 9 SYSTEMPATH\Boot.php(67): CodeIgniter\Boot::runCodeIgniter(Object(CodeIgniter\CodeIgniter))
10 FCPATH\index.php(59): CodeIgniter\Boot::bootWeb(Object(Config\Paths))
CRITICAL - 2025-02-12 11:57:59 --> ErrorException: Undefined array key "monthly_amortization_1_years"
[Method: POST, Route: payment_option_submit]
in APPPATH\Controllers\MyLotsAndEstatesController.php on line 311.
 1 APPPATH\Controllers\MyLotsAndEstatesController.php(311): CodeIgniter\Debug\Exceptions->errorHandler(2, 'Undefined array key "monthly_amortization_1_years"', 'C:\\xampp\\htdocs\\ghmp-customer\\app\\Controllers\\MyLotsAndEstatesController.php', 311)
 2 APPPATH\Controllers\MyLotsAndEstatesController.php(280): App\Controllers\MyLotsAndEstatesController->applyInstallment(Object(App\Models\LotReservationModel), '1C10-11', [...], 1, '2025-03-14')
 3 APPPATH\Controllers\MyLotsAndEstatesController.php(254): App\Controllers\MyLotsAndEstatesController->applyPaymentOption(Object(App\Models\LotReservationModel), '1C10-11', 'Installment: 1 Year', [...], '2025-03-14')
 4 APPPATH\Controllers\MyLotsAndEstatesController.php(228): App\Controllers\MyLotsAndEstatesController->processLotReservation('1C10-11', 'Special', 'Installment: 1 Year', Object(CodeIgniter\Session\Session))
 5 SYSTEMPATH\CodeIgniter.php(933): App\Controllers\MyLotsAndEstatesController->paymentOptionSubmit()
 6 SYSTEMPATH\CodeIgniter.php(507): CodeIgniter\CodeIgniter->runController(Object(App\Controllers\MyLotsAndEstatesController))
 7 SYSTEMPATH\CodeIgniter.php(354): CodeIgniter\CodeIgniter->handleRequest(null, Object(Config\Cache), false)
 8 SYSTEMPATH\Boot.php(334): CodeIgniter\CodeIgniter->run()
 9 SYSTEMPATH\Boot.php(67): CodeIgniter\Boot::runCodeIgniter(Object(CodeIgniter\CodeIgniter))
10 FCPATH\index.php(59): CodeIgniter\Boot::bootWeb(Object(Config\Paths))
