CRITICAL - 2025-02-09 11:08:59 --> TypeError: CodeIgniter\Database\BaseConnection::prepare(): Argument #1 ($func) must be of type Closure, string given, called in C:\xampp\htdocs\ghmp-customer\app\Libraries\ReservationOwnershipTrait.php on line 9
[Method: POST, Route: api/pay_cash_sale]
in SYSTEMPATH\Database\BaseConnection.php on line 980.
 1 APPPATH\Libraries\ReservationOwnershipTrait.php(9): CodeIgniter\Database\BaseConnection->prepare('UPDATE lot_reservations SET reservation_status = :reservation_status WHERE lot_id = :lot_id')
 2 APPPATH\Models\CashSaleModel.php(69): App\Models\CashSaleModel->setLotReservation('1C31-1')
 3 APPPATH\Controllers\PaymentManagementController.php(60): App\Models\CashSaleModel->setCashSalePayment('lot', 'cash_sales', '1C31-1', 'lot_id', '72441', 'uploads/receipts/1739070539_2fb01447779fc64a45c1.jpg')
 4 SYSTEMPATH\CodeIgniter.php(933): App\Controllers\PaymentManagementController->payCashSale()
 5 SYSTEMPATH\CodeIgniter.php(507): CodeIgniter\CodeIgniter->runController(Object(App\Controllers\PaymentManagementController))
 6 SYSTEMPATH\CodeIgniter.php(354): CodeIgniter\CodeIgniter->handleRequest(null, Object(Config\Cache), false)
 7 SYSTEMPATH\Boot.php(334): CodeIgniter\CodeIgniter->run()
 8 SYSTEMPATH\Boot.php(67): CodeIgniter\Boot::runCodeIgniter(Object(CodeIgniter\CodeIgniter))
 9 FCPATH\index.php(58): CodeIgniter\Boot::bootWeb(Object(Config\Paths))
CRITICAL - 2025-02-09 11:09:22 --> TypeError: CodeIgniter\Database\BaseConnection::prepare(): Argument #1 ($func) must be of type Closure, string given, called in C:\xampp\htdocs\ghmp-customer\app\Libraries\ReservationOwnershipTrait.php on line 9
[Method: POST, Route: api/pay_cash_sale]
in SYSTEMPATH\Database\BaseConnection.php on line 980.
 1 APPPATH\Libraries\ReservationOwnershipTrait.php(9): CodeIgniter\Database\BaseConnection->prepare('UPDATE lot_reservations SET reservation_status = :reservation_status WHERE lot_id = :lot_id')
 2 APPPATH\Models\CashSaleModel.php(69): App\Models\CashSaleModel->setLotReservation('1C31-1')
 3 APPPATH\Controllers\PaymentManagementController.php(60): App\Models\CashSaleModel->setCashSalePayment('lot', 'cash_sales', '1C31-1', 'lot_id', '72441', 'uploads/receipts/1739070562_262a7ef36fb9dedb5d54.jpg')
 4 SYSTEMPATH\CodeIgniter.php(933): App\Controllers\PaymentManagementController->payCashSale()
 5 SYSTEMPATH\CodeIgniter.php(507): CodeIgniter\CodeIgniter->runController(Object(App\Controllers\PaymentManagementController))
 6 SYSTEMPATH\CodeIgniter.php(354): CodeIgniter\CodeIgniter->handleRequest(null, Object(Config\Cache), false)
 7 SYSTEMPATH\Boot.php(334): CodeIgniter\CodeIgniter->run()
 8 SYSTEMPATH\Boot.php(67): CodeIgniter\Boot::runCodeIgniter(Object(CodeIgniter\CodeIgniter))
 9 FCPATH\index.php(58): CodeIgniter\Boot::bootWeb(Object(Config\Paths))
CRITICAL - 2025-02-09 17:04:42 --> ErrorException: Undefined array key "asset_idd"
[Method: GET, Route: payment_management]
in APPPATH\Views\admin\payment_management.php on line 36.
 1 APPPATH\Views\admin\payment_management.php(36): CodeIgniter\Debug\Exceptions->errorHandler(2, 'Undefined array key "asset_idd"', 'C:\\xampp\\htdocs\\ghmp-customer\\app\\Views\\admin\\payment_management.php', 36)
 2 SYSTEMPATH\View\View.php(224): include('C:\\xampp\\htdocs\\ghmp-customer\\app\\Views\\admin\\payment_management.php')
 3 SYSTEMPATH\View\View.php(227): CodeIgniter\View\View->CodeIgniter\View\{closure}()
 4 SYSTEMPATH\Common.php(1173): CodeIgniter\View\View->render('admin/payment_management', [], true)
 5 APPPATH\Controllers\PaymentManagementController.php(19): view('admin/payment_management', [...])
 6 SYSTEMPATH\CodeIgniter.php(933): App\Controllers\PaymentManagementController->index()
 7 SYSTEMPATH\CodeIgniter.php(507): CodeIgniter\CodeIgniter->runController(Object(App\Controllers\PaymentManagementController))
 8 SYSTEMPATH\CodeIgniter.php(354): CodeIgniter\CodeIgniter->handleRequest(null, Object(Config\Cache), false)
 9 SYSTEMPATH\Boot.php(334): CodeIgniter\CodeIgniter->run()
10 SYSTEMPATH\Boot.php(67): CodeIgniter\Boot::runCodeIgniter(Object(CodeIgniter\CodeIgniter))
11 FCPATH\index.php(58): CodeIgniter\Boot::bootWeb(Object(Config\Paths))
ERROR - 2025-02-09 18:58:47 --> mysqli_sql_exception: Table 'ghmp_db.estate_six_month_due_dates' doesn't exist in C:\xampp\htdocs\ghmp-customer\system\Database\MySQLi\Connection.php:327
Stack trace:
#0 C:\xampp\htdocs\ghmp-customer\system\Database\MySQLi\Connection.php(327): mysqli->query('SELECT 'lot' AS...', 0)
#1 C:\xampp\htdocs\ghmp-customer\system\Database\BaseConnection.php(738): CodeIgniter\Database\MySQLi\Connection->execute('SELECT 'lot' AS...')
#2 C:\xampp\htdocs\ghmp-customer\system\Database\BaseConnection.php(652): CodeIgniter\Database\BaseConnection->simpleQuery('SELECT 'lot' AS...')
#3 C:\xampp\htdocs\ghmp-customer\app\Models\SixMonthsModel.php(54): CodeIgniter\Database\BaseConnection->query('SELECT 'lot' AS...')
#4 C:\xampp\htdocs\ghmp-customer\app\Controllers\PaymentManagementController.php(33): App\Models\SixMonthsModel->getSixMonths()
#5 C:\xampp\htdocs\ghmp-customer\system\CodeIgniter.php(933): App\Controllers\PaymentManagementController->getSixMonths()
#6 C:\xampp\htdocs\ghmp-customer\system\CodeIgniter.php(507): CodeIgniter\CodeIgniter->runController(Object(App\Controllers\PaymentManagementController))
#7 C:\xampp\htdocs\ghmp-customer\system\CodeIgniter.php(354): CodeIgniter\CodeIgniter->handleRequest(NULL, Object(Config\Cache), false)
#8 C:\xampp\htdocs\ghmp-customer\system\Boot.php(334): CodeIgniter\CodeIgniter->run()
#9 C:\xampp\htdocs\ghmp-customer\system\Boot.php(67): CodeIgniter\Boot::runCodeIgniter(Object(CodeIgniter\CodeIgniter))
#10 C:\xampp\htdocs\ghmp-customer\public\index.php(58): CodeIgniter\Boot::bootWeb(Object(Config\Paths))
#11 {main}
CRITICAL - 2025-02-09 18:58:47 --> CodeIgniter\Database\Exceptions\DatabaseException: Table 'ghmp_db.estate_six_month_due_dates' doesn't exist
[Method: GET, Route: api/six_months]
in SYSTEMPATH\Database\BaseConnection.php on line 692.
 1 APPPATH\Models\SixMonthsModel.php(54): CodeIgniter\Database\BaseConnection->query('SELECT \'lot\' AS asset_type, `sm`.`lot_id` AS `asset_id`, `sm`.`payment_amount`, `smdd`.`due_date`
FROM `six_months` AS `sm`
LEFT JOIN `six_months_due_dates` AS `smdd` ON `smdd`.`lot_id` = `sm`.`lot_id`
WHERE `payment_status` = \'Pending\' UNION SELECT \'estate\' AS asset_type, `esm`.`estate_id` AS `asset_id`, `esm`.`payment_amount`, `esmdd`.`due_date`
FROM `estate_six_months` AS `esm`
LEFT JOIN `estate_six_month_due_dates` AS `esmdd` ON `esmdd`.`estate_id` = `esm`.`estate_id`
WHERE `payment_status` = \'Pending\'')
 2 APPPATH\Controllers\PaymentManagementController.php(33): App\Models\SixMonthsModel->getSixMonths()
 3 SYSTEMPATH\CodeIgniter.php(933): App\Controllers\PaymentManagementController->getSixMonths()
 4 SYSTEMPATH\CodeIgniter.php(507): CodeIgniter\CodeIgniter->runController(Object(App\Controllers\PaymentManagementController))
 5 SYSTEMPATH\CodeIgniter.php(354): CodeIgniter\CodeIgniter->handleRequest(null, Object(Config\Cache), false)
 6 SYSTEMPATH\Boot.php(334): CodeIgniter\CodeIgniter->run()
 7 SYSTEMPATH\Boot.php(67): CodeIgniter\Boot::runCodeIgniter(Object(CodeIgniter\CodeIgniter))
 8 FCPATH\index.php(58): CodeIgniter\Boot::bootWeb(Object(Config\Paths))
CRITICAL - 2025-02-09 18:58:47 --> [Caused by] CodeIgniter\Database\Exceptions\DatabaseException: Table 'ghmp_db.estate_six_month_due_dates' doesn't exist
in SYSTEMPATH\Database\MySQLi\Connection.php on line 332.
 1 SYSTEMPATH\Database\BaseConnection.php(738): CodeIgniter\Database\MySQLi\Connection->execute('SELECT \'lot\' AS asset_type, `sm`.`lot_id` AS `asset_id`, `sm`.`payment_amount`, `smdd`.`due_date`
FROM `six_months` AS `sm`
LEFT JOIN `six_months_due_dates` AS `smdd` ON `smdd`.`lot_id` = `sm`.`lot_id`
WHERE `payment_status` = \'Pending\' UNION SELECT \'estate\' AS asset_type, `esm`.`estate_id` AS `asset_id`, `esm`.`payment_amount`, `esmdd`.`due_date`
FROM `estate_six_months` AS `esm`
LEFT JOIN `estate_six_month_due_dates` AS `esmdd` ON `esmdd`.`estate_id` = `esm`.`estate_id`
WHERE `payment_status` = \'Pending\'')
 2 SYSTEMPATH\Database\BaseConnection.php(652): CodeIgniter\Database\BaseConnection->simpleQuery('SELECT \'lot\' AS asset_type, `sm`.`lot_id` AS `asset_id`, `sm`.`payment_amount`, `smdd`.`due_date`
FROM `six_months` AS `sm`
LEFT JOIN `six_months_due_dates` AS `smdd` ON `smdd`.`lot_id` = `sm`.`lot_id`
WHERE `payment_status` = \'Pending\' UNION SELECT \'estate\' AS asset_type, `esm`.`estate_id` AS `asset_id`, `esm`.`payment_amount`, `esmdd`.`due_date`
FROM `estate_six_months` AS `esm`
LEFT JOIN `estate_six_month_due_dates` AS `esmdd` ON `esmdd`.`estate_id` = `esm`.`estate_id`
WHERE `payment_status` = \'Pending\'')
 3 APPPATH\Models\SixMonthsModel.php(54): CodeIgniter\Database\BaseConnection->query('SELECT \'lot\' AS asset_type, `sm`.`lot_id` AS `asset_id`, `sm`.`payment_amount`, `smdd`.`due_date`
FROM `six_months` AS `sm`
LEFT JOIN `six_months_due_dates` AS `smdd` ON `smdd`.`lot_id` = `sm`.`lot_id`
WHERE `payment_status` = \'Pending\' UNION SELECT \'estate\' AS asset_type, `esm`.`estate_id` AS `asset_id`, `esm`.`payment_amount`, `esmdd`.`due_date`
FROM `estate_six_months` AS `esm`
LEFT JOIN `estate_six_month_due_dates` AS `esmdd` ON `esmdd`.`estate_id` = `esm`.`estate_id`
WHERE `payment_status` = \'Pending\'')
 4 APPPATH\Controllers\PaymentManagementController.php(33): App\Models\SixMonthsModel->getSixMonths()
 5 SYSTEMPATH\CodeIgniter.php(933): App\Controllers\PaymentManagementController->getSixMonths()
 6 SYSTEMPATH\CodeIgniter.php(507): CodeIgniter\CodeIgniter->runController(Object(App\Controllers\PaymentManagementController))
 7 SYSTEMPATH\CodeIgniter.php(354): CodeIgniter\CodeIgniter->handleRequest(null, Object(Config\Cache), false)
 8 SYSTEMPATH\Boot.php(334): CodeIgniter\CodeIgniter->run()
 9 SYSTEMPATH\Boot.php(67): CodeIgniter\Boot::runCodeIgniter(Object(CodeIgniter\CodeIgniter))
10 FCPATH\index.php(58): CodeIgniter\Boot::bootWeb(Object(Config\Paths))
CRITICAL - 2025-02-09 18:58:47 --> [Caused by] mysqli_sql_exception: Table 'ghmp_db.estate_six_month_due_dates' doesn't exist
in SYSTEMPATH\Database\MySQLi\Connection.php on line 327.
 1 SYSTEMPATH\Database\MySQLi\Connection.php(327): mysqli->query('SELECT \'lot\' AS asset_type, `sm`.`lot_id` AS `asset_id`, `sm`.`payment_amount`, `smdd`.`due_date`
FROM `six_months` AS `sm`
LEFT JOIN `six_months_due_dates` AS `smdd` ON `smdd`.`lot_id` = `sm`.`lot_id`
WHERE `payment_status` = \'Pending\' UNION SELECT \'estate\' AS asset_type, `esm`.`estate_id` AS `asset_id`, `esm`.`payment_amount`, `esmdd`.`due_date`
FROM `estate_six_months` AS `esm`
LEFT JOIN `estate_six_month_due_dates` AS `esmdd` ON `esmdd`.`estate_id` = `esm`.`estate_id`
WHERE `payment_status` = \'Pending\'', 0)
 2 SYSTEMPATH\Database\BaseConnection.php(738): CodeIgniter\Database\MySQLi\Connection->execute('SELECT \'lot\' AS asset_type, `sm`.`lot_id` AS `asset_id`, `sm`.`payment_amount`, `smdd`.`due_date`
FROM `six_months` AS `sm`
LEFT JOIN `six_months_due_dates` AS `smdd` ON `smdd`.`lot_id` = `sm`.`lot_id`
WHERE `payment_status` = \'Pending\' UNION SELECT \'estate\' AS asset_type, `esm`.`estate_id` AS `asset_id`, `esm`.`payment_amount`, `esmdd`.`due_date`
FROM `estate_six_months` AS `esm`
LEFT JOIN `estate_six_month_due_dates` AS `esmdd` ON `esmdd`.`estate_id` = `esm`.`estate_id`
WHERE `payment_status` = \'Pending\'')
 3 SYSTEMPATH\Database\BaseConnection.php(652): CodeIgniter\Database\BaseConnection->simpleQuery('SELECT \'lot\' AS asset_type, `sm`.`lot_id` AS `asset_id`, `sm`.`payment_amount`, `smdd`.`due_date`
FROM `six_months` AS `sm`
LEFT JOIN `six_months_due_dates` AS `smdd` ON `smdd`.`lot_id` = `sm`.`lot_id`
WHERE `payment_status` = \'Pending\' UNION SELECT \'estate\' AS asset_type, `esm`.`estate_id` AS `asset_id`, `esm`.`payment_amount`, `esmdd`.`due_date`
FROM `estate_six_months` AS `esm`
LEFT JOIN `estate_six_month_due_dates` AS `esmdd` ON `esmdd`.`estate_id` = `esm`.`estate_id`
WHERE `payment_status` = \'Pending\'')
 4 APPPATH\Models\SixMonthsModel.php(54): CodeIgniter\Database\BaseConnection->query('SELECT \'lot\' AS asset_type, `sm`.`lot_id` AS `asset_id`, `sm`.`payment_amount`, `smdd`.`due_date`
FROM `six_months` AS `sm`
LEFT JOIN `six_months_due_dates` AS `smdd` ON `smdd`.`lot_id` = `sm`.`lot_id`
WHERE `payment_status` = \'Pending\' UNION SELECT \'estate\' AS asset_type, `esm`.`estate_id` AS `asset_id`, `esm`.`payment_amount`, `esmdd`.`due_date`
FROM `estate_six_months` AS `esm`
LEFT JOIN `estate_six_month_due_dates` AS `esmdd` ON `esmdd`.`estate_id` = `esm`.`estate_id`
WHERE `payment_status` = \'Pending\'')
 5 APPPATH\Controllers\PaymentManagementController.php(33): App\Models\SixMonthsModel->getSixMonths()
 6 SYSTEMPATH\CodeIgniter.php(933): App\Controllers\PaymentManagementController->getSixMonths()
 7 SYSTEMPATH\CodeIgniter.php(507): CodeIgniter\CodeIgniter->runController(Object(App\Controllers\PaymentManagementController))
 8 SYSTEMPATH\CodeIgniter.php(354): CodeIgniter\CodeIgniter->handleRequest(null, Object(Config\Cache), false)
 9 SYSTEMPATH\Boot.php(334): CodeIgniter\CodeIgniter->run()
10 SYSTEMPATH\Boot.php(67): CodeIgniter\Boot::runCodeIgniter(Object(CodeIgniter\CodeIgniter))
11 FCPATH\index.php(58): CodeIgniter\Boot::bootWeb(Object(Config\Paths))
ERROR - 2025-02-09 19:10:58 --> mysqli_sql_exception: Table 'ghmp_db.estate_six_month_due_dates' doesn't exist in C:\xampp\htdocs\ghmp-customer\system\Database\MySQLi\Connection.php:327
Stack trace:
#0 C:\xampp\htdocs\ghmp-customer\system\Database\MySQLi\Connection.php(327): mysqli->query('SELECT 'lot' AS...', 0)
#1 C:\xampp\htdocs\ghmp-customer\system\Database\BaseConnection.php(738): CodeIgniter\Database\MySQLi\Connection->execute('SELECT 'lot' AS...')
#2 C:\xampp\htdocs\ghmp-customer\system\Database\BaseConnection.php(652): CodeIgniter\Database\BaseConnection->simpleQuery('SELECT 'lot' AS...')
#3 C:\xampp\htdocs\ghmp-customer\app\Models\SixMonthsModel.php(54): CodeIgniter\Database\BaseConnection->query('SELECT 'lot' AS...')
#4 C:\xampp\htdocs\ghmp-customer\app\Controllers\PaymentManagementController.php(33): App\Models\SixMonthsModel->getSixMonths()
#5 C:\xampp\htdocs\ghmp-customer\system\CodeIgniter.php(933): App\Controllers\PaymentManagementController->getSixMonths()
#6 C:\xampp\htdocs\ghmp-customer\system\CodeIgniter.php(507): CodeIgniter\CodeIgniter->runController(Object(App\Controllers\PaymentManagementController))
#7 C:\xampp\htdocs\ghmp-customer\system\CodeIgniter.php(354): CodeIgniter\CodeIgniter->handleRequest(NULL, Object(Config\Cache), false)
#8 C:\xampp\htdocs\ghmp-customer\system\Boot.php(334): CodeIgniter\CodeIgniter->run()
#9 C:\xampp\htdocs\ghmp-customer\system\Boot.php(67): CodeIgniter\Boot::runCodeIgniter(Object(CodeIgniter\CodeIgniter))
#10 C:\xampp\htdocs\ghmp-customer\public\index.php(58): CodeIgniter\Boot::bootWeb(Object(Config\Paths))
#11 {main}
CRITICAL - 2025-02-09 19:10:58 --> CodeIgniter\Database\Exceptions\DatabaseException: Table 'ghmp_db.estate_six_month_due_dates' doesn't exist
[Method: GET, Route: api/six_months]
in SYSTEMPATH\Database\BaseConnection.php on line 692.
 1 APPPATH\Models\SixMonthsModel.php(54): CodeIgniter\Database\BaseConnection->query('SELECT \'lot\' AS asset_type, `sm`.`lot_id` AS `asset_id`, `sm`.`payment_amount`, `smdd`.`due_date`
FROM `six_months` AS `sm`
LEFT JOIN `six_months_due_dates` AS `smdd` ON `smdd`.`lot_id` = `sm`.`lot_id`
WHERE `payment_status` = \'Pending\' UNION SELECT \'estate\' AS asset_type, `esm`.`estate_id` AS `asset_id`, `esm`.`payment_amount`, `esmdd`.`due_date`
FROM `estate_six_months` AS `esm`
LEFT JOIN `estate_six_month_due_dates` AS `esmdd` ON `esmdd`.`estate_id` = `esm`.`estate_id`
WHERE `payment_status` = \'Pending\'')
 2 APPPATH\Controllers\PaymentManagementController.php(33): App\Models\SixMonthsModel->getSixMonths()
 3 SYSTEMPATH\CodeIgniter.php(933): App\Controllers\PaymentManagementController->getSixMonths()
 4 SYSTEMPATH\CodeIgniter.php(507): CodeIgniter\CodeIgniter->runController(Object(App\Controllers\PaymentManagementController))
 5 SYSTEMPATH\CodeIgniter.php(354): CodeIgniter\CodeIgniter->handleRequest(null, Object(Config\Cache), false)
 6 SYSTEMPATH\Boot.php(334): CodeIgniter\CodeIgniter->run()
 7 SYSTEMPATH\Boot.php(67): CodeIgniter\Boot::runCodeIgniter(Object(CodeIgniter\CodeIgniter))
 8 FCPATH\index.php(58): CodeIgniter\Boot::bootWeb(Object(Config\Paths))
CRITICAL - 2025-02-09 19:10:58 --> [Caused by] CodeIgniter\Database\Exceptions\DatabaseException: Table 'ghmp_db.estate_six_month_due_dates' doesn't exist
in SYSTEMPATH\Database\MySQLi\Connection.php on line 332.
 1 SYSTEMPATH\Database\BaseConnection.php(738): CodeIgniter\Database\MySQLi\Connection->execute('SELECT \'lot\' AS asset_type, `sm`.`lot_id` AS `asset_id`, `sm`.`payment_amount`, `smdd`.`due_date`
FROM `six_months` AS `sm`
LEFT JOIN `six_months_due_dates` AS `smdd` ON `smdd`.`lot_id` = `sm`.`lot_id`
WHERE `payment_status` = \'Pending\' UNION SELECT \'estate\' AS asset_type, `esm`.`estate_id` AS `asset_id`, `esm`.`payment_amount`, `esmdd`.`due_date`
FROM `estate_six_months` AS `esm`
LEFT JOIN `estate_six_month_due_dates` AS `esmdd` ON `esmdd`.`estate_id` = `esm`.`estate_id`
WHERE `payment_status` = \'Pending\'')
 2 SYSTEMPATH\Database\BaseConnection.php(652): CodeIgniter\Database\BaseConnection->simpleQuery('SELECT \'lot\' AS asset_type, `sm`.`lot_id` AS `asset_id`, `sm`.`payment_amount`, `smdd`.`due_date`
FROM `six_months` AS `sm`
LEFT JOIN `six_months_due_dates` AS `smdd` ON `smdd`.`lot_id` = `sm`.`lot_id`
WHERE `payment_status` = \'Pending\' UNION SELECT \'estate\' AS asset_type, `esm`.`estate_id` AS `asset_id`, `esm`.`payment_amount`, `esmdd`.`due_date`
FROM `estate_six_months` AS `esm`
LEFT JOIN `estate_six_month_due_dates` AS `esmdd` ON `esmdd`.`estate_id` = `esm`.`estate_id`
WHERE `payment_status` = \'Pending\'')
 3 APPPATH\Models\SixMonthsModel.php(54): CodeIgniter\Database\BaseConnection->query('SELECT \'lot\' AS asset_type, `sm`.`lot_id` AS `asset_id`, `sm`.`payment_amount`, `smdd`.`due_date`
FROM `six_months` AS `sm`
LEFT JOIN `six_months_due_dates` AS `smdd` ON `smdd`.`lot_id` = `sm`.`lot_id`
WHERE `payment_status` = \'Pending\' UNION SELECT \'estate\' AS asset_type, `esm`.`estate_id` AS `asset_id`, `esm`.`payment_amount`, `esmdd`.`due_date`
FROM `estate_six_months` AS `esm`
LEFT JOIN `estate_six_month_due_dates` AS `esmdd` ON `esmdd`.`estate_id` = `esm`.`estate_id`
WHERE `payment_status` = \'Pending\'')
 4 APPPATH\Controllers\PaymentManagementController.php(33): App\Models\SixMonthsModel->getSixMonths()
 5 SYSTEMPATH\CodeIgniter.php(933): App\Controllers\PaymentManagementController->getSixMonths()
 6 SYSTEMPATH\CodeIgniter.php(507): CodeIgniter\CodeIgniter->runController(Object(App\Controllers\PaymentManagementController))
 7 SYSTEMPATH\CodeIgniter.php(354): CodeIgniter\CodeIgniter->handleRequest(null, Object(Config\Cache), false)
 8 SYSTEMPATH\Boot.php(334): CodeIgniter\CodeIgniter->run()
 9 SYSTEMPATH\Boot.php(67): CodeIgniter\Boot::runCodeIgniter(Object(CodeIgniter\CodeIgniter))
10 FCPATH\index.php(58): CodeIgniter\Boot::bootWeb(Object(Config\Paths))
CRITICAL - 2025-02-09 19:10:58 --> [Caused by] mysqli_sql_exception: Table 'ghmp_db.estate_six_month_due_dates' doesn't exist
in SYSTEMPATH\Database\MySQLi\Connection.php on line 327.
 1 SYSTEMPATH\Database\MySQLi\Connection.php(327): mysqli->query('SELECT \'lot\' AS asset_type, `sm`.`lot_id` AS `asset_id`, `sm`.`payment_amount`, `smdd`.`due_date`
FROM `six_months` AS `sm`
LEFT JOIN `six_months_due_dates` AS `smdd` ON `smdd`.`lot_id` = `sm`.`lot_id`
WHERE `payment_status` = \'Pending\' UNION SELECT \'estate\' AS asset_type, `esm`.`estate_id` AS `asset_id`, `esm`.`payment_amount`, `esmdd`.`due_date`
FROM `estate_six_months` AS `esm`
LEFT JOIN `estate_six_month_due_dates` AS `esmdd` ON `esmdd`.`estate_id` = `esm`.`estate_id`
WHERE `payment_status` = \'Pending\'', 0)
 2 SYSTEMPATH\Database\BaseConnection.php(738): CodeIgniter\Database\MySQLi\Connection->execute('SELECT \'lot\' AS asset_type, `sm`.`lot_id` AS `asset_id`, `sm`.`payment_amount`, `smdd`.`due_date`
FROM `six_months` AS `sm`
LEFT JOIN `six_months_due_dates` AS `smdd` ON `smdd`.`lot_id` = `sm`.`lot_id`
WHERE `payment_status` = \'Pending\' UNION SELECT \'estate\' AS asset_type, `esm`.`estate_id` AS `asset_id`, `esm`.`payment_amount`, `esmdd`.`due_date`
FROM `estate_six_months` AS `esm`
LEFT JOIN `estate_six_month_due_dates` AS `esmdd` ON `esmdd`.`estate_id` = `esm`.`estate_id`
WHERE `payment_status` = \'Pending\'')
 3 SYSTEMPATH\Database\BaseConnection.php(652): CodeIgniter\Database\BaseConnection->simpleQuery('SELECT \'lot\' AS asset_type, `sm`.`lot_id` AS `asset_id`, `sm`.`payment_amount`, `smdd`.`due_date`
FROM `six_months` AS `sm`
LEFT JOIN `six_months_due_dates` AS `smdd` ON `smdd`.`lot_id` = `sm`.`lot_id`
WHERE `payment_status` = \'Pending\' UNION SELECT \'estate\' AS asset_type, `esm`.`estate_id` AS `asset_id`, `esm`.`payment_amount`, `esmdd`.`due_date`
FROM `estate_six_months` AS `esm`
LEFT JOIN `estate_six_month_due_dates` AS `esmdd` ON `esmdd`.`estate_id` = `esm`.`estate_id`
WHERE `payment_status` = \'Pending\'')
 4 APPPATH\Models\SixMonthsModel.php(54): CodeIgniter\Database\BaseConnection->query('SELECT \'lot\' AS asset_type, `sm`.`lot_id` AS `asset_id`, `sm`.`payment_amount`, `smdd`.`due_date`
FROM `six_months` AS `sm`
LEFT JOIN `six_months_due_dates` AS `smdd` ON `smdd`.`lot_id` = `sm`.`lot_id`
WHERE `payment_status` = \'Pending\' UNION SELECT \'estate\' AS asset_type, `esm`.`estate_id` AS `asset_id`, `esm`.`payment_amount`, `esmdd`.`due_date`
FROM `estate_six_months` AS `esm`
LEFT JOIN `estate_six_month_due_dates` AS `esmdd` ON `esmdd`.`estate_id` = `esm`.`estate_id`
WHERE `payment_status` = \'Pending\'')
 5 APPPATH\Controllers\PaymentManagementController.php(33): App\Models\SixMonthsModel->getSixMonths()
 6 SYSTEMPATH\CodeIgniter.php(933): App\Controllers\PaymentManagementController->getSixMonths()
 7 SYSTEMPATH\CodeIgniter.php(507): CodeIgniter\CodeIgniter->runController(Object(App\Controllers\PaymentManagementController))
 8 SYSTEMPATH\CodeIgniter.php(354): CodeIgniter\CodeIgniter->handleRequest(null, Object(Config\Cache), false)
 9 SYSTEMPATH\Boot.php(334): CodeIgniter\CodeIgniter->run()
10 SYSTEMPATH\Boot.php(67): CodeIgniter\Boot::runCodeIgniter(Object(CodeIgniter\CodeIgniter))
11 FCPATH\index.php(58): CodeIgniter\Boot::bootWeb(Object(Config\Paths))
ERROR - 2025-02-09 19:11:23 --> mysqli_sql_exception: Table 'ghmp_db.estate_six_month_due_dates' doesn't exist in C:\xampp\htdocs\ghmp-customer\system\Database\MySQLi\Connection.php:327
Stack trace:
#0 C:\xampp\htdocs\ghmp-customer\system\Database\MySQLi\Connection.php(327): mysqli->query('SELECT 'lot' AS...', 0)
#1 C:\xampp\htdocs\ghmp-customer\system\Database\BaseConnection.php(738): CodeIgniter\Database\MySQLi\Connection->execute('SELECT 'lot' AS...')
#2 C:\xampp\htdocs\ghmp-customer\system\Database\BaseConnection.php(652): CodeIgniter\Database\BaseConnection->simpleQuery('SELECT 'lot' AS...')
#3 C:\xampp\htdocs\ghmp-customer\app\Models\SixMonthsModel.php(54): CodeIgniter\Database\BaseConnection->query('SELECT 'lot' AS...')
#4 C:\xampp\htdocs\ghmp-customer\app\Controllers\PaymentManagementController.php(33): App\Models\SixMonthsModel->getSixMonths()
#5 C:\xampp\htdocs\ghmp-customer\system\CodeIgniter.php(933): App\Controllers\PaymentManagementController->getSixMonths()
#6 C:\xampp\htdocs\ghmp-customer\system\CodeIgniter.php(507): CodeIgniter\CodeIgniter->runController(Object(App\Controllers\PaymentManagementController))
#7 C:\xampp\htdocs\ghmp-customer\system\CodeIgniter.php(354): CodeIgniter\CodeIgniter->handleRequest(NULL, Object(Config\Cache), false)
#8 C:\xampp\htdocs\ghmp-customer\system\Boot.php(334): CodeIgniter\CodeIgniter->run()
#9 C:\xampp\htdocs\ghmp-customer\system\Boot.php(67): CodeIgniter\Boot::runCodeIgniter(Object(CodeIgniter\CodeIgniter))
#10 C:\xampp\htdocs\ghmp-customer\public\index.php(58): CodeIgniter\Boot::bootWeb(Object(Config\Paths))
#11 {main}
CRITICAL - 2025-02-09 19:11:23 --> CodeIgniter\Database\Exceptions\DatabaseException: Table 'ghmp_db.estate_six_month_due_dates' doesn't exist
[Method: GET, Route: api/six_months]
in SYSTEMPATH\Database\BaseConnection.php on line 692.
 1 APPPATH\Models\SixMonthsModel.php(54): CodeIgniter\Database\BaseConnection->query('SELECT \'lot\' AS asset_type, `sm`.`lot_id` AS `asset_id`, `sm`.`payment_amount`, `smdd`.`due_date`
FROM `six_months` AS `sm`
LEFT JOIN `six_months_due_dates` AS `smdd` ON `smdd`.`lot_id` = `sm`.`lot_id`
WHERE `payment_status` = \'Pending\' UNION SELECT \'estate\' AS asset_type, `esm`.`estate_id` AS `asset_id`, `esm`.`payment_amount`, `esmdd`.`due_date`
FROM `estate_six_months` AS `esm`
LEFT JOIN `estate_six_month_due_dates` AS `esmdd` ON `esmdd`.`estate_id` = `esm`.`estate_id`
WHERE `payment_status` = \'Pending\'')
 2 APPPATH\Controllers\PaymentManagementController.php(33): App\Models\SixMonthsModel->getSixMonths()
 3 SYSTEMPATH\CodeIgniter.php(933): App\Controllers\PaymentManagementController->getSixMonths()
 4 SYSTEMPATH\CodeIgniter.php(507): CodeIgniter\CodeIgniter->runController(Object(App\Controllers\PaymentManagementController))
 5 SYSTEMPATH\CodeIgniter.php(354): CodeIgniter\CodeIgniter->handleRequest(null, Object(Config\Cache), false)
 6 SYSTEMPATH\Boot.php(334): CodeIgniter\CodeIgniter->run()
 7 SYSTEMPATH\Boot.php(67): CodeIgniter\Boot::runCodeIgniter(Object(CodeIgniter\CodeIgniter))
 8 FCPATH\index.php(58): CodeIgniter\Boot::bootWeb(Object(Config\Paths))
CRITICAL - 2025-02-09 19:11:23 --> [Caused by] CodeIgniter\Database\Exceptions\DatabaseException: Table 'ghmp_db.estate_six_month_due_dates' doesn't exist
in SYSTEMPATH\Database\MySQLi\Connection.php on line 332.
 1 SYSTEMPATH\Database\BaseConnection.php(738): CodeIgniter\Database\MySQLi\Connection->execute('SELECT \'lot\' AS asset_type, `sm`.`lot_id` AS `asset_id`, `sm`.`payment_amount`, `smdd`.`due_date`
FROM `six_months` AS `sm`
LEFT JOIN `six_months_due_dates` AS `smdd` ON `smdd`.`lot_id` = `sm`.`lot_id`
WHERE `payment_status` = \'Pending\' UNION SELECT \'estate\' AS asset_type, `esm`.`estate_id` AS `asset_id`, `esm`.`payment_amount`, `esmdd`.`due_date`
FROM `estate_six_months` AS `esm`
LEFT JOIN `estate_six_month_due_dates` AS `esmdd` ON `esmdd`.`estate_id` = `esm`.`estate_id`
WHERE `payment_status` = \'Pending\'')
 2 SYSTEMPATH\Database\BaseConnection.php(652): CodeIgniter\Database\BaseConnection->simpleQuery('SELECT \'lot\' AS asset_type, `sm`.`lot_id` AS `asset_id`, `sm`.`payment_amount`, `smdd`.`due_date`
FROM `six_months` AS `sm`
LEFT JOIN `six_months_due_dates` AS `smdd` ON `smdd`.`lot_id` = `sm`.`lot_id`
WHERE `payment_status` = \'Pending\' UNION SELECT \'estate\' AS asset_type, `esm`.`estate_id` AS `asset_id`, `esm`.`payment_amount`, `esmdd`.`due_date`
FROM `estate_six_months` AS `esm`
LEFT JOIN `estate_six_month_due_dates` AS `esmdd` ON `esmdd`.`estate_id` = `esm`.`estate_id`
WHERE `payment_status` = \'Pending\'')
 3 APPPATH\Models\SixMonthsModel.php(54): CodeIgniter\Database\BaseConnection->query('SELECT \'lot\' AS asset_type, `sm`.`lot_id` AS `asset_id`, `sm`.`payment_amount`, `smdd`.`due_date`
FROM `six_months` AS `sm`
LEFT JOIN `six_months_due_dates` AS `smdd` ON `smdd`.`lot_id` = `sm`.`lot_id`
WHERE `payment_status` = \'Pending\' UNION SELECT \'estate\' AS asset_type, `esm`.`estate_id` AS `asset_id`, `esm`.`payment_amount`, `esmdd`.`due_date`
FROM `estate_six_months` AS `esm`
LEFT JOIN `estate_six_month_due_dates` AS `esmdd` ON `esmdd`.`estate_id` = `esm`.`estate_id`
WHERE `payment_status` = \'Pending\'')
 4 APPPATH\Controllers\PaymentManagementController.php(33): App\Models\SixMonthsModel->getSixMonths()
 5 SYSTEMPATH\CodeIgniter.php(933): App\Controllers\PaymentManagementController->getSixMonths()
 6 SYSTEMPATH\CodeIgniter.php(507): CodeIgniter\CodeIgniter->runController(Object(App\Controllers\PaymentManagementController))
 7 SYSTEMPATH\CodeIgniter.php(354): CodeIgniter\CodeIgniter->handleRequest(null, Object(Config\Cache), false)
 8 SYSTEMPATH\Boot.php(334): CodeIgniter\CodeIgniter->run()
 9 SYSTEMPATH\Boot.php(67): CodeIgniter\Boot::runCodeIgniter(Object(CodeIgniter\CodeIgniter))
10 FCPATH\index.php(58): CodeIgniter\Boot::bootWeb(Object(Config\Paths))
CRITICAL - 2025-02-09 19:11:23 --> [Caused by] mysqli_sql_exception: Table 'ghmp_db.estate_six_month_due_dates' doesn't exist
in SYSTEMPATH\Database\MySQLi\Connection.php on line 327.
 1 SYSTEMPATH\Database\MySQLi\Connection.php(327): mysqli->query('SELECT \'lot\' AS asset_type, `sm`.`lot_id` AS `asset_id`, `sm`.`payment_amount`, `smdd`.`due_date`
FROM `six_months` AS `sm`
LEFT JOIN `six_months_due_dates` AS `smdd` ON `smdd`.`lot_id` = `sm`.`lot_id`
WHERE `payment_status` = \'Pending\' UNION SELECT \'estate\' AS asset_type, `esm`.`estate_id` AS `asset_id`, `esm`.`payment_amount`, `esmdd`.`due_date`
FROM `estate_six_months` AS `esm`
LEFT JOIN `estate_six_month_due_dates` AS `esmdd` ON `esmdd`.`estate_id` = `esm`.`estate_id`
WHERE `payment_status` = \'Pending\'', 0)
 2 SYSTEMPATH\Database\BaseConnection.php(738): CodeIgniter\Database\MySQLi\Connection->execute('SELECT \'lot\' AS asset_type, `sm`.`lot_id` AS `asset_id`, `sm`.`payment_amount`, `smdd`.`due_date`
FROM `six_months` AS `sm`
LEFT JOIN `six_months_due_dates` AS `smdd` ON `smdd`.`lot_id` = `sm`.`lot_id`
WHERE `payment_status` = \'Pending\' UNION SELECT \'estate\' AS asset_type, `esm`.`estate_id` AS `asset_id`, `esm`.`payment_amount`, `esmdd`.`due_date`
FROM `estate_six_months` AS `esm`
LEFT JOIN `estate_six_month_due_dates` AS `esmdd` ON `esmdd`.`estate_id` = `esm`.`estate_id`
WHERE `payment_status` = \'Pending\'')
 3 SYSTEMPATH\Database\BaseConnection.php(652): CodeIgniter\Database\BaseConnection->simpleQuery('SELECT \'lot\' AS asset_type, `sm`.`lot_id` AS `asset_id`, `sm`.`payment_amount`, `smdd`.`due_date`
FROM `six_months` AS `sm`
LEFT JOIN `six_months_due_dates` AS `smdd` ON `smdd`.`lot_id` = `sm`.`lot_id`
WHERE `payment_status` = \'Pending\' UNION SELECT \'estate\' AS asset_type, `esm`.`estate_id` AS `asset_id`, `esm`.`payment_amount`, `esmdd`.`due_date`
FROM `estate_six_months` AS `esm`
LEFT JOIN `estate_six_month_due_dates` AS `esmdd` ON `esmdd`.`estate_id` = `esm`.`estate_id`
WHERE `payment_status` = \'Pending\'')
 4 APPPATH\Models\SixMonthsModel.php(54): CodeIgniter\Database\BaseConnection->query('SELECT \'lot\' AS asset_type, `sm`.`lot_id` AS `asset_id`, `sm`.`payment_amount`, `smdd`.`due_date`
FROM `six_months` AS `sm`
LEFT JOIN `six_months_due_dates` AS `smdd` ON `smdd`.`lot_id` = `sm`.`lot_id`
WHERE `payment_status` = \'Pending\' UNION SELECT \'estate\' AS asset_type, `esm`.`estate_id` AS `asset_id`, `esm`.`payment_amount`, `esmdd`.`due_date`
FROM `estate_six_months` AS `esm`
LEFT JOIN `estate_six_month_due_dates` AS `esmdd` ON `esmdd`.`estate_id` = `esm`.`estate_id`
WHERE `payment_status` = \'Pending\'')
 5 APPPATH\Controllers\PaymentManagementController.php(33): App\Models\SixMonthsModel->getSixMonths()
 6 SYSTEMPATH\CodeIgniter.php(933): App\Controllers\PaymentManagementController->getSixMonths()
 7 SYSTEMPATH\CodeIgniter.php(507): CodeIgniter\CodeIgniter->runController(Object(App\Controllers\PaymentManagementController))
 8 SYSTEMPATH\CodeIgniter.php(354): CodeIgniter\CodeIgniter->handleRequest(null, Object(Config\Cache), false)
 9 SYSTEMPATH\Boot.php(334): CodeIgniter\CodeIgniter->run()
10 SYSTEMPATH\Boot.php(67): CodeIgniter\Boot::runCodeIgniter(Object(CodeIgniter\CodeIgniter))
11 FCPATH\index.php(58): CodeIgniter\Boot::bootWeb(Object(Config\Paths))
ERROR - 2025-02-09 19:12:45 --> mysqli_sql_exception: Table 'ghmp_db.estate_six_month_due_dates' doesn't exist in C:\xampp\htdocs\ghmp-customer\system\Database\MySQLi\Connection.php:327
Stack trace:
#0 C:\xampp\htdocs\ghmp-customer\system\Database\MySQLi\Connection.php(327): mysqli->query('SELECT 'lot' AS...', 0)
#1 C:\xampp\htdocs\ghmp-customer\system\Database\BaseConnection.php(738): CodeIgniter\Database\MySQLi\Connection->execute('SELECT 'lot' AS...')
#2 C:\xampp\htdocs\ghmp-customer\system\Database\BaseConnection.php(652): CodeIgniter\Database\BaseConnection->simpleQuery('SELECT 'lot' AS...')
#3 C:\xampp\htdocs\ghmp-customer\app\Models\SixMonthsModel.php(54): CodeIgniter\Database\BaseConnection->query('SELECT 'lot' AS...')
#4 C:\xampp\htdocs\ghmp-customer\app\Controllers\PaymentManagementController.php(33): App\Models\SixMonthsModel->getSixMonths()
#5 C:\xampp\htdocs\ghmp-customer\system\CodeIgniter.php(933): App\Controllers\PaymentManagementController->getSixMonths()
#6 C:\xampp\htdocs\ghmp-customer\system\CodeIgniter.php(507): CodeIgniter\CodeIgniter->runController(Object(App\Controllers\PaymentManagementController))
#7 C:\xampp\htdocs\ghmp-customer\system\CodeIgniter.php(354): CodeIgniter\CodeIgniter->handleRequest(NULL, Object(Config\Cache), false)
#8 C:\xampp\htdocs\ghmp-customer\system\Boot.php(334): CodeIgniter\CodeIgniter->run()
#9 C:\xampp\htdocs\ghmp-customer\system\Boot.php(67): CodeIgniter\Boot::runCodeIgniter(Object(CodeIgniter\CodeIgniter))
#10 C:\xampp\htdocs\ghmp-customer\public\index.php(58): CodeIgniter\Boot::bootWeb(Object(Config\Paths))
#11 {main}
CRITICAL - 2025-02-09 19:12:45 --> CodeIgniter\Database\Exceptions\DatabaseException: Table 'ghmp_db.estate_six_month_due_dates' doesn't exist
[Method: GET, Route: api/six_months]
in SYSTEMPATH\Database\BaseConnection.php on line 692.
 1 APPPATH\Models\SixMonthsModel.php(54): CodeIgniter\Database\BaseConnection->query('SELECT \'lot\' AS asset_type, `sm`.`lot_id` AS `asset_id`, `sm`.`payment_amount`, `smdd`.`due_date`
FROM `six_months` AS `sm`
LEFT JOIN `six_months_due_dates` AS `smdd` ON `smdd`.`lot_id` = `sm`.`lot_id`
WHERE `payment_status` = \'Pending\' UNION SELECT \'estate\' AS asset_type, `esm`.`estate_id` AS `asset_id`, `esm`.`payment_amount`, `esmdd`.`due_date`
FROM `estate_six_months` AS `esm`
LEFT JOIN `estate_six_month_due_dates` AS `esmdd` ON `esmdd`.`estate_id` = `esm`.`estate_id`
WHERE `payment_status` = \'Pending\'')
 2 APPPATH\Controllers\PaymentManagementController.php(33): App\Models\SixMonthsModel->getSixMonths()
 3 SYSTEMPATH\CodeIgniter.php(933): App\Controllers\PaymentManagementController->getSixMonths()
 4 SYSTEMPATH\CodeIgniter.php(507): CodeIgniter\CodeIgniter->runController(Object(App\Controllers\PaymentManagementController))
 5 SYSTEMPATH\CodeIgniter.php(354): CodeIgniter\CodeIgniter->handleRequest(null, Object(Config\Cache), false)
 6 SYSTEMPATH\Boot.php(334): CodeIgniter\CodeIgniter->run()
 7 SYSTEMPATH\Boot.php(67): CodeIgniter\Boot::runCodeIgniter(Object(CodeIgniter\CodeIgniter))
 8 FCPATH\index.php(58): CodeIgniter\Boot::bootWeb(Object(Config\Paths))
CRITICAL - 2025-02-09 19:12:45 --> [Caused by] CodeIgniter\Database\Exceptions\DatabaseException: Table 'ghmp_db.estate_six_month_due_dates' doesn't exist
in SYSTEMPATH\Database\MySQLi\Connection.php on line 332.
 1 SYSTEMPATH\Database\BaseConnection.php(738): CodeIgniter\Database\MySQLi\Connection->execute('SELECT \'lot\' AS asset_type, `sm`.`lot_id` AS `asset_id`, `sm`.`payment_amount`, `smdd`.`due_date`
FROM `six_months` AS `sm`
LEFT JOIN `six_months_due_dates` AS `smdd` ON `smdd`.`lot_id` = `sm`.`lot_id`
WHERE `payment_status` = \'Pending\' UNION SELECT \'estate\' AS asset_type, `esm`.`estate_id` AS `asset_id`, `esm`.`payment_amount`, `esmdd`.`due_date`
FROM `estate_six_months` AS `esm`
LEFT JOIN `estate_six_month_due_dates` AS `esmdd` ON `esmdd`.`estate_id` = `esm`.`estate_id`
WHERE `payment_status` = \'Pending\'')
 2 SYSTEMPATH\Database\BaseConnection.php(652): CodeIgniter\Database\BaseConnection->simpleQuery('SELECT \'lot\' AS asset_type, `sm`.`lot_id` AS `asset_id`, `sm`.`payment_amount`, `smdd`.`due_date`
FROM `six_months` AS `sm`
LEFT JOIN `six_months_due_dates` AS `smdd` ON `smdd`.`lot_id` = `sm`.`lot_id`
WHERE `payment_status` = \'Pending\' UNION SELECT \'estate\' AS asset_type, `esm`.`estate_id` AS `asset_id`, `esm`.`payment_amount`, `esmdd`.`due_date`
FROM `estate_six_months` AS `esm`
LEFT JOIN `estate_six_month_due_dates` AS `esmdd` ON `esmdd`.`estate_id` = `esm`.`estate_id`
WHERE `payment_status` = \'Pending\'')
 3 APPPATH\Models\SixMonthsModel.php(54): CodeIgniter\Database\BaseConnection->query('SELECT \'lot\' AS asset_type, `sm`.`lot_id` AS `asset_id`, `sm`.`payment_amount`, `smdd`.`due_date`
FROM `six_months` AS `sm`
LEFT JOIN `six_months_due_dates` AS `smdd` ON `smdd`.`lot_id` = `sm`.`lot_id`
WHERE `payment_status` = \'Pending\' UNION SELECT \'estate\' AS asset_type, `esm`.`estate_id` AS `asset_id`, `esm`.`payment_amount`, `esmdd`.`due_date`
FROM `estate_six_months` AS `esm`
LEFT JOIN `estate_six_month_due_dates` AS `esmdd` ON `esmdd`.`estate_id` = `esm`.`estate_id`
WHERE `payment_status` = \'Pending\'')
 4 APPPATH\Controllers\PaymentManagementController.php(33): App\Models\SixMonthsModel->getSixMonths()
 5 SYSTEMPATH\CodeIgniter.php(933): App\Controllers\PaymentManagementController->getSixMonths()
 6 SYSTEMPATH\CodeIgniter.php(507): CodeIgniter\CodeIgniter->runController(Object(App\Controllers\PaymentManagementController))
 7 SYSTEMPATH\CodeIgniter.php(354): CodeIgniter\CodeIgniter->handleRequest(null, Object(Config\Cache), false)
 8 SYSTEMPATH\Boot.php(334): CodeIgniter\CodeIgniter->run()
 9 SYSTEMPATH\Boot.php(67): CodeIgniter\Boot::runCodeIgniter(Object(CodeIgniter\CodeIgniter))
10 FCPATH\index.php(58): CodeIgniter\Boot::bootWeb(Object(Config\Paths))
CRITICAL - 2025-02-09 19:12:45 --> [Caused by] mysqli_sql_exception: Table 'ghmp_db.estate_six_month_due_dates' doesn't exist
in SYSTEMPATH\Database\MySQLi\Connection.php on line 327.
 1 SYSTEMPATH\Database\MySQLi\Connection.php(327): mysqli->query('SELECT \'lot\' AS asset_type, `sm`.`lot_id` AS `asset_id`, `sm`.`payment_amount`, `smdd`.`due_date`
FROM `six_months` AS `sm`
LEFT JOIN `six_months_due_dates` AS `smdd` ON `smdd`.`lot_id` = `sm`.`lot_id`
WHERE `payment_status` = \'Pending\' UNION SELECT \'estate\' AS asset_type, `esm`.`estate_id` AS `asset_id`, `esm`.`payment_amount`, `esmdd`.`due_date`
FROM `estate_six_months` AS `esm`
LEFT JOIN `estate_six_month_due_dates` AS `esmdd` ON `esmdd`.`estate_id` = `esm`.`estate_id`
WHERE `payment_status` = \'Pending\'', 0)
 2 SYSTEMPATH\Database\BaseConnection.php(738): CodeIgniter\Database\MySQLi\Connection->execute('SELECT \'lot\' AS asset_type, `sm`.`lot_id` AS `asset_id`, `sm`.`payment_amount`, `smdd`.`due_date`
FROM `six_months` AS `sm`
LEFT JOIN `six_months_due_dates` AS `smdd` ON `smdd`.`lot_id` = `sm`.`lot_id`
WHERE `payment_status` = \'Pending\' UNION SELECT \'estate\' AS asset_type, `esm`.`estate_id` AS `asset_id`, `esm`.`payment_amount`, `esmdd`.`due_date`
FROM `estate_six_months` AS `esm`
LEFT JOIN `estate_six_month_due_dates` AS `esmdd` ON `esmdd`.`estate_id` = `esm`.`estate_id`
WHERE `payment_status` = \'Pending\'')
 3 SYSTEMPATH\Database\BaseConnection.php(652): CodeIgniter\Database\BaseConnection->simpleQuery('SELECT \'lot\' AS asset_type, `sm`.`lot_id` AS `asset_id`, `sm`.`payment_amount`, `smdd`.`due_date`
FROM `six_months` AS `sm`
LEFT JOIN `six_months_due_dates` AS `smdd` ON `smdd`.`lot_id` = `sm`.`lot_id`
WHERE `payment_status` = \'Pending\' UNION SELECT \'estate\' AS asset_type, `esm`.`estate_id` AS `asset_id`, `esm`.`payment_amount`, `esmdd`.`due_date`
FROM `estate_six_months` AS `esm`
LEFT JOIN `estate_six_month_due_dates` AS `esmdd` ON `esmdd`.`estate_id` = `esm`.`estate_id`
WHERE `payment_status` = \'Pending\'')
 4 APPPATH\Models\SixMonthsModel.php(54): CodeIgniter\Database\BaseConnection->query('SELECT \'lot\' AS asset_type, `sm`.`lot_id` AS `asset_id`, `sm`.`payment_amount`, `smdd`.`due_date`
FROM `six_months` AS `sm`
LEFT JOIN `six_months_due_dates` AS `smdd` ON `smdd`.`lot_id` = `sm`.`lot_id`
WHERE `payment_status` = \'Pending\' UNION SELECT \'estate\' AS asset_type, `esm`.`estate_id` AS `asset_id`, `esm`.`payment_amount`, `esmdd`.`due_date`
FROM `estate_six_months` AS `esm`
LEFT JOIN `estate_six_month_due_dates` AS `esmdd` ON `esmdd`.`estate_id` = `esm`.`estate_id`
WHERE `payment_status` = \'Pending\'')
 5 APPPATH\Controllers\PaymentManagementController.php(33): App\Models\SixMonthsModel->getSixMonths()
 6 SYSTEMPATH\CodeIgniter.php(933): App\Controllers\PaymentManagementController->getSixMonths()
 7 SYSTEMPATH\CodeIgniter.php(507): CodeIgniter\CodeIgniter->runController(Object(App\Controllers\PaymentManagementController))
 8 SYSTEMPATH\CodeIgniter.php(354): CodeIgniter\CodeIgniter->handleRequest(null, Object(Config\Cache), false)
 9 SYSTEMPATH\Boot.php(334): CodeIgniter\CodeIgniter->run()
10 SYSTEMPATH\Boot.php(67): CodeIgniter\Boot::runCodeIgniter(Object(CodeIgniter\CodeIgniter))
11 FCPATH\index.php(58): CodeIgniter\Boot::bootWeb(Object(Config\Paths))
ERROR - 2025-02-09 19:14:51 --> mysqli_sql_exception: Table 'ghmp_db.estate_six_month_due_dates' doesn't exist in C:\xampp\htdocs\ghmp-customer\system\Database\MySQLi\Connection.php:327
Stack trace:
#0 C:\xampp\htdocs\ghmp-customer\system\Database\MySQLi\Connection.php(327): mysqli->query('SELECT 'lot' AS...', 0)
#1 C:\xampp\htdocs\ghmp-customer\system\Database\BaseConnection.php(738): CodeIgniter\Database\MySQLi\Connection->execute('SELECT 'lot' AS...')
#2 C:\xampp\htdocs\ghmp-customer\system\Database\BaseConnection.php(652): CodeIgniter\Database\BaseConnection->simpleQuery('SELECT 'lot' AS...')
#3 C:\xampp\htdocs\ghmp-customer\app\Models\SixMonthsModel.php(54): CodeIgniter\Database\BaseConnection->query('SELECT 'lot' AS...')
#4 C:\xampp\htdocs\ghmp-customer\app\Controllers\PaymentManagementController.php(33): App\Models\SixMonthsModel->getSixMonths()
#5 C:\xampp\htdocs\ghmp-customer\system\CodeIgniter.php(933): App\Controllers\PaymentManagementController->getSixMonths()
#6 C:\xampp\htdocs\ghmp-customer\system\CodeIgniter.php(507): CodeIgniter\CodeIgniter->runController(Object(App\Controllers\PaymentManagementController))
#7 C:\xampp\htdocs\ghmp-customer\system\CodeIgniter.php(354): CodeIgniter\CodeIgniter->handleRequest(NULL, Object(Config\Cache), false)
#8 C:\xampp\htdocs\ghmp-customer\system\Boot.php(334): CodeIgniter\CodeIgniter->run()
#9 C:\xampp\htdocs\ghmp-customer\system\Boot.php(67): CodeIgniter\Boot::runCodeIgniter(Object(CodeIgniter\CodeIgniter))
#10 C:\xampp\htdocs\ghmp-customer\public\index.php(58): CodeIgniter\Boot::bootWeb(Object(Config\Paths))
#11 {main}
CRITICAL - 2025-02-09 19:14:51 --> CodeIgniter\Database\Exceptions\DatabaseException: Table 'ghmp_db.estate_six_month_due_dates' doesn't exist
[Method: GET, Route: api/six_months]
in SYSTEMPATH\Database\BaseConnection.php on line 692.
 1 APPPATH\Models\SixMonthsModel.php(54): CodeIgniter\Database\BaseConnection->query('SELECT \'lot\' AS asset_type, `sm`.`lot_id` AS `asset_id`, `sm`.`payment_amount`, `smdd`.`due_date`
FROM `six_months` AS `sm`
LEFT JOIN `six_months_due_dates` AS `smdd` ON `smdd`.`lot_id` = `sm`.`lot_id`
WHERE `payment_status` = \'Pending\' UNION SELECT \'estate\' AS asset_type, `esm`.`estate_id` AS `asset_id`, `esm`.`payment_amount`, `esmdd`.`due_date`
FROM `estate_six_months` AS `esm`
LEFT JOIN `estate_six_month_due_dates` AS `esmdd` ON `esmdd`.`estate_id` = `esm`.`estate_id`
WHERE `payment_status` = \'Pending\'')
 2 APPPATH\Controllers\PaymentManagementController.php(33): App\Models\SixMonthsModel->getSixMonths()
 3 SYSTEMPATH\CodeIgniter.php(933): App\Controllers\PaymentManagementController->getSixMonths()
 4 SYSTEMPATH\CodeIgniter.php(507): CodeIgniter\CodeIgniter->runController(Object(App\Controllers\PaymentManagementController))
 5 SYSTEMPATH\CodeIgniter.php(354): CodeIgniter\CodeIgniter->handleRequest(null, Object(Config\Cache), false)
 6 SYSTEMPATH\Boot.php(334): CodeIgniter\CodeIgniter->run()
 7 SYSTEMPATH\Boot.php(67): CodeIgniter\Boot::runCodeIgniter(Object(CodeIgniter\CodeIgniter))
 8 FCPATH\index.php(58): CodeIgniter\Boot::bootWeb(Object(Config\Paths))
CRITICAL - 2025-02-09 19:14:51 --> [Caused by] CodeIgniter\Database\Exceptions\DatabaseException: Table 'ghmp_db.estate_six_month_due_dates' doesn't exist
in SYSTEMPATH\Database\MySQLi\Connection.php on line 332.
 1 SYSTEMPATH\Database\BaseConnection.php(738): CodeIgniter\Database\MySQLi\Connection->execute('SELECT \'lot\' AS asset_type, `sm`.`lot_id` AS `asset_id`, `sm`.`payment_amount`, `smdd`.`due_date`
FROM `six_months` AS `sm`
LEFT JOIN `six_months_due_dates` AS `smdd` ON `smdd`.`lot_id` = `sm`.`lot_id`
WHERE `payment_status` = \'Pending\' UNION SELECT \'estate\' AS asset_type, `esm`.`estate_id` AS `asset_id`, `esm`.`payment_amount`, `esmdd`.`due_date`
FROM `estate_six_months` AS `esm`
LEFT JOIN `estate_six_month_due_dates` AS `esmdd` ON `esmdd`.`estate_id` = `esm`.`estate_id`
WHERE `payment_status` = \'Pending\'')
 2 SYSTEMPATH\Database\BaseConnection.php(652): CodeIgniter\Database\BaseConnection->simpleQuery('SELECT \'lot\' AS asset_type, `sm`.`lot_id` AS `asset_id`, `sm`.`payment_amount`, `smdd`.`due_date`
FROM `six_months` AS `sm`
LEFT JOIN `six_months_due_dates` AS `smdd` ON `smdd`.`lot_id` = `sm`.`lot_id`
WHERE `payment_status` = \'Pending\' UNION SELECT \'estate\' AS asset_type, `esm`.`estate_id` AS `asset_id`, `esm`.`payment_amount`, `esmdd`.`due_date`
FROM `estate_six_months` AS `esm`
LEFT JOIN `estate_six_month_due_dates` AS `esmdd` ON `esmdd`.`estate_id` = `esm`.`estate_id`
WHERE `payment_status` = \'Pending\'')
 3 APPPATH\Models\SixMonthsModel.php(54): CodeIgniter\Database\BaseConnection->query('SELECT \'lot\' AS asset_type, `sm`.`lot_id` AS `asset_id`, `sm`.`payment_amount`, `smdd`.`due_date`
FROM `six_months` AS `sm`
LEFT JOIN `six_months_due_dates` AS `smdd` ON `smdd`.`lot_id` = `sm`.`lot_id`
WHERE `payment_status` = \'Pending\' UNION SELECT \'estate\' AS asset_type, `esm`.`estate_id` AS `asset_id`, `esm`.`payment_amount`, `esmdd`.`due_date`
FROM `estate_six_months` AS `esm`
LEFT JOIN `estate_six_month_due_dates` AS `esmdd` ON `esmdd`.`estate_id` = `esm`.`estate_id`
WHERE `payment_status` = \'Pending\'')
 4 APPPATH\Controllers\PaymentManagementController.php(33): App\Models\SixMonthsModel->getSixMonths()
 5 SYSTEMPATH\CodeIgniter.php(933): App\Controllers\PaymentManagementController->getSixMonths()
 6 SYSTEMPATH\CodeIgniter.php(507): CodeIgniter\CodeIgniter->runController(Object(App\Controllers\PaymentManagementController))
 7 SYSTEMPATH\CodeIgniter.php(354): CodeIgniter\CodeIgniter->handleRequest(null, Object(Config\Cache), false)
 8 SYSTEMPATH\Boot.php(334): CodeIgniter\CodeIgniter->run()
 9 SYSTEMPATH\Boot.php(67): CodeIgniter\Boot::runCodeIgniter(Object(CodeIgniter\CodeIgniter))
10 FCPATH\index.php(58): CodeIgniter\Boot::bootWeb(Object(Config\Paths))
CRITICAL - 2025-02-09 19:14:51 --> [Caused by] mysqli_sql_exception: Table 'ghmp_db.estate_six_month_due_dates' doesn't exist
in SYSTEMPATH\Database\MySQLi\Connection.php on line 327.
 1 SYSTEMPATH\Database\MySQLi\Connection.php(327): mysqli->query('SELECT \'lot\' AS asset_type, `sm`.`lot_id` AS `asset_id`, `sm`.`payment_amount`, `smdd`.`due_date`
FROM `six_months` AS `sm`
LEFT JOIN `six_months_due_dates` AS `smdd` ON `smdd`.`lot_id` = `sm`.`lot_id`
WHERE `payment_status` = \'Pending\' UNION SELECT \'estate\' AS asset_type, `esm`.`estate_id` AS `asset_id`, `esm`.`payment_amount`, `esmdd`.`due_date`
FROM `estate_six_months` AS `esm`
LEFT JOIN `estate_six_month_due_dates` AS `esmdd` ON `esmdd`.`estate_id` = `esm`.`estate_id`
WHERE `payment_status` = \'Pending\'', 0)
 2 SYSTEMPATH\Database\BaseConnection.php(738): CodeIgniter\Database\MySQLi\Connection->execute('SELECT \'lot\' AS asset_type, `sm`.`lot_id` AS `asset_id`, `sm`.`payment_amount`, `smdd`.`due_date`
FROM `six_months` AS `sm`
LEFT JOIN `six_months_due_dates` AS `smdd` ON `smdd`.`lot_id` = `sm`.`lot_id`
WHERE `payment_status` = \'Pending\' UNION SELECT \'estate\' AS asset_type, `esm`.`estate_id` AS `asset_id`, `esm`.`payment_amount`, `esmdd`.`due_date`
FROM `estate_six_months` AS `esm`
LEFT JOIN `estate_six_month_due_dates` AS `esmdd` ON `esmdd`.`estate_id` = `esm`.`estate_id`
WHERE `payment_status` = \'Pending\'')
 3 SYSTEMPATH\Database\BaseConnection.php(652): CodeIgniter\Database\BaseConnection->simpleQuery('SELECT \'lot\' AS asset_type, `sm`.`lot_id` AS `asset_id`, `sm`.`payment_amount`, `smdd`.`due_date`
FROM `six_months` AS `sm`
LEFT JOIN `six_months_due_dates` AS `smdd` ON `smdd`.`lot_id` = `sm`.`lot_id`
WHERE `payment_status` = \'Pending\' UNION SELECT \'estate\' AS asset_type, `esm`.`estate_id` AS `asset_id`, `esm`.`payment_amount`, `esmdd`.`due_date`
FROM `estate_six_months` AS `esm`
LEFT JOIN `estate_six_month_due_dates` AS `esmdd` ON `esmdd`.`estate_id` = `esm`.`estate_id`
WHERE `payment_status` = \'Pending\'')
 4 APPPATH\Models\SixMonthsModel.php(54): CodeIgniter\Database\BaseConnection->query('SELECT \'lot\' AS asset_type, `sm`.`lot_id` AS `asset_id`, `sm`.`payment_amount`, `smdd`.`due_date`
FROM `six_months` AS `sm`
LEFT JOIN `six_months_due_dates` AS `smdd` ON `smdd`.`lot_id` = `sm`.`lot_id`
WHERE `payment_status` = \'Pending\' UNION SELECT \'estate\' AS asset_type, `esm`.`estate_id` AS `asset_id`, `esm`.`payment_amount`, `esmdd`.`due_date`
FROM `estate_six_months` AS `esm`
LEFT JOIN `estate_six_month_due_dates` AS `esmdd` ON `esmdd`.`estate_id` = `esm`.`estate_id`
WHERE `payment_status` = \'Pending\'')
 5 APPPATH\Controllers\PaymentManagementController.php(33): App\Models\SixMonthsModel->getSixMonths()
 6 SYSTEMPATH\CodeIgniter.php(933): App\Controllers\PaymentManagementController->getSixMonths()
 7 SYSTEMPATH\CodeIgniter.php(507): CodeIgniter\CodeIgniter->runController(Object(App\Controllers\PaymentManagementController))
 8 SYSTEMPATH\CodeIgniter.php(354): CodeIgniter\CodeIgniter->handleRequest(null, Object(Config\Cache), false)
 9 SYSTEMPATH\Boot.php(334): CodeIgniter\CodeIgniter->run()
10 SYSTEMPATH\Boot.php(67): CodeIgniter\Boot::runCodeIgniter(Object(CodeIgniter\CodeIgniter))
11 FCPATH\index.php(58): CodeIgniter\Boot::bootWeb(Object(Config\Paths))
ERROR - 2025-02-09 19:16:19 --> mysqli_sql_exception: Table 'ghmp_db.estate_six_month_due_dates' doesn't exist in C:\xampp\htdocs\ghmp-customer\system\Database\MySQLi\Connection.php:327
Stack trace:
#0 C:\xampp\htdocs\ghmp-customer\system\Database\MySQLi\Connection.php(327): mysqli->query('SELECT 'lot' AS...', 0)
#1 C:\xampp\htdocs\ghmp-customer\system\Database\BaseConnection.php(738): CodeIgniter\Database\MySQLi\Connection->execute('SELECT 'lot' AS...')
#2 C:\xampp\htdocs\ghmp-customer\system\Database\BaseConnection.php(652): CodeIgniter\Database\BaseConnection->simpleQuery('SELECT 'lot' AS...')
#3 C:\xampp\htdocs\ghmp-customer\app\Models\SixMonthsModel.php(54): CodeIgniter\Database\BaseConnection->query('SELECT 'lot' AS...')
#4 C:\xampp\htdocs\ghmp-customer\app\Controllers\PaymentManagementController.php(33): App\Models\SixMonthsModel->getSixMonths()
#5 C:\xampp\htdocs\ghmp-customer\system\CodeIgniter.php(933): App\Controllers\PaymentManagementController->getSixMonths()
#6 C:\xampp\htdocs\ghmp-customer\system\CodeIgniter.php(507): CodeIgniter\CodeIgniter->runController(Object(App\Controllers\PaymentManagementController))
#7 C:\xampp\htdocs\ghmp-customer\system\CodeIgniter.php(354): CodeIgniter\CodeIgniter->handleRequest(NULL, Object(Config\Cache), false)
#8 C:\xampp\htdocs\ghmp-customer\system\Boot.php(334): CodeIgniter\CodeIgniter->run()
#9 C:\xampp\htdocs\ghmp-customer\system\Boot.php(67): CodeIgniter\Boot::runCodeIgniter(Object(CodeIgniter\CodeIgniter))
#10 C:\xampp\htdocs\ghmp-customer\public\index.php(58): CodeIgniter\Boot::bootWeb(Object(Config\Paths))
#11 {main}
CRITICAL - 2025-02-09 19:16:19 --> CodeIgniter\Database\Exceptions\DatabaseException: Table 'ghmp_db.estate_six_month_due_dates' doesn't exist
[Method: GET, Route: api/six_months]
in SYSTEMPATH\Database\BaseConnection.php on line 692.
 1 APPPATH\Models\SixMonthsModel.php(54): CodeIgniter\Database\BaseConnection->query('SELECT \'lot\' AS asset_type, `sm`.`lot_id` AS `asset_id`, `sm`.`payment_amount`, `smdd`.`due_date`
FROM `six_months` AS `sm`
LEFT JOIN `six_months_due_dates` AS `smdd` ON `smdd`.`lot_id` = `sm`.`lot_id`
WHERE `payment_status` = \'Pending\' UNION SELECT \'estate\' AS asset_type, `esm`.`estate_id` AS `asset_id`, `esm`.`payment_amount`, `esmdd`.`due_date`
FROM `estate_six_months` AS `esm`
LEFT JOIN `estate_six_month_due_dates` AS `esmdd` ON `esmdd`.`estate_id` = `esm`.`estate_id`
WHERE `payment_status` = \'Pending\'')
 2 APPPATH\Controllers\PaymentManagementController.php(33): App\Models\SixMonthsModel->getSixMonths()
 3 SYSTEMPATH\CodeIgniter.php(933): App\Controllers\PaymentManagementController->getSixMonths()
 4 SYSTEMPATH\CodeIgniter.php(507): CodeIgniter\CodeIgniter->runController(Object(App\Controllers\PaymentManagementController))
 5 SYSTEMPATH\CodeIgniter.php(354): CodeIgniter\CodeIgniter->handleRequest(null, Object(Config\Cache), false)
 6 SYSTEMPATH\Boot.php(334): CodeIgniter\CodeIgniter->run()
 7 SYSTEMPATH\Boot.php(67): CodeIgniter\Boot::runCodeIgniter(Object(CodeIgniter\CodeIgniter))
 8 FCPATH\index.php(58): CodeIgniter\Boot::bootWeb(Object(Config\Paths))
CRITICAL - 2025-02-09 19:16:19 --> [Caused by] CodeIgniter\Database\Exceptions\DatabaseException: Table 'ghmp_db.estate_six_month_due_dates' doesn't exist
in SYSTEMPATH\Database\MySQLi\Connection.php on line 332.
 1 SYSTEMPATH\Database\BaseConnection.php(738): CodeIgniter\Database\MySQLi\Connection->execute('SELECT \'lot\' AS asset_type, `sm`.`lot_id` AS `asset_id`, `sm`.`payment_amount`, `smdd`.`due_date`
FROM `six_months` AS `sm`
LEFT JOIN `six_months_due_dates` AS `smdd` ON `smdd`.`lot_id` = `sm`.`lot_id`
WHERE `payment_status` = \'Pending\' UNION SELECT \'estate\' AS asset_type, `esm`.`estate_id` AS `asset_id`, `esm`.`payment_amount`, `esmdd`.`due_date`
FROM `estate_six_months` AS `esm`
LEFT JOIN `estate_six_month_due_dates` AS `esmdd` ON `esmdd`.`estate_id` = `esm`.`estate_id`
WHERE `payment_status` = \'Pending\'')
 2 SYSTEMPATH\Database\BaseConnection.php(652): CodeIgniter\Database\BaseConnection->simpleQuery('SELECT \'lot\' AS asset_type, `sm`.`lot_id` AS `asset_id`, `sm`.`payment_amount`, `smdd`.`due_date`
FROM `six_months` AS `sm`
LEFT JOIN `six_months_due_dates` AS `smdd` ON `smdd`.`lot_id` = `sm`.`lot_id`
WHERE `payment_status` = \'Pending\' UNION SELECT \'estate\' AS asset_type, `esm`.`estate_id` AS `asset_id`, `esm`.`payment_amount`, `esmdd`.`due_date`
FROM `estate_six_months` AS `esm`
LEFT JOIN `estate_six_month_due_dates` AS `esmdd` ON `esmdd`.`estate_id` = `esm`.`estate_id`
WHERE `payment_status` = \'Pending\'')
 3 APPPATH\Models\SixMonthsModel.php(54): CodeIgniter\Database\BaseConnection->query('SELECT \'lot\' AS asset_type, `sm`.`lot_id` AS `asset_id`, `sm`.`payment_amount`, `smdd`.`due_date`
FROM `six_months` AS `sm`
LEFT JOIN `six_months_due_dates` AS `smdd` ON `smdd`.`lot_id` = `sm`.`lot_id`
WHERE `payment_status` = \'Pending\' UNION SELECT \'estate\' AS asset_type, `esm`.`estate_id` AS `asset_id`, `esm`.`payment_amount`, `esmdd`.`due_date`
FROM `estate_six_months` AS `esm`
LEFT JOIN `estate_six_month_due_dates` AS `esmdd` ON `esmdd`.`estate_id` = `esm`.`estate_id`
WHERE `payment_status` = \'Pending\'')
 4 APPPATH\Controllers\PaymentManagementController.php(33): App\Models\SixMonthsModel->getSixMonths()
 5 SYSTEMPATH\CodeIgniter.php(933): App\Controllers\PaymentManagementController->getSixMonths()
 6 SYSTEMPATH\CodeIgniter.php(507): CodeIgniter\CodeIgniter->runController(Object(App\Controllers\PaymentManagementController))
 7 SYSTEMPATH\CodeIgniter.php(354): CodeIgniter\CodeIgniter->handleRequest(null, Object(Config\Cache), false)
 8 SYSTEMPATH\Boot.php(334): CodeIgniter\CodeIgniter->run()
 9 SYSTEMPATH\Boot.php(67): CodeIgniter\Boot::runCodeIgniter(Object(CodeIgniter\CodeIgniter))
10 FCPATH\index.php(58): CodeIgniter\Boot::bootWeb(Object(Config\Paths))
CRITICAL - 2025-02-09 19:16:19 --> [Caused by] mysqli_sql_exception: Table 'ghmp_db.estate_six_month_due_dates' doesn't exist
in SYSTEMPATH\Database\MySQLi\Connection.php on line 327.
 1 SYSTEMPATH\Database\MySQLi\Connection.php(327): mysqli->query('SELECT \'lot\' AS asset_type, `sm`.`lot_id` AS `asset_id`, `sm`.`payment_amount`, `smdd`.`due_date`
FROM `six_months` AS `sm`
LEFT JOIN `six_months_due_dates` AS `smdd` ON `smdd`.`lot_id` = `sm`.`lot_id`
WHERE `payment_status` = \'Pending\' UNION SELECT \'estate\' AS asset_type, `esm`.`estate_id` AS `asset_id`, `esm`.`payment_amount`, `esmdd`.`due_date`
FROM `estate_six_months` AS `esm`
LEFT JOIN `estate_six_month_due_dates` AS `esmdd` ON `esmdd`.`estate_id` = `esm`.`estate_id`
WHERE `payment_status` = \'Pending\'', 0)
 2 SYSTEMPATH\Database\BaseConnection.php(738): CodeIgniter\Database\MySQLi\Connection->execute('SELECT \'lot\' AS asset_type, `sm`.`lot_id` AS `asset_id`, `sm`.`payment_amount`, `smdd`.`due_date`
FROM `six_months` AS `sm`
LEFT JOIN `six_months_due_dates` AS `smdd` ON `smdd`.`lot_id` = `sm`.`lot_id`
WHERE `payment_status` = \'Pending\' UNION SELECT \'estate\' AS asset_type, `esm`.`estate_id` AS `asset_id`, `esm`.`payment_amount`, `esmdd`.`due_date`
FROM `estate_six_months` AS `esm`
LEFT JOIN `estate_six_month_due_dates` AS `esmdd` ON `esmdd`.`estate_id` = `esm`.`estate_id`
WHERE `payment_status` = \'Pending\'')
 3 SYSTEMPATH\Database\BaseConnection.php(652): CodeIgniter\Database\BaseConnection->simpleQuery('SELECT \'lot\' AS asset_type, `sm`.`lot_id` AS `asset_id`, `sm`.`payment_amount`, `smdd`.`due_date`
FROM `six_months` AS `sm`
LEFT JOIN `six_months_due_dates` AS `smdd` ON `smdd`.`lot_id` = `sm`.`lot_id`
WHERE `payment_status` = \'Pending\' UNION SELECT \'estate\' AS asset_type, `esm`.`estate_id` AS `asset_id`, `esm`.`payment_amount`, `esmdd`.`due_date`
FROM `estate_six_months` AS `esm`
LEFT JOIN `estate_six_month_due_dates` AS `esmdd` ON `esmdd`.`estate_id` = `esm`.`estate_id`
WHERE `payment_status` = \'Pending\'')
 4 APPPATH\Models\SixMonthsModel.php(54): CodeIgniter\Database\BaseConnection->query('SELECT \'lot\' AS asset_type, `sm`.`lot_id` AS `asset_id`, `sm`.`payment_amount`, `smdd`.`due_date`
FROM `six_months` AS `sm`
LEFT JOIN `six_months_due_dates` AS `smdd` ON `smdd`.`lot_id` = `sm`.`lot_id`
WHERE `payment_status` = \'Pending\' UNION SELECT \'estate\' AS asset_type, `esm`.`estate_id` AS `asset_id`, `esm`.`payment_amount`, `esmdd`.`due_date`
FROM `estate_six_months` AS `esm`
LEFT JOIN `estate_six_month_due_dates` AS `esmdd` ON `esmdd`.`estate_id` = `esm`.`estate_id`
WHERE `payment_status` = \'Pending\'')
 5 APPPATH\Controllers\PaymentManagementController.php(33): App\Models\SixMonthsModel->getSixMonths()
 6 SYSTEMPATH\CodeIgniter.php(933): App\Controllers\PaymentManagementController->getSixMonths()
 7 SYSTEMPATH\CodeIgniter.php(507): CodeIgniter\CodeIgniter->runController(Object(App\Controllers\PaymentManagementController))
 8 SYSTEMPATH\CodeIgniter.php(354): CodeIgniter\CodeIgniter->handleRequest(null, Object(Config\Cache), false)
 9 SYSTEMPATH\Boot.php(334): CodeIgniter\CodeIgniter->run()
10 SYSTEMPATH\Boot.php(67): CodeIgniter\Boot::runCodeIgniter(Object(CodeIgniter\CodeIgniter))
11 FCPATH\index.php(58): CodeIgniter\Boot::bootWeb(Object(Config\Paths))
ERROR - 2025-02-09 19:17:23 --> mysqli_sql_exception: Table 'ghmp_db.estate_six_month_due_dates' doesn't exist in C:\xampp\htdocs\ghmp-customer\system\Database\MySQLi\Connection.php:327
Stack trace:
#0 C:\xampp\htdocs\ghmp-customer\system\Database\MySQLi\Connection.php(327): mysqli->query('SELECT 'lot' AS...', 0)
#1 C:\xampp\htdocs\ghmp-customer\system\Database\BaseConnection.php(738): CodeIgniter\Database\MySQLi\Connection->execute('SELECT 'lot' AS...')
#2 C:\xampp\htdocs\ghmp-customer\system\Database\BaseConnection.php(652): CodeIgniter\Database\BaseConnection->simpleQuery('SELECT 'lot' AS...')
#3 C:\xampp\htdocs\ghmp-customer\app\Models\SixMonthsModel.php(54): CodeIgniter\Database\BaseConnection->query('SELECT 'lot' AS...')
#4 C:\xampp\htdocs\ghmp-customer\app\Controllers\PaymentManagementController.php(33): App\Models\SixMonthsModel->getSixMonths()
#5 C:\xampp\htdocs\ghmp-customer\system\CodeIgniter.php(933): App\Controllers\PaymentManagementController->getSixMonths()
#6 C:\xampp\htdocs\ghmp-customer\system\CodeIgniter.php(507): CodeIgniter\CodeIgniter->runController(Object(App\Controllers\PaymentManagementController))
#7 C:\xampp\htdocs\ghmp-customer\system\CodeIgniter.php(354): CodeIgniter\CodeIgniter->handleRequest(NULL, Object(Config\Cache), false)
#8 C:\xampp\htdocs\ghmp-customer\system\Boot.php(334): CodeIgniter\CodeIgniter->run()
#9 C:\xampp\htdocs\ghmp-customer\system\Boot.php(67): CodeIgniter\Boot::runCodeIgniter(Object(CodeIgniter\CodeIgniter))
#10 C:\xampp\htdocs\ghmp-customer\public\index.php(58): CodeIgniter\Boot::bootWeb(Object(Config\Paths))
#11 {main}
CRITICAL - 2025-02-09 19:17:23 --> CodeIgniter\Database\Exceptions\DatabaseException: Table 'ghmp_db.estate_six_month_due_dates' doesn't exist
[Method: GET, Route: api/six_months]
in SYSTEMPATH\Database\BaseConnection.php on line 692.
 1 APPPATH\Models\SixMonthsModel.php(54): CodeIgniter\Database\BaseConnection->query('SELECT \'lot\' AS asset_type, `sm`.`lot_id` AS `asset_id`, `sm`.`payment_amount`, `smdd`.`due_date`
FROM `six_months` AS `sm`
LEFT JOIN `six_months_due_dates` AS `smdd` ON `smdd`.`lot_id` = `sm`.`lot_id`
WHERE `payment_status` = \'Pending\' UNION SELECT \'estate\' AS asset_type, `esm`.`estate_id` AS `asset_id`, `esm`.`payment_amount`, `esmdd`.`due_date`
FROM `estate_six_months` AS `esm`
LEFT JOIN `estate_six_month_due_dates` AS `esmdd` ON `esmdd`.`estate_id` = `esm`.`estate_id`
WHERE `payment_status` = \'Pending\'')
 2 APPPATH\Controllers\PaymentManagementController.php(33): App\Models\SixMonthsModel->getSixMonths()
 3 SYSTEMPATH\CodeIgniter.php(933): App\Controllers\PaymentManagementController->getSixMonths()
 4 SYSTEMPATH\CodeIgniter.php(507): CodeIgniter\CodeIgniter->runController(Object(App\Controllers\PaymentManagementController))
 5 SYSTEMPATH\CodeIgniter.php(354): CodeIgniter\CodeIgniter->handleRequest(null, Object(Config\Cache), false)
 6 SYSTEMPATH\Boot.php(334): CodeIgniter\CodeIgniter->run()
 7 SYSTEMPATH\Boot.php(67): CodeIgniter\Boot::runCodeIgniter(Object(CodeIgniter\CodeIgniter))
 8 FCPATH\index.php(58): CodeIgniter\Boot::bootWeb(Object(Config\Paths))
CRITICAL - 2025-02-09 19:17:23 --> [Caused by] CodeIgniter\Database\Exceptions\DatabaseException: Table 'ghmp_db.estate_six_month_due_dates' doesn't exist
in SYSTEMPATH\Database\MySQLi\Connection.php on line 332.
 1 SYSTEMPATH\Database\BaseConnection.php(738): CodeIgniter\Database\MySQLi\Connection->execute('SELECT \'lot\' AS asset_type, `sm`.`lot_id` AS `asset_id`, `sm`.`payment_amount`, `smdd`.`due_date`
FROM `six_months` AS `sm`
LEFT JOIN `six_months_due_dates` AS `smdd` ON `smdd`.`lot_id` = `sm`.`lot_id`
WHERE `payment_status` = \'Pending\' UNION SELECT \'estate\' AS asset_type, `esm`.`estate_id` AS `asset_id`, `esm`.`payment_amount`, `esmdd`.`due_date`
FROM `estate_six_months` AS `esm`
LEFT JOIN `estate_six_month_due_dates` AS `esmdd` ON `esmdd`.`estate_id` = `esm`.`estate_id`
WHERE `payment_status` = \'Pending\'')
 2 SYSTEMPATH\Database\BaseConnection.php(652): CodeIgniter\Database\BaseConnection->simpleQuery('SELECT \'lot\' AS asset_type, `sm`.`lot_id` AS `asset_id`, `sm`.`payment_amount`, `smdd`.`due_date`
FROM `six_months` AS `sm`
LEFT JOIN `six_months_due_dates` AS `smdd` ON `smdd`.`lot_id` = `sm`.`lot_id`
WHERE `payment_status` = \'Pending\' UNION SELECT \'estate\' AS asset_type, `esm`.`estate_id` AS `asset_id`, `esm`.`payment_amount`, `esmdd`.`due_date`
FROM `estate_six_months` AS `esm`
LEFT JOIN `estate_six_month_due_dates` AS `esmdd` ON `esmdd`.`estate_id` = `esm`.`estate_id`
WHERE `payment_status` = \'Pending\'')
 3 APPPATH\Models\SixMonthsModel.php(54): CodeIgniter\Database\BaseConnection->query('SELECT \'lot\' AS asset_type, `sm`.`lot_id` AS `asset_id`, `sm`.`payment_amount`, `smdd`.`due_date`
FROM `six_months` AS `sm`
LEFT JOIN `six_months_due_dates` AS `smdd` ON `smdd`.`lot_id` = `sm`.`lot_id`
WHERE `payment_status` = \'Pending\' UNION SELECT \'estate\' AS asset_type, `esm`.`estate_id` AS `asset_id`, `esm`.`payment_amount`, `esmdd`.`due_date`
FROM `estate_six_months` AS `esm`
LEFT JOIN `estate_six_month_due_dates` AS `esmdd` ON `esmdd`.`estate_id` = `esm`.`estate_id`
WHERE `payment_status` = \'Pending\'')
 4 APPPATH\Controllers\PaymentManagementController.php(33): App\Models\SixMonthsModel->getSixMonths()
 5 SYSTEMPATH\CodeIgniter.php(933): App\Controllers\PaymentManagementController->getSixMonths()
 6 SYSTEMPATH\CodeIgniter.php(507): CodeIgniter\CodeIgniter->runController(Object(App\Controllers\PaymentManagementController))
 7 SYSTEMPATH\CodeIgniter.php(354): CodeIgniter\CodeIgniter->handleRequest(null, Object(Config\Cache), false)
 8 SYSTEMPATH\Boot.php(334): CodeIgniter\CodeIgniter->run()
 9 SYSTEMPATH\Boot.php(67): CodeIgniter\Boot::runCodeIgniter(Object(CodeIgniter\CodeIgniter))
10 FCPATH\index.php(58): CodeIgniter\Boot::bootWeb(Object(Config\Paths))
CRITICAL - 2025-02-09 19:17:23 --> [Caused by] mysqli_sql_exception: Table 'ghmp_db.estate_six_month_due_dates' doesn't exist
in SYSTEMPATH\Database\MySQLi\Connection.php on line 327.
 1 SYSTEMPATH\Database\MySQLi\Connection.php(327): mysqli->query('SELECT \'lot\' AS asset_type, `sm`.`lot_id` AS `asset_id`, `sm`.`payment_amount`, `smdd`.`due_date`
FROM `six_months` AS `sm`
LEFT JOIN `six_months_due_dates` AS `smdd` ON `smdd`.`lot_id` = `sm`.`lot_id`
WHERE `payment_status` = \'Pending\' UNION SELECT \'estate\' AS asset_type, `esm`.`estate_id` AS `asset_id`, `esm`.`payment_amount`, `esmdd`.`due_date`
FROM `estate_six_months` AS `esm`
LEFT JOIN `estate_six_month_due_dates` AS `esmdd` ON `esmdd`.`estate_id` = `esm`.`estate_id`
WHERE `payment_status` = \'Pending\'', 0)
 2 SYSTEMPATH\Database\BaseConnection.php(738): CodeIgniter\Database\MySQLi\Connection->execute('SELECT \'lot\' AS asset_type, `sm`.`lot_id` AS `asset_id`, `sm`.`payment_amount`, `smdd`.`due_date`
FROM `six_months` AS `sm`
LEFT JOIN `six_months_due_dates` AS `smdd` ON `smdd`.`lot_id` = `sm`.`lot_id`
WHERE `payment_status` = \'Pending\' UNION SELECT \'estate\' AS asset_type, `esm`.`estate_id` AS `asset_id`, `esm`.`payment_amount`, `esmdd`.`due_date`
FROM `estate_six_months` AS `esm`
LEFT JOIN `estate_six_month_due_dates` AS `esmdd` ON `esmdd`.`estate_id` = `esm`.`estate_id`
WHERE `payment_status` = \'Pending\'')
 3 SYSTEMPATH\Database\BaseConnection.php(652): CodeIgniter\Database\BaseConnection->simpleQuery('SELECT \'lot\' AS asset_type, `sm`.`lot_id` AS `asset_id`, `sm`.`payment_amount`, `smdd`.`due_date`
FROM `six_months` AS `sm`
LEFT JOIN `six_months_due_dates` AS `smdd` ON `smdd`.`lot_id` = `sm`.`lot_id`
WHERE `payment_status` = \'Pending\' UNION SELECT \'estate\' AS asset_type, `esm`.`estate_id` AS `asset_id`, `esm`.`payment_amount`, `esmdd`.`due_date`
FROM `estate_six_months` AS `esm`
LEFT JOIN `estate_six_month_due_dates` AS `esmdd` ON `esmdd`.`estate_id` = `esm`.`estate_id`
WHERE `payment_status` = \'Pending\'')
 4 APPPATH\Models\SixMonthsModel.php(54): CodeIgniter\Database\BaseConnection->query('SELECT \'lot\' AS asset_type, `sm`.`lot_id` AS `asset_id`, `sm`.`payment_amount`, `smdd`.`due_date`
FROM `six_months` AS `sm`
LEFT JOIN `six_months_due_dates` AS `smdd` ON `smdd`.`lot_id` = `sm`.`lot_id`
WHERE `payment_status` = \'Pending\' UNION SELECT \'estate\' AS asset_type, `esm`.`estate_id` AS `asset_id`, `esm`.`payment_amount`, `esmdd`.`due_date`
FROM `estate_six_months` AS `esm`
LEFT JOIN `estate_six_month_due_dates` AS `esmdd` ON `esmdd`.`estate_id` = `esm`.`estate_id`
WHERE `payment_status` = \'Pending\'')
 5 APPPATH\Controllers\PaymentManagementController.php(33): App\Models\SixMonthsModel->getSixMonths()
 6 SYSTEMPATH\CodeIgniter.php(933): App\Controllers\PaymentManagementController->getSixMonths()
 7 SYSTEMPATH\CodeIgniter.php(507): CodeIgniter\CodeIgniter->runController(Object(App\Controllers\PaymentManagementController))
 8 SYSTEMPATH\CodeIgniter.php(354): CodeIgniter\CodeIgniter->handleRequest(null, Object(Config\Cache), false)
 9 SYSTEMPATH\Boot.php(334): CodeIgniter\CodeIgniter->run()
10 SYSTEMPATH\Boot.php(67): CodeIgniter\Boot::runCodeIgniter(Object(CodeIgniter\CodeIgniter))
11 FCPATH\index.php(58): CodeIgniter\Boot::bootWeb(Object(Config\Paths))
